<?xml version="1.0" encoding="UTF-8"?>
<testsuites name="jest tests" tests="3" failures="0" errors="0" time="3.013">
  <testsuite name="Azure Embedding Service E2E Tests" errors="0" failures="0" skipped="0" timestamp="2025-08-28T16:01:58" time="2.457" tests="3">
    <testcase classname="Azure Embedding Service E2E Tests should generate embeddings for text" name="Azure Embedding Service E2E Tests should generate embeddings for text" time="0.983">
    </testcase>
    <testcase classname="Azure Embedding Service E2E Tests should store and retrieve documents with embeddings" name="Azure Embedding Service E2E Tests should store and retrieve documents with embeddings" time="0.038">
    </testcase>
    <testcase classname="Azure Embedding Service E2E Tests should perform a RAG query" name="Azure Embedding Service E2E Tests should perform a RAG query" time="0.012">
    </testcase>
  </testsuite>
</testsuites>