<testsuites id="" name="" tests="30" failures="30" skipped="0" errors="0" time="15.462748">
<testsuite name="accessibility/wcag-compliance.test.ts" timestamp="2026-01-05T17:45:39.003Z" hostname="chromium" tests="30" failures="30" skipped="0" time="0.1" errors="0">
<testcase name="Agent UI Accessibility - WCAG Compliance › Keyboard Navigation › should navigate agent list with keyboard" classname="accessibility/wcag-compliance.test.ts" time="0.003">
<failure message="wcag-compliance.test.ts:20:9 should navigate agent list with keyboard" type="FAILURE">
<![CDATA[  [chromium] › accessibility/wcag-compliance.test.ts:20:9 › Agent UI Accessibility - WCAG Compliance › Keyboard Navigation › should navigate agent list with keyboard 

    Error: browserType.launch: Executable doesn't exist at /Users/studio/Library/Caches/ms-playwright/chromium_headless_shell-1194/chrome-mac/headless_shell
    ╔═════════════════════════════════════════════════════════════════════════╗
    ║ Looks like Playwright Test or Playwright was just installed or updated. ║
    ║ Please run the following command to download new browsers:              ║
    ║                                                                         ║
    ║     npx playwright install                                              ║
    ║                                                                         ║
    ║ <3 Playwright Team                                                      ║
    ╚═════════════════════════════════════════════════════════════════════════╝
]]>
</failure>
</testcase>
<testcase name="Agent UI Accessibility - WCAG Compliance › Keyboard Navigation › should open agent details with Enter key" classname="accessibility/wcag-compliance.test.ts" time="0.005">
<failure message="wcag-compliance.test.ts:32:9 should open agent details with Enter key" type="FAILURE">
<![CDATA[  [chromium] › accessibility/wcag-compliance.test.ts:32:9 › Agent UI Accessibility - WCAG Compliance › Keyboard Navigation › should open agent details with Enter key 

    Error: browserType.launch: Executable doesn't exist at /Users/studio/Library/Caches/ms-playwright/chromium_headless_shell-1194/chrome-mac/headless_shell
    ╔═════════════════════════════════════════════════════════════════════════╗
    ║ Looks like Playwright Test or Playwright was just installed or updated. ║
    ║ Please run the following command to download new browsers:              ║
    ║                                                                         ║
    ║     npx playwright install                                              ║
    ║                                                                         ║
    ║ <3 Playwright Team                                                      ║
    ╚═════════════════════════════════════════════════════════════════════════╝
]]>
</failure>
</testcase>
<testcase name="Agent UI Accessibility - WCAG Compliance › Keyboard Navigation › should close modals with Escape key" classname="accessibility/wcag-compliance.test.ts" time="0.002">
<failure message="wcag-compliance.test.ts:44:9 should close modals with Escape key" type="FAILURE">
<![CDATA[  [chromium] › accessibility/wcag-compliance.test.ts:44:9 › Agent UI Accessibility - WCAG Compliance › Keyboard Navigation › should close modals with Escape key 

    Error: browserType.launch: Executable doesn't exist at /Users/studio/Library/Caches/ms-playwright/chromium_headless_shell-1194/chrome-mac/headless_shell
    ╔═════════════════════════════════════════════════════════════════════════╗
    ║ Looks like Playwright Test or Playwright was just installed or updated. ║
    ║ Please run the following command to download new browsers:              ║
    ║                                                                         ║
    ║     npx playwright install                                              ║
    ║                                                                         ║
    ║ <3 Playwright Team                                                      ║
    ╚═════════════════════════════════════════════════════════════════════════╝
]]>
</failure>
</testcase>
<testcase name="Agent UI Accessibility - WCAG Compliance › Keyboard Navigation › should trap focus within modal dialogs" classname="accessibility/wcag-compliance.test.ts" time="0.004">
<failure message="wcag-compliance.test.ts:55:9 should trap focus within modal dialogs" type="FAILURE">
<![CDATA[  [chromium] › accessibility/wcag-compliance.test.ts:55:9 › Agent UI Accessibility - WCAG Compliance › Keyboard Navigation › should trap focus within modal dialogs 

    Error: browserType.launch: Executable doesn't exist at /Users/studio/Library/Caches/ms-playwright/chromium_headless_shell-1194/chrome-mac/headless_shell
    ╔═════════════════════════════════════════════════════════════════════════╗
    ║ Looks like Playwright Test or Playwright was just installed or updated. ║
    ║ Please run the following command to download new browsers:              ║
    ║                                                                         ║
    ║     npx playwright install                                              ║
    ║                                                                         ║
    ║ <3 Playwright Team                                                      ║
    ╚═════════════════════════════════════════════════════════════════════════╝
]]>
</failure>
</testcase>
<testcase name="Agent UI Accessibility - WCAG Compliance › Keyboard Navigation › should provide visible focus indicators" classname="accessibility/wcag-compliance.test.ts" time="0.007">
<failure message="wcag-compliance.test.ts:74:9 should provide visible focus indicators" type="FAILURE">
<![CDATA[  [chromium] › accessibility/wcag-compliance.test.ts:74:9 › Agent UI Accessibility - WCAG Compliance › Keyboard Navigation › should provide visible focus indicators 

    Error: browserType.launch: Executable doesn't exist at /Users/studio/Library/Caches/ms-playwright/chromium_headless_shell-1194/chrome-mac/headless_shell
    ╔═════════════════════════════════════════════════════════════════════════╗
    ║ Looks like Playwright Test or Playwright was just installed or updated. ║
    ║ Please run the following command to download new browsers:              ║
    ║                                                                         ║
    ║     npx playwright install                                              ║
    ║                                                                         ║
    ║ <3 Playwright Team                                                      ║
    ╚═════════════════════════════════════════════════════════════════════════╝
]]>
</failure>
</testcase>
<testcase name="Agent UI Accessibility - WCAG Compliance › Screen Reader Support › should have proper ARIA labels on interactive elements" classname="accessibility/wcag-compliance.test.ts" time="0.001">
<failure message="wcag-compliance.test.ts:88:9 should have proper ARIA labels on interactive elements" type="FAILURE">
<![CDATA[  [chromium] › accessibility/wcag-compliance.test.ts:88:9 › Agent UI Accessibility - WCAG Compliance › Screen Reader Support › should have proper ARIA labels on interactive elements 

    Error: browserType.launch: Executable doesn't exist at /Users/studio/Library/Caches/ms-playwright/chromium_headless_shell-1194/chrome-mac/headless_shell
    ╔═════════════════════════════════════════════════════════════════════════╗
    ║ Looks like Playwright Test or Playwright was just installed or updated. ║
    ║ Please run the following command to download new browsers:              ║
    ║                                                                         ║
    ║     npx playwright install                                              ║
    ║                                                                         ║
    ║ <3 Playwright Team                                                      ║
    ╚═════════════════════════════════════════════════════════════════════════╝
]]>
</failure>
</testcase>
<testcase name="Agent UI Accessibility - WCAG Compliance › Screen Reader Support › should have proper heading hierarchy" classname="accessibility/wcag-compliance.test.ts" time="0.005">
<failure message="wcag-compliance.test.ts:102:9 should have proper heading hierarchy" type="FAILURE">
<![CDATA[  [chromium] › accessibility/wcag-compliance.test.ts:102:9 › Agent UI Accessibility - WCAG Compliance › Screen Reader Support › should have proper heading hierarchy 

    Error: browserType.launch: Executable doesn't exist at /Users/studio/Library/Caches/ms-playwright/chromium_headless_shell-1194/chrome-mac/headless_shell
    ╔═════════════════════════════════════════════════════════════════════════╗
    ║ Looks like Playwright Test or Playwright was just installed or updated. ║
    ║ Please run the following command to download new browsers:              ║
    ║                                                                         ║
    ║     npx playwright install                                              ║
    ║                                                                         ║
    ║ <3 Playwright Team                                                      ║
    ╚═════════════════════════════════════════════════════════════════════════╝
]]>
</failure>
</testcase>
<testcase name="Agent UI Accessibility - WCAG Compliance › Screen Reader Support › should have meaningful link text" classname="accessibility/wcag-compliance.test.ts" time="0.005">
<failure message="wcag-compliance.test.ts:117:9 should have meaningful link text" type="FAILURE">
<![CDATA[  [chromium] › accessibility/wcag-compliance.test.ts:117:9 › Agent UI Accessibility - WCAG Compliance › Screen Reader Support › should have meaningful link text 

    Error: browserType.launch: Executable doesn't exist at /Users/studio/Library/Caches/ms-playwright/chromium_headless_shell-1194/chrome-mac/headless_shell
    ╔═════════════════════════════════════════════════════════════════════════╗
    ║ Looks like Playwright Test or Playwright was just installed or updated. ║
    ║ Please run the following command to download new browsers:              ║
    ║                                                                         ║
    ║     npx playwright install                                              ║
    ║                                                                         ║
    ║ <3 Playwright Team                                                      ║
    ╚═════════════════════════════════════════════════════════════════════════╝
]]>
</failure>
</testcase>
<testcase name="Agent UI Accessibility - WCAG Compliance › Screen Reader Support › should have alt text for images" classname="accessibility/wcag-compliance.test.ts" time="0.005">
<failure message="wcag-compliance.test.ts:132:9 should have alt text for images" type="FAILURE">
<![CDATA[  [chromium] › accessibility/wcag-compliance.test.ts:132:9 › Agent UI Accessibility - WCAG Compliance › Screen Reader Support › should have alt text for images 

    Error: browserType.launch: Executable doesn't exist at /Users/studio/Library/Caches/ms-playwright/chromium_headless_shell-1194/chrome-mac/headless_shell
    ╔═════════════════════════════════════════════════════════════════════════╗
    ║ Looks like Playwright Test or Playwright was just installed or updated. ║
    ║ Please run the following command to download new browsers:              ║
    ║                                                                         ║
    ║     npx playwright install                                              ║
    ║                                                                         ║
    ║ <3 Playwright Team                                                      ║
    ╚═════════════════════════════════════════════════════════════════════════╝
]]>
</failure>
</testcase>
<testcase name="Agent UI Accessibility - WCAG Compliance › Screen Reader Support › should have proper form labels" classname="accessibility/wcag-compliance.test.ts" time="0.002">
<failure message="wcag-compliance.test.ts:146:9 should have proper form labels" type="FAILURE">
<![CDATA[  [chromium] › accessibility/wcag-compliance.test.ts:146:9 › Agent UI Accessibility - WCAG Compliance › Screen Reader Support › should have proper form labels 

    Error: browserType.launch: Executable doesn't exist at /Users/studio/Library/Caches/ms-playwright/chromium_headless_shell-1194/chrome-mac/headless_shell
    ╔═════════════════════════════════════════════════════════════════════════╗
    ║ Looks like Playwright Test or Playwright was just installed or updated. ║
    ║ Please run the following command to download new browsers:              ║
    ║                                                                         ║
    ║     npx playwright install                                              ║
    ║                                                                         ║
    ║ <3 Playwright Team                                                      ║
    ╚═════════════════════════════════════════════════════════════════════════╝
]]>
</failure>
</testcase>
<testcase name="Agent UI Accessibility - WCAG Compliance › Screen Reader Support › should announce dynamic content updates" classname="accessibility/wcag-compliance.test.ts" time="0.005">
<failure message="wcag-compliance.test.ts:167:9 should announce dynamic content updates" type="FAILURE">
<![CDATA[  [chromium] › accessibility/wcag-compliance.test.ts:167:9 › Agent UI Accessibility - WCAG Compliance › Screen Reader Support › should announce dynamic content updates 

    Error: browserType.launch: Executable doesn't exist at /Users/studio/Library/Caches/ms-playwright/chromium_headless_shell-1194/chrome-mac/headless_shell
    ╔═════════════════════════════════════════════════════════════════════════╗
    ║ Looks like Playwright Test or Playwright was just installed or updated. ║
    ║ Please run the following command to download new browsers:              ║
    ║                                                                         ║
    ║     npx playwright install                                              ║
    ║                                                                         ║
    ║ <3 Playwright Team                                                      ║
    ╚═════════════════════════════════════════════════════════════════════════╝
]]>
</failure>
</testcase>
<testcase name="Agent UI Accessibility - WCAG Compliance › Color Contrast › should meet WCAG AA contrast ratios" classname="accessibility/wcag-compliance.test.ts" time="0.003">
<failure message="wcag-compliance.test.ts:182:9 should meet WCAG AA contrast ratios" type="FAILURE">
<![CDATA[  [chromium] › accessibility/wcag-compliance.test.ts:182:9 › Agent UI Accessibility - WCAG Compliance › Color Contrast › should meet WCAG AA contrast ratios 

    Error: browserType.launch: Executable doesn't exist at /Users/studio/Library/Caches/ms-playwright/chromium_headless_shell-1194/chrome-mac/headless_shell
    ╔═════════════════════════════════════════════════════════════════════════╗
    ║ Looks like Playwright Test or Playwright was just installed or updated. ║
    ║ Please run the following command to download new browsers:              ║
    ║                                                                         ║
    ║     npx playwright install                                              ║
    ║                                                                         ║
    ║ <3 Playwright Team                                                      ║
    ╚═════════════════════════════════════════════════════════════════════════╝
]]>
</failure>
</testcase>
<testcase name="Agent UI Accessibility - WCAG Compliance › Color Contrast › should be readable in high contrast mode" classname="accessibility/wcag-compliance.test.ts" time="0.002">
<failure message="wcag-compliance.test.ts:195:9 should be readable in high contrast mode" type="FAILURE">
<![CDATA[  [chromium] › accessibility/wcag-compliance.test.ts:195:9 › Agent UI Accessibility - WCAG Compliance › Color Contrast › should be readable in high contrast mode 

    Error: browserType.launch: Executable doesn't exist at /Users/studio/Library/Caches/ms-playwright/chromium_headless_shell-1194/chrome-mac/headless_shell
    ╔═════════════════════════════════════════════════════════════════════════╗
    ║ Looks like Playwright Test or Playwright was just installed or updated. ║
    ║ Please run the following command to download new browsers:              ║
    ║                                                                         ║
    ║     npx playwright install                                              ║
    ║                                                                         ║
    ║ <3 Playwright Team                                                      ║
    ╚═════════════════════════════════════════════════════════════════════════╝
]]>
</failure>
</testcase>
<testcase name="Agent UI Accessibility - WCAG Compliance › Color Contrast › should not rely on color alone for information" classname="accessibility/wcag-compliance.test.ts" time="0.004">
<failure message="wcag-compliance.test.ts:205:9 should not rely on color alone for information" type="FAILURE">
<![CDATA[  [chromium] › accessibility/wcag-compliance.test.ts:205:9 › Agent UI Accessibility - WCAG Compliance › Color Contrast › should not rely on color alone for information 

    Error: browserType.launch: Executable doesn't exist at /Users/studio/Library/Caches/ms-playwright/chromium_headless_shell-1194/chrome-mac/headless_shell
    ╔═════════════════════════════════════════════════════════════════════════╗
    ║ Looks like Playwright Test or Playwright was just installed or updated. ║
    ║ Please run the following command to download new browsers:              ║
    ║                                                                         ║
    ║     npx playwright install                                              ║
    ║                                                                         ║
    ║ <3 Playwright Team                                                      ║
    ╚═════════════════════════════════════════════════════════════════════════╝
]]>
</failure>
</testcase>
<testcase name="Agent UI Accessibility - WCAG Compliance › Form Accessibility › should provide error messages for invalid inputs" classname="accessibility/wcag-compliance.test.ts" time="0.006">
<failure message="wcag-compliance.test.ts:222:9 should provide error messages for invalid inputs" type="FAILURE">
<![CDATA[  [chromium] › accessibility/wcag-compliance.test.ts:222:9 › Agent UI Accessibility - WCAG Compliance › Form Accessibility › should provide error messages for invalid inputs 

    Error: browserType.launch: Executable doesn't exist at /Users/studio/Library/Caches/ms-playwright/chromium_headless_shell-1194/chrome-mac/headless_shell
    ╔═════════════════════════════════════════════════════════════════════════╗
    ║ Looks like Playwright Test or Playwright was just installed or updated. ║
    ║ Please run the following command to download new browsers:              ║
    ║                                                                         ║
    ║     npx playwright install                                              ║
    ║                                                                         ║
    ║ <3 Playwright Team                                                      ║
    ╚═════════════════════════════════════════════════════════════════════════╝
]]>
</failure>
</testcase>
<testcase name="Agent UI Accessibility - WCAG Compliance › Form Accessibility › should have required field indicators" classname="accessibility/wcag-compliance.test.ts" time="0.003">
<failure message="wcag-compliance.test.ts:235:9 should have required field indicators" type="FAILURE">
<![CDATA[  [chromium] › accessibility/wcag-compliance.test.ts:235:9 › Agent UI Accessibility - WCAG Compliance › Form Accessibility › should have required field indicators 

    Error: browserType.launch: Executable doesn't exist at /Users/studio/Library/Caches/ms-playwright/chromium_headless_shell-1194/chrome-mac/headless_shell
    ╔═════════════════════════════════════════════════════════════════════════╗
    ║ Looks like Playwright Test or Playwright was just installed or updated. ║
    ║ Please run the following command to download new browsers:              ║
    ║                                                                         ║
    ║     npx playwright install                                              ║
    ║                                                                         ║
    ║ <3 Playwright Team                                                      ║
    ╚═════════════════════════════════════════════════════════════════════════╝
]]>
</failure>
</testcase>
<testcase name="Agent UI Accessibility - WCAG Compliance › Form Accessibility › should provide input format hints" classname="accessibility/wcag-compliance.test.ts" time="0.003">
<failure message="wcag-compliance.test.ts:249:9 should provide input format hints" type="FAILURE">
<![CDATA[  [chromium] › accessibility/wcag-compliance.test.ts:249:9 › Agent UI Accessibility - WCAG Compliance › Form Accessibility › should provide input format hints 

    Error: browserType.launch: Executable doesn't exist at /Users/studio/Library/Caches/ms-playwright/chromium_headless_shell-1194/chrome-mac/headless_shell
    ╔═════════════════════════════════════════════════════════════════════════╗
    ║ Looks like Playwright Test or Playwright was just installed or updated. ║
    ║ Please run the following command to download new browsers:              ║
    ║                                                                         ║
    ║     npx playwright install                                              ║
    ║                                                                         ║
    ║ <3 Playwright Team                                                      ║
    ╚═════════════════════════════════════════════════════════════════════════╝
]]>
</failure>
</testcase>
<testcase name="Agent UI Accessibility - WCAG Compliance › Interactive Element Accessibility › should have sufficient touch target sizes" classname="accessibility/wcag-compliance.test.ts" time="0.002">
<failure message="wcag-compliance.test.ts:265:9 should have sufficient touch target sizes" type="FAILURE">
<![CDATA[  [chromium] › accessibility/wcag-compliance.test.ts:265:9 › Agent UI Accessibility - WCAG Compliance › Interactive Element Accessibility › should have sufficient touch target sizes 

    Error: browserType.launch: Executable doesn't exist at /Users/studio/Library/Caches/ms-playwright/chromium_headless_shell-1194/chrome-mac/headless_shell
    ╔═════════════════════════════════════════════════════════════════════════╗
    ║ Looks like Playwright Test or Playwright was just installed or updated. ║
    ║ Please run the following command to download new browsers:              ║
    ║                                                                         ║
    ║     npx playwright install                                              ║
    ║                                                                         ║
    ║ <3 Playwright Team                                                      ║
    ╚═════════════════════════════════════════════════════════════════════════╝
]]>
</failure>
</testcase>
<testcase name="Agent UI Accessibility - WCAG Compliance › Interactive Element Accessibility › should indicate loading states" classname="accessibility/wcag-compliance.test.ts" time="0.004">
<failure message="wcag-compliance.test.ts:281:9 should indicate loading states" type="FAILURE">
<![CDATA[  [chromium] › accessibility/wcag-compliance.test.ts:281:9 › Agent UI Accessibility - WCAG Compliance › Interactive Element Accessibility › should indicate loading states 

    Error: browserType.launch: Executable doesn't exist at /Users/studio/Library/Caches/ms-playwright/chromium_headless_shell-1194/chrome-mac/headless_shell
    ╔═════════════════════════════════════════════════════════════════════════╗
    ║ Looks like Playwright Test or Playwright was just installed or updated. ║
    ║ Please run the following command to download new browsers:              ║
    ║                                                                         ║
    ║     npx playwright install                                              ║
    ║                                                                         ║
    ║ <3 Playwright Team                                                      ║
    ╚═════════════════════════════════════════════════════════════════════════╝
]]>
</failure>
</testcase>
<testcase name="Agent UI Accessibility - WCAG Compliance › Interactive Element Accessibility › should disable actions during processing" classname="accessibility/wcag-compliance.test.ts" time="0.003">
<failure message="wcag-compliance.test.ts:300:9 should disable actions during processing" type="FAILURE">
<![CDATA[  [chromium] › accessibility/wcag-compliance.test.ts:300:9 › Agent UI Accessibility - WCAG Compliance › Interactive Element Accessibility › should disable actions during processing 

    Error: browserType.launch: Executable doesn't exist at /Users/studio/Library/Caches/ms-playwright/chromium_headless_shell-1194/chrome-mac/headless_shell
    ╔═════════════════════════════════════════════════════════════════════════╗
    ║ Looks like Playwright Test or Playwright was just installed or updated. ║
    ║ Please run the following command to download new browsers:              ║
    ║                                                                         ║
    ║     npx playwright install                                              ║
    ║                                                                         ║
    ║ <3 Playwright Team                                                      ║
    ╚═════════════════════════════════════════════════════════════════════════╝
]]>
</failure>
</testcase>
<testcase name="Agent UI Accessibility - WCAG Compliance › Motion and Animation › should respect prefers-reduced-motion" classname="accessibility/wcag-compliance.test.ts" time="0.006">
<failure message="wcag-compliance.test.ts:317:9 should respect prefers-reduced-motion" type="FAILURE">
<![CDATA[  [chromium] › accessibility/wcag-compliance.test.ts:317:9 › Agent UI Accessibility - WCAG Compliance › Motion and Animation › should respect prefers-reduced-motion 

    Error: browserType.launch: Executable doesn't exist at /Users/studio/Library/Caches/ms-playwright/chromium_headless_shell-1194/chrome-mac/headless_shell
    ╔═════════════════════════════════════════════════════════════════════════╗
    ║ Looks like Playwright Test or Playwright was just installed or updated. ║
    ║ Please run the following command to download new browsers:              ║
    ║                                                                         ║
    ║     npx playwright install                                              ║
    ║                                                                         ║
    ║ <3 Playwright Team                                                      ║
    ╚═════════════════════════════════════════════════════════════════════════╝
]]>
</failure>
</testcase>
<testcase name="Agent UI Accessibility - WCAG Compliance › Motion and Animation › should not have content that flashes more than 3 times per second" classname="accessibility/wcag-compliance.test.ts" time="0.003">
<failure message="wcag-compliance.test.ts:338:9 should not have content that flashes more than 3 times per second" type="FAILURE">
<![CDATA[  [chromium] › accessibility/wcag-compliance.test.ts:338:9 › Agent UI Accessibility - WCAG Compliance › Motion and Animation › should not have content that flashes more than 3 times per second 

    Error: browserType.launch: Executable doesn't exist at /Users/studio/Library/Caches/ms-playwright/chromium_headless_shell-1194/chrome-mac/headless_shell
    ╔═════════════════════════════════════════════════════════════════════════╗
    ║ Looks like Playwright Test or Playwright was just installed or updated. ║
    ║ Please run the following command to download new browsers:              ║
    ║                                                                         ║
    ║     npx playwright install                                              ║
    ║                                                                         ║
    ║ <3 Playwright Team                                                      ║
    ╚═════════════════════════════════════════════════════════════════════════╝
]]>
</failure>
</testcase>
<testcase name="Agent UI Accessibility - WCAG Compliance › Comprehensive Accessibility Audit › should pass axe-core accessibility audit - agent list" classname="accessibility/wcag-compliance.test.ts" time="0.004">
<failure message="wcag-compliance.test.ts:349:9 should pass axe-core accessibility audit - agent list" type="FAILURE">
<![CDATA[  [chromium] › accessibility/wcag-compliance.test.ts:349:9 › Agent UI Accessibility - WCAG Compliance › Comprehensive Accessibility Audit › should pass axe-core accessibility audit - agent list 

    Error: browserType.launch: Executable doesn't exist at /Users/studio/Library/Caches/ms-playwright/chromium_headless_shell-1194/chrome-mac/headless_shell
    ╔═════════════════════════════════════════════════════════════════════════╗
    ║ Looks like Playwright Test or Playwright was just installed or updated. ║
    ║ Please run the following command to download new browsers:              ║
    ║                                                                         ║
    ║     npx playwright install                                              ║
    ║                                                                         ║
    ║ <3 Playwright Team                                                      ║
    ╚═════════════════════════════════════════════════════════════════════════╝
]]>
</failure>
</testcase>
<testcase name="Agent UI Accessibility - WCAG Compliance › Comprehensive Accessibility Audit › should pass axe-core accessibility audit - agent creation" classname="accessibility/wcag-compliance.test.ts" time="0.002">
<failure message="wcag-compliance.test.ts:364:9 should pass axe-core accessibility audit - agent creation" type="FAILURE">
<![CDATA[  [chromium] › accessibility/wcag-compliance.test.ts:364:9 › Agent UI Accessibility - WCAG Compliance › Comprehensive Accessibility Audit › should pass axe-core accessibility audit - agent creation 

    Error: browserType.launch: Executable doesn't exist at /Users/studio/Library/Caches/ms-playwright/chromium_headless_shell-1194/chrome-mac/headless_shell
    ╔═════════════════════════════════════════════════════════════════════════╗
    ║ Looks like Playwright Test or Playwright was just installed or updated. ║
    ║ Please run the following command to download new browsers:              ║
    ║                                                                         ║
    ║     npx playwright install                                              ║
    ║                                                                         ║
    ║ <3 Playwright Team                                                      ║
    ╚═════════════════════════════════════════════════════════════════════════╝
]]>
</failure>
</testcase>
<testcase name="Agent UI Accessibility - WCAG Compliance › Comprehensive Accessibility Audit › should pass axe-core accessibility audit - agent detail" classname="accessibility/wcag-compliance.test.ts" time="0.002">
<failure message="wcag-compliance.test.ts:379:9 should pass axe-core accessibility audit - agent detail" type="FAILURE">
<![CDATA[  [chromium] › accessibility/wcag-compliance.test.ts:379:9 › Agent UI Accessibility - WCAG Compliance › Comprehensive Accessibility Audit › should pass axe-core accessibility audit - agent detail 

    Error: browserType.launch: Executable doesn't exist at /Users/studio/Library/Caches/ms-playwright/chromium_headless_shell-1194/chrome-mac/headless_shell
    ╔═════════════════════════════════════════════════════════════════════════╗
    ║ Looks like Playwright Test or Playwright was just installed or updated. ║
    ║ Please run the following command to download new browsers:              ║
    ║                                                                         ║
    ║     npx playwright install                                              ║
    ║                                                                         ║
    ║ <3 Playwright Team                                                      ║
    ╚═════════════════════════════════════════════════════════════════════════╝
]]>
</failure>
</testcase>
<testcase name="Agent UI Accessibility - WCAG Compliance › Language and Localization › should have lang attribute on html element" classname="accessibility/wcag-compliance.test.ts" time="0.002">
<failure message="wcag-compliance.test.ts:399:9 should have lang attribute on html element" type="FAILURE">
<![CDATA[  [chromium] › accessibility/wcag-compliance.test.ts:399:9 › Agent UI Accessibility - WCAG Compliance › Language and Localization › should have lang attribute on html element 

    Error: browserType.launch: Executable doesn't exist at /Users/studio/Library/Caches/ms-playwright/chromium_headless_shell-1194/chrome-mac/headless_shell
    ╔═════════════════════════════════════════════════════════════════════════╗
    ║ Looks like Playwright Test or Playwright was just installed or updated. ║
    ║ Please run the following command to download new browsers:              ║
    ║                                                                         ║
    ║     npx playwright install                                              ║
    ║                                                                         ║
    ║ <3 Playwright Team                                                      ║
    ╚═════════════════════════════════════════════════════════════════════════╝
]]>
</failure>
</testcase>
<testcase name="Agent UI Accessibility - WCAG Compliance › Language and Localization › should have proper text directionality" classname="accessibility/wcag-compliance.test.ts" time="0.002">
<failure message="wcag-compliance.test.ts:406:9 should have proper text directionality" type="FAILURE">
<![CDATA[  [chromium] › accessibility/wcag-compliance.test.ts:406:9 › Agent UI Accessibility - WCAG Compliance › Language and Localization › should have proper text directionality 

    Error: browserType.launch: Executable doesn't exist at /Users/studio/Library/Caches/ms-playwright/chromium_headless_shell-1194/chrome-mac/headless_shell
    ╔═════════════════════════════════════════════════════════════════════════╗
    ║ Looks like Playwright Test or Playwright was just installed or updated. ║
    ║ Please run the following command to download new browsers:              ║
    ║                                                                         ║
    ║     npx playwright install                                              ║
    ║                                                                         ║
    ║ <3 Playwright Team                                                      ║
    ╚═════════════════════════════════════════════════════════════════════════╝
]]>
</failure>
</testcase>
<testcase name="Agent UI Accessibility - WCAG Compliance › Semantic HTML › should use semantic landmark regions" classname="accessibility/wcag-compliance.test.ts" time="0.002">
<failure message="wcag-compliance.test.ts:416:9 should use semantic landmark regions" type="FAILURE">
<![CDATA[  [chromium] › accessibility/wcag-compliance.test.ts:416:9 › Agent UI Accessibility - WCAG Compliance › Semantic HTML › should use semantic landmark regions 

    Error: browserType.launch: Executable doesn't exist at /Users/studio/Library/Caches/ms-playwright/chromium_headless_shell-1194/chrome-mac/headless_shell
    ╔═════════════════════════════════════════════════════════════════════════╗
    ║ Looks like Playwright Test or Playwright was just installed or updated. ║
    ║ Please run the following command to download new browsers:              ║
    ║                                                                         ║
    ║     npx playwright install                                              ║
    ║                                                                         ║
    ║ <3 Playwright Team                                                      ║
    ╚═════════════════════════════════════════════════════════════════════════╝
]]>
</failure>
</testcase>
<testcase name="Agent UI Accessibility - WCAG Compliance › Semantic HTML › should use lists for list content" classname="accessibility/wcag-compliance.test.ts" time="0.001">
<failure message="wcag-compliance.test.ts:425:9 should use lists for list content" type="FAILURE">
<![CDATA[  [chromium] › accessibility/wcag-compliance.test.ts:425:9 › Agent UI Accessibility - WCAG Compliance › Semantic HTML › should use lists for list content 

    Error: browserType.launch: Executable doesn't exist at /Users/studio/Library/Caches/ms-playwright/chromium_headless_shell-1194/chrome-mac/headless_shell
    ╔═════════════════════════════════════════════════════════════════════════╗
    ║ Looks like Playwright Test or Playwright was just installed or updated. ║
    ║ Please run the following command to download new browsers:              ║
    ║                                                                         ║
    ║     npx playwright install                                              ║
    ║                                                                         ║
    ║ <3 Playwright Team                                                      ║
    ╚═════════════════════════════════════════════════════════════════════════╝
]]>
</failure>
</testcase>
<testcase name="Agent UI Accessibility - WCAG Compliance › Semantic HTML › should use semantic buttons and links appropriately" classname="accessibility/wcag-compliance.test.ts" time="0.002">
<failure message="wcag-compliance.test.ts:437:9 should use semantic buttons and links appropriately" type="FAILURE">
<![CDATA[  [chromium] › accessibility/wcag-compliance.test.ts:437:9 › Agent UI Accessibility - WCAG Compliance › Semantic HTML › should use semantic buttons and links appropriately 

    Error: browserType.launch: Executable doesn't exist at /Users/studio/Library/Caches/ms-playwright/chromium_headless_shell-1194/chrome-mac/headless_shell
    ╔═════════════════════════════════════════════════════════════════════════╗
    ║ Looks like Playwright Test or Playwright was just installed or updated. ║
    ║ Please run the following command to download new browsers:              ║
    ║                                                                         ║
    ║     npx playwright install                                              ║
    ║                                                                         ║
    ║ <3 Playwright Team                                                      ║
    ╚═════════════════════════════════════════════════════════════════════════╝
]]>
</failure>
</testcase>
</testsuite>
</testsuites>