<testsuites id="" name="" tests="15" failures="5" skipped="0" errors="0" time="2.6159049999999997">
<testsuite name="simple-test.spec.ts" timestamp="2025-08-21T23:34:40.469Z" hostname="chromium" tests="3" failures="1" skipped="0" time="3.625" errors="0">
<testcase name="Simple Tests › should access the health endpoint" classname="simple-test.spec.ts" time="1.679">
<failure message="simple-test.spec.ts:7:7 should access the health endpoint" type="FAILURE">
<![CDATA[  [chromium] › simple-test.spec.ts:7:7 › Simple Tests › should access the health endpoint ──────────

    Error: expect(received).toBeTruthy()

    Received: false

       9 |     const response = await request.get('/api/health');
      10 |     
    > 11 |     expect(response.ok()).toBeTruthy();
         |                           ^
      12 |     
      13 |     const healthData = await response.json();
      14 |     console.log('Health data:', healthData);
        at /Users/studio/Documents/vibecode-webgui/tests/e2e/simple-test.spec.ts:11:27
]]>
</failure>
</testcase>
<testcase name="Simple Tests › should access the database test endpoint" classname="simple-test.spec.ts" time="0.958">
<system-out>
<![CDATA[Database test data: {
  status: [32m'success'[39m,
  message: [32m'Database connection working'[39m,
  result: [ { test: [33m1[39m } ],
  timestamp: [32m'2025-08-21T23:34:42.051Z'[39m
}
]]>
</system-out>
</testcase>
<testcase name="Simple Tests › should handle 404 for invalid endpoints" classname="simple-test.spec.ts" time="0.988">
</testcase>
</testsuite>
<testsuite name="simple-test.spec.ts" timestamp="2025-08-21T23:34:40.469Z" hostname="firefox" tests="3" failures="1" skipped="0" time="3.795" errors="0">
<testcase name="Simple Tests › should access the health endpoint" classname="simple-test.spec.ts" time="1.812">
<failure message="simple-test.spec.ts:7:7 should access the health endpoint" type="FAILURE">
<![CDATA[  [firefox] › simple-test.spec.ts:7:7 › Simple Tests › should access the health endpoint ───────────

    Error: expect(received).toBeTruthy()

    Received: false

       9 |     const response = await request.get('/api/health');
      10 |     
    > 11 |     expect(response.ok()).toBeTruthy();
         |                           ^
      12 |     
      13 |     const healthData = await response.json();
      14 |     console.log('Health data:', healthData);
        at /Users/studio/Documents/vibecode-webgui/tests/e2e/simple-test.spec.ts:11:27
]]>
</failure>
</testcase>
<testcase name="Simple Tests › should access the database test endpoint" classname="simple-test.spec.ts" time="0.975">
<system-out>
<![CDATA[Database test data: {
  status: [32m'success'[39m,
  message: [32m'Database connection working'[39m,
  result: [ { test: [33m1[39m } ],
  timestamp: [32m'2025-08-21T23:34:42.046Z'[39m
}
]]>
</system-out>
</testcase>
<testcase name="Simple Tests › should handle 404 for invalid endpoints" classname="simple-test.spec.ts" time="1.008">
</testcase>
</testsuite>
<testsuite name="simple-test.spec.ts" timestamp="2025-08-21T23:34:40.469Z" hostname="webkit" tests="3" failures="1" skipped="0" time="3.485" errors="0">
<testcase name="Simple Tests › should access the health endpoint" classname="simple-test.spec.ts" time="1.544">
<failure message="simple-test.spec.ts:7:7 should access the health endpoint" type="FAILURE">
<![CDATA[  [webkit] › simple-test.spec.ts:7:7 › Simple Tests › should access the health endpoint ────────────

    Error: expect(received).toBeTruthy()

    Received: false

       9 |     const response = await request.get('/api/health');
      10 |     
    > 11 |     expect(response.ok()).toBeTruthy();
         |                           ^
      12 |     
      13 |     const healthData = await response.json();
      14 |     console.log('Health data:', healthData);
        at /Users/studio/Documents/vibecode-webgui/tests/e2e/simple-test.spec.ts:11:27
]]>
</failure>
</testcase>
<testcase name="Simple Tests › should access the database test endpoint" classname="simple-test.spec.ts" time="0.96">
<system-out>
<![CDATA[Database test data: {
  status: [32m'success'[39m,
  message: [32m'Database connection working'[39m,
  result: [ { test: [33m1[39m } ],
  timestamp: [32m'2025-08-21T23:34:42.052Z'[39m
}
]]>
</system-out>
</testcase>
<testcase name="Simple Tests › should handle 404 for invalid endpoints" classname="simple-test.spec.ts" time="0.981">
</testcase>
</testsuite>
<testsuite name="simple-test.spec.ts" timestamp="2025-08-21T23:34:40.469Z" hostname="Mobile Chrome" tests="3" failures="1" skipped="0" time="3.711" errors="0">
<testcase name="Simple Tests › should access the health endpoint" classname="simple-test.spec.ts" time="1.767">
<failure message="simple-test.spec.ts:7:7 should access the health endpoint" type="FAILURE">
<![CDATA[  [Mobile Chrome] › simple-test.spec.ts:7:7 › Simple Tests › should access the health endpoint ─────

    Error: expect(received).toBeTruthy()

    Received: false

       9 |     const response = await request.get('/api/health');
      10 |     
    > 11 |     expect(response.ok()).toBeTruthy();
         |                           ^
      12 |     
      13 |     const healthData = await response.json();
      14 |     console.log('Health data:', healthData);
        at /Users/studio/Documents/vibecode-webgui/tests/e2e/simple-test.spec.ts:11:27
]]>
</failure>
</testcase>
<testcase name="Simple Tests › should access the database test endpoint" classname="simple-test.spec.ts" time="0.96">
<system-out>
<![CDATA[Database test data: {
  status: [32m'success'[39m,
  message: [32m'Database connection working'[39m,
  result: [ { test: [33m1[39m } ],
  timestamp: [32m'2025-08-21T23:34:42.049Z'[39m
}
]]>
</system-out>
</testcase>
<testcase name="Simple Tests › should handle 404 for invalid endpoints" classname="simple-test.spec.ts" time="0.984">
</testcase>
</testsuite>
<testsuite name="simple-test.spec.ts" timestamp="2025-08-21T23:34:40.469Z" hostname="Mobile Safari" tests="3" failures="1" skipped="0" time="0.67" errors="0">
<testcase name="Simple Tests › should access the health endpoint" classname="simple-test.spec.ts" time="0.517">
<failure message="simple-test.spec.ts:7:7 should access the health endpoint" type="FAILURE">
<![CDATA[  [Mobile Safari] › simple-test.spec.ts:7:7 › Simple Tests › should access the health endpoint ─────

    Error: expect(received).toBeTruthy()

    Received: false

       9 |     const response = await request.get('/api/health');
      10 |     
    > 11 |     expect(response.ok()).toBeTruthy();
         |                           ^
      12 |     
      13 |     const healthData = await response.json();
      14 |     console.log('Health data:', healthData);
        at /Users/studio/Documents/vibecode-webgui/tests/e2e/simple-test.spec.ts:11:27
]]>
</failure>
</testcase>
<testcase name="Simple Tests › should access the database test endpoint" classname="simple-test.spec.ts" time="0.066">
<system-out>
<![CDATA[Database test data: {
  status: [32m'success'[39m,
  message: [32m'Database connection working'[39m,
  result: [ { test: [33m1[39m } ],
  timestamp: [32m'2025-08-21T23:34:42.477Z'[39m
}
]]>
</system-out>
</testcase>
<testcase name="Simple Tests › should handle 404 for invalid endpoints" classname="simple-test.spec.ts" time="0.087">
</testcase>
</testsuite>
</testsuites>