<?xml version="1.0" encoding="UTF-8"?>
<testsuites name="jest tests" tests="10" failures="1" errors="0" time="4.637">
  <testsuite name="File Operations Integration Tests" errors="0" failures="1" skipped="9" timestamp="2025-09-17T17:30:15" time="3.41" tests="10">
    <testcase classname="File Operations Integration Tests End-to-End File Management should handle complete file lifecycle with all components" name="File Operations Integration Tests End-to-End File Management should handle complete file lifecycle with all components" time="0">
      <skipped/>
    </testcase>
    <testcase classname="File Operations Integration Tests End-to-End File Management should handle large file operations with chunked loading" name="File Operations Integration Tests End-to-End File Management should handle large file operations with chunked loading" time="0">
      <skipped/>
    </testcase>
    <testcase classname="File Operations Integration Tests Real-time Collaboration Simulation should handle concurrent file operations from multiple users" name="File Operations Integration Tests Real-time Collaboration Simulation should handle concurrent file operations from multiple users" time="0">
      <skipped/>
    </testcase>
    <testcase classname="File Operations Integration Tests Real-time Collaboration Simulation should coordinate file watching with WebSocket notifications" name="File Operations Integration Tests Real-time Collaboration Simulation should coordinate file watching with WebSocket notifications" time="0">
      <skipped/>
    </testcase>
    <testcase classname="File Operations Integration Tests Workspace Management Integration should manage multiple workspace watchers" name="File Operations Integration Tests Workspace Management Integration should manage multiple workspace watchers" time="0">
      <skipped/>
    </testcase>
    <testcase classname="File Operations Integration Tests Error Recovery and Resilience should recover from file system errors gracefully" name="File Operations Integration Tests Error Recovery and Resilience should recover from file system errors gracefully" time="0">
      <skipped/>
    </testcase>
    <testcase classname="File Operations Integration Tests Error Recovery and Resilience should handle WebSocket connection failures" name="File Operations Integration Tests Error Recovery and Resilience should handle WebSocket connection failures" time="0">
      <skipped/>
    </testcase>
    <testcase classname="File Operations Integration Tests Error Recovery and Resilience should handle lazy loading errors gracefully" name="File Operations Integration Tests Error Recovery and Resilience should handle lazy loading errors gracefully" time="0">
      <skipped/>
    </testcase>
    <testcase classname="File Operations Integration Tests Performance and Resource Management should manage memory usage effectively" name="File Operations Integration Tests Performance and Resource Management should manage memory usage effectively" time="0">
      <skipped/>
    </testcase>
    <testcase classname="File Operations Integration Tests Performance and Resource Management should handle high-frequency file changes efficiently" name="File Operations Integration Tests Performance and Resource Management should handle high-frequency file changes efficiently" time="0.929">
      <failure>Error: expect(received).toBeGreaterThan(expected)

Expected: &gt; 1
Received:   1
    at Object.toBeGreaterThan (/Users/ryan.maclean/vibecode-webgui/tests/integration/file-operations-integration.test.ts:566:40)</failure>
    </testcase>
  </testsuite>
</testsuites>