<testsuites id="" name="" tests="7" failures="6" skipped="0" errors="0" time="40.985267">
<testsuite name="auth-flow.test.ts" timestamp="2025-09-24T20:49:07.792Z" hostname="chromium" tests="7" failures="6" skipped="0" time="127.625" errors="0">
<testcase name="Authentication Flow › should display login page for unauthenticated users" classname="auth-flow.test.ts" time="11.969">
<failure message="auth-flow.test.ts:10:7 should display login page for unauthenticated users" type="FAILURE">
<![CDATA[  [chromium] › auth-flow.test.ts:10:7 › Authentication Flow › should display login page for unauthenticated users 

    Error: Timed out 5000ms waiting for expect(locator).toContainText(expected)

    Locator: locator('h1, [data-testid="app-title"]')
    Expected pattern: /VibeCode|Welcome/i
    Received string:  "Sign In"
    Call log:
      - Expect "toContainText" with timeout 5000ms
      - waiting for locator('h1, [data-testid="app-title"]')
        9 × locator resolved to <h1 class="text-2xl font-bold text-center text-gray-900">Sign In</h1>
          - unexpected value "Sign In"


      19 |     
      20 |     // Check page content
    > 21 |     await expect(page.locator('h1, [data-testid="app-title"]')).toContainText(/VibeCode|Welcome/i);
         |                                                                 ^
      22 |     
      23 |     // Take screenshot for visual verification
      24 |     await helpers.takeScreenshot('unauthenticated-homepage');
        at /Users/ryan.maclean/vibecode-webgui/tests/e2e/auth-flow.test.ts:21:65

    attachment #1: screenshot (image/png) ──────────────────────────────────────────────────────────
    ../../test-results/auth-flow-Authentication-F-d7213-e-for-unauthenticated-users-chromium/test-failed-1.png
    ────────────────────────────────────────────────────────────────────────────────────────────────

    attachment #2: video (video/webm) ──────────────────────────────────────────────────────────────
    ../../test-results/auth-flow-Authentication-F-d7213-e-for-unauthenticated-users-chromium/video.webm
    ────────────────────────────────────────────────────────────────────────────────────────────────

    Error Context: ../../test-results/auth-flow-Authentication-F-d7213-e-for-unauthenticated-users-chromium/error-context.md
]]>
</failure>
<system-out>
<![CDATA[
[[ATTACHMENT|auth-flow-Authentication-F-d7213-e-for-unauthenticated-users-chromium/test-failed-1.png]]

[[ATTACHMENT|auth-flow-Authentication-F-d7213-e-for-unauthenticated-users-chromium/video.webm]]

[[ATTACHMENT|auth-flow-Authentication-F-d7213-e-for-unauthenticated-users-chromium/error-context.md]]
]]>
</system-out>
</testcase>
<testcase name="Authentication Flow › should navigate to login page" classname="auth-flow.test.ts" time="30.55">
<failure message="auth-flow.test.ts:27:7 should navigate to login page" type="FAILURE">
<![CDATA[  [chromium] › auth-flow.test.ts:27:7 › Authentication Flow › should navigate to login page ────────

    Test timeout of 30000ms exceeded.

    Error: locator.click: Test timeout of 30000ms exceeded.
    Call log:
      - waiting for locator('[href="/auth/login"]').first()


      33 |     // Click login link
      34 |     const loginButton = page.locator('[href="/auth/login"]').first();
    > 35 |     await loginButton.click();
         |                       ^
      36 |     
      37 |     await page.waitForURL(/\/auth\/login/);
      38 |     await helpers.waitForPageReady();
        at /Users/ryan.maclean/vibecode-webgui/tests/e2e/auth-flow.test.ts:35:23

    attachment #1: screenshot (image/png) ──────────────────────────────────────────────────────────
    ../../test-results/auth-flow-Authentication-Flow-should-navigate-to-login-page-chromium/test-failed-1.png
    ────────────────────────────────────────────────────────────────────────────────────────────────

    attachment #2: video (video/webm) ──────────────────────────────────────────────────────────────
    ../../test-results/auth-flow-Authentication-Flow-should-navigate-to-login-page-chromium/video.webm
    ────────────────────────────────────────────────────────────────────────────────────────────────

    Error Context: ../../test-results/auth-flow-Authentication-Flow-should-navigate-to-login-page-chromium/error-context.md
]]>
</failure>
<system-out>
<![CDATA[
[[ATTACHMENT|auth-flow-Authentication-Flow-should-navigate-to-login-page-chromium/test-failed-1.png]]

[[ATTACHMENT|auth-flow-Authentication-Flow-should-navigate-to-login-page-chromium/video.webm]]

[[ATTACHMENT|auth-flow-Authentication-Flow-should-navigate-to-login-page-chromium/error-context.md]]
]]>
</system-out>
</testcase>
<testcase name="Authentication Flow › should handle invalid login credentials" classname="auth-flow.test.ts" time="30.57">
<failure message="auth-flow.test.ts:51:7 should handle invalid login credentials" type="FAILURE">
<![CDATA[  [chromium] › auth-flow.test.ts:51:7 › Authentication Flow › should handle invalid login credentials 

    Test timeout of 30000ms exceeded.

    Error: page.fill: Test timeout of 30000ms exceeded.
    Call log:
      - waiting for locator('[type="email"], [name="email"]')


      56 |     
      57 |     // Fill form with invalid credentials
    > 58 |     await page.fill('[type="email"], [name="email"]', 'invalid@example.com');
         |                ^
      59 |     await page.fill('[type="password"], [name="password"]', 'wrongpassword');
      60 |     
      61 |     // Submit form
        at /Users/ryan.maclean/vibecode-webgui/tests/e2e/auth-flow.test.ts:58:16

    attachment #1: screenshot (image/png) ──────────────────────────────────────────────────────────
    ../../test-results/auth-flow-Authentication-F-67eb1-e-invalid-login-credentials-chromium/test-failed-1.png
    ────────────────────────────────────────────────────────────────────────────────────────────────

    attachment #2: video (video/webm) ──────────────────────────────────────────────────────────────
    ../../test-results/auth-flow-Authentication-F-67eb1-e-invalid-login-credentials-chromium/video.webm
    ────────────────────────────────────────────────────────────────────────────────────────────────

    Error Context: ../../test-results/auth-flow-Authentication-F-67eb1-e-invalid-login-credentials-chromium/error-context.md
]]>
</failure>
<system-out>
<![CDATA[
[[ATTACHMENT|auth-flow-Authentication-F-67eb1-e-invalid-login-credentials-chromium/test-failed-1.png]]

[[ATTACHMENT|auth-flow-Authentication-F-67eb1-e-invalid-login-credentials-chromium/video.webm]]

[[ATTACHMENT|auth-flow-Authentication-F-67eb1-e-invalid-login-credentials-chromium/error-context.md]]
]]>
</system-out>
</testcase>
<testcase name="Authentication Flow › should successfully login with valid credentials" classname="auth-flow.test.ts" time="30.547">
<failure message="auth-flow.test.ts:74:7 should successfully login with valid credentials" type="FAILURE">
<![CDATA[  [chromium] › auth-flow.test.ts:74:7 › Authentication Flow › should successfully login with valid credentials 

    Test timeout of 30000ms exceeded.

    Error: page.fill: Test timeout of 30000ms exceeded.
    Call log:
      - waiting for locator('[type="email"], [name="email"]')


      79 |     
      80 |     // Fill form with test credentials
    > 81 |     await page.fill('[type="email"], [name="email"]', 'test@vibecode.com');
         |                ^
      82 |     await page.fill('[type="password"], [name="password"]', 'testpass123');
      83 |     
      84 |     // Submit form
        at /Users/ryan.maclean/vibecode-webgui/tests/e2e/auth-flow.test.ts:81:16

    attachment #1: screenshot (image/png) ──────────────────────────────────────────────────────────
    ../../test-results/auth-flow-Authentication-F-bb4d7-ogin-with-valid-credentials-chromium/test-failed-1.png
    ────────────────────────────────────────────────────────────────────────────────────────────────

    attachment #2: video (video/webm) ──────────────────────────────────────────────────────────────
    ../../test-results/auth-flow-Authentication-F-bb4d7-ogin-with-valid-credentials-chromium/video.webm
    ────────────────────────────────────────────────────────────────────────────────────────────────

    Error Context: ../../test-results/auth-flow-Authentication-F-bb4d7-ogin-with-valid-credentials-chromium/error-context.md
]]>
</failure>
<system-out>
<![CDATA[
[[ATTACHMENT|auth-flow-Authentication-F-bb4d7-ogin-with-valid-credentials-chromium/test-failed-1.png]]

[[ATTACHMENT|auth-flow-Authentication-F-bb4d7-ogin-with-valid-credentials-chromium/video.webm]]

[[ATTACHMENT|auth-flow-Authentication-F-bb4d7-ogin-with-valid-credentials-chromium/error-context.md]]
]]>
</system-out>
</testcase>
<testcase name="Authentication Flow › should logout successfully" classname="auth-flow.test.ts" time="13.194">
<failure message="auth-flow.test.ts:104:7 should logout successfully" type="FAILURE">
<![CDATA[  [chromium] › auth-flow.test.ts:104:7 › Authentication Flow › should logout successfully ──────────

    Error: Timed out 5000ms waiting for expect(page).toHaveURL(expected)

    Expected string: "http://localhost:3000/"
    Received string: "http://localhost:3000/auth/signin"
    Call log:
      - Expect "toHaveURL" with timeout 5000ms
        9 × unexpected value "http://localhost:3000/auth/signin"


      109 |     
      110 |     // Verify we're logged in
    > 111 |     await expect(page).toHaveURL('/');
          |                        ^
      112 |     
      113 |     // Logout
      114 |     await helpers.logout();
        at /Users/ryan.maclean/vibecode-webgui/tests/e2e/auth-flow.test.ts:111:24

    attachment #1: screenshot (image/png) ──────────────────────────────────────────────────────────
    ../../test-results/auth-flow-Authentication-Flow-should-logout-successfully-chromium/test-failed-1.png
    ────────────────────────────────────────────────────────────────────────────────────────────────

    attachment #2: video (video/webm) ──────────────────────────────────────────────────────────────
    ../../test-results/auth-flow-Authentication-Flow-should-logout-successfully-chromium/video.webm
    ────────────────────────────────────────────────────────────────────────────────────────────────

    Error Context: ../../test-results/auth-flow-Authentication-Flow-should-logout-successfully-chromium/error-context.md
]]>
</failure>
<system-out>
<![CDATA[
[[ATTACHMENT|auth-flow-Authentication-Flow-should-logout-successfully-chromium/test-failed-1.png]]

[[ATTACHMENT|auth-flow-Authentication-Flow-should-logout-successfully-chromium/video.webm]]

[[ATTACHMENT|auth-flow-Authentication-Flow-should-logout-successfully-chromium/error-context.md]]
]]>
</system-out>
</testcase>
<testcase name="Authentication Flow › should persist authentication across page refreshes" classname="auth-flow.test.ts" time="9.279">
<failure message="auth-flow.test.ts:126:7 should persist authentication across page refreshes" type="FAILURE">
<![CDATA[  [chromium] › auth-flow.test.ts:126:7 › Authentication Flow › should persist authentication across page refreshes 

    Error: Timed out 5000ms waiting for expect(locator).toBeVisible()

    Locator: locator('[data-testid="user-profile"], .user-menu, button:has-text("Logout")').first()
    Expected: visible
    Received: <element(s) not found>
    Call log:
      - Expect "toBeVisible" with timeout 5000ms
      - waiting for locator('[data-testid="user-profile"], .user-menu, button:has-text("Logout")').first()


      136 |     // Should still be authenticated
      137 |     const userProfile = page.locator('[data-testid="user-profile"], .user-menu, button:has-text("Logout")').first();
    > 138 |     await expect(userProfile).toBeVisible();
          |                               ^
      139 |     
      140 |     // Should not show login page
      141 |     expect(page.url()).not.toContain('/auth/login');
        at /Users/ryan.maclean/vibecode-webgui/tests/e2e/auth-flow.test.ts:138:31

    attachment #1: screenshot (image/png) ──────────────────────────────────────────────────────────
    ../../test-results/auth-flow-Authentication-F-17f6c-ation-across-page-refreshes-chromium/test-failed-1.png
    ────────────────────────────────────────────────────────────────────────────────────────────────

    attachment #2: video (video/webm) ──────────────────────────────────────────────────────────────
    ../../test-results/auth-flow-Authentication-F-17f6c-ation-across-page-refreshes-chromium/video.webm
    ────────────────────────────────────────────────────────────────────────────────────────────────

    Error Context: ../../test-results/auth-flow-Authentication-F-17f6c-ation-across-page-refreshes-chromium/error-context.md
]]>
</failure>
<system-out>
<![CDATA[
[[ATTACHMENT|auth-flow-Authentication-F-17f6c-ation-across-page-refreshes-chromium/test-failed-1.png]]

[[ATTACHMENT|auth-flow-Authentication-F-17f6c-ation-across-page-refreshes-chromium/video.webm]]

[[ATTACHMENT|auth-flow-Authentication-F-17f6c-ation-across-page-refreshes-chromium/error-context.md]]
]]>
</system-out>
</testcase>
<testcase name="Authentication Flow › should handle registration flow" classname="auth-flow.test.ts" time="1.516">
<system-out>
<![CDATA[Registration page not implemented or accessible
]]>
</system-out>
</testcase>
</testsuite>
</testsuites>