{"/Users/studio/Documents/vibecode-webgui/scripts/vector-db-migrations/migrate-vector-data.js": {"path":"/Users/studio/Documents/vibecode-webgui/scripts/vector-db-migrations/migrate-vector-data.js","statementMap":{"0":{"start":{"line":40,"column":17},"end":{"line":40,"column":30}},"1":{"start":{"line":41,"column":20},"end":{"line":41,"column":40}},"2":{"start":{"line":42,"column":16},"end":{"line":42,"column":42}},"3":{"start":{"line":43,"column":13},"end":{"line":43,"column":28}},"4":{"start":{"line":44,"column":11},"end":{"line":44,"column":24}},"5":{"start":{"line":47,"column":0},"end":{"line":61,"column":23}},"6":{"start":{"line":63,"column":16},"end":{"line":63,"column":30}},"7":{"start":{"line":66,"column":25},"end":{"line":66,"column":78}},"8":{"start":{"line":67,"column":0},"end":{"line":73,"column":1}},"9":{"start":{"line":68,"column":2},"end":{"line":68,"column":124}},"10":{"start":{"line":70,"column":2},"end":{"line":72,"column":3}},"11":{"start":{"line":71,"column":4},"end":{"line":71,"column":20}},"12":{"start":{"line":76,"column":0},"end":{"line":82,"column":1}},"13":{"start":{"line":77,"column":2},"end":{"line":81,"column":5}},"14":{"start":{"line":85,"column":13},"end":{"line":89,"column":2}},"15":{"start":{"line":92,"column":23},"end":{"line":103,"column":1}},"16":{"start":{"line":106,"column":15},"end":{"line":106,"column":46}},"17":{"start":{"line":107,"column":0},"end":{"line":109,"column":1}},"18":{"start":{"line":108,"column":2},"end":{"line":108,"column":44}},"19":{"start":{"line":110,"column":16},"end":{"line":110,"column":87}},"20":{"start":{"line":111,"column":18},"end":{"line":111,"column":63}},"21":{"start":{"line":117,"column":20},"end":{"line":117,"column":44}},"22":{"start":{"line":118,"column":27},"end":{"line":118,"column":79}},"23":{"start":{"line":121,"column":2},"end":{"line":125,"column":3}},"24":{"start":{"line":122,"column":4},"end":{"line":122,"column":36}},"25":{"start":{"line":124,"column":4},"end":{"line":124,"column":34}},"26":{"start":{"line":128,"column":2},"end":{"line":128,"column":43}},"27":{"start":{"line":131,"column":2},"end":{"line":133,"column":3}},"28":{"start":{"line":132,"column":4},"end":{"line":132,"column":31}},"29":{"start":{"line":140,"column":17},"end":{"line":140,"column":37}},"30":{"start":{"line":142,"column":2},"end":{"line":243,"column":3}},"31":{"start":{"line":143,"column":4},"end":{"line":143,"column":50}},"32":{"start":{"line":144,"column":4},"end":{"line":144,"column":64}},"33":{"start":{"line":147,"column":29},"end":{"line":152,"column":29}},"34":{"start":{"line":154,"column":24},"end":{"line":154,"column":55}},"35":{"start":{"line":156,"column":4},"end":{"line":235,"column":5}},"36":{"start":{"line":157,"column":6},"end":{"line":157,"column":77}},"37":{"start":{"line":159,"column":6},"end":{"line":211,"column":7}},"38":{"start":{"line":160,"column":8},"end":{"line":160,"column":67}},"39":{"start":{"line":163,"column":29},"end":{"line":167,"column":33}},"40":{"start":{"line":170,"column":29},"end":{"line":170,"column":70}},"41":{"start":{"line":173,"column":8},"end":{"line":184,"column":9}},"42":{"start":{"line":175,"column":10},"end":{"line":175,"column":68}},"43":{"start":{"line":175,"column":59},"end":{"line":175,"column":68}},"44":{"start":{"line":177,"column":25},"end":{"line":177,"column":41}},"45":{"start":{"line":178,"column":10},"end":{"line":180,"column":11}},"46":{"start":{"line":179,"column":12},"end":{"line":179,"column":69}},"47":{"start":{"line":182,"column":27},"end":{"line":182,"column":74}},"48":{"start":{"line":183,"column":10},"end":{"line":183,"column":80}},"49":{"start":{"line":187,"column":8},"end":{"line":187,"column":87}},"50":{"start":{"line":190,"column":25},"end":{"line":196,"column":33}},"51":{"start":{"line":198,"column":8},"end":{"line":204,"column":9}},"52":{"start":{"line":199,"column":28},"end":{"line":199,"column":76}},"53":{"start":{"line":199,"column":53},"end":{"line":199,"column":64}},"54":{"start":{"line":200,"column":10},"end":{"line":200,"column":61}},"55":{"start":{"line":203,"column":10},"end":{"line":203,"column":62}},"56":{"start":{"line":206,"column":8},"end":{"line":206,"column":31}},"57":{"start":{"line":209,"column":8},"end":{"line":209,"column":43}},"58":{"start":{"line":210,"column":8},"end":{"line":210,"column":59}},"59":{"start":{"line":213,"column":6},"end":{"line":213,"column":64}},"60":{"start":{"line":216,"column":32},"end":{"line":221,"column":53}},"61":{"start":{"line":223,"column":27},"end":{"line":223,"column":59}},"62":{"start":{"line":225,"column":6},"end":{"line":234,"column":7}},"63":{"start":{"line":226,"column":8},"end":{"line":226,"column":78}},"64":{"start":{"line":228,"column":8},"end":{"line":233,"column":9}},"65":{"start":{"line":229,"column":10},"end":{"line":232,"column":13}},"66":{"start":{"line":237,"column":4},"end":{"line":237,"column":16}},"67":{"start":{"line":239,"column":4},"end":{"line":239,"column":66}},"68":{"start":{"line":240,"column":4},"end":{"line":240,"column":17}},"69":{"start":{"line":242,"column":4},"end":{"line":242,"column":21}},"70":{"start":{"line":250,"column":17},"end":{"line":250,"column":37}},"71":{"start":{"line":252,"column":2},"end":{"line":271,"column":3}},"72":{"start":{"line":253,"column":19},"end":{"line":256,"column":6}},"73":{"start":{"line":258,"column":4},"end":{"line":258,"column":66}},"74":{"start":{"line":259,"column":4},"end":{"line":259,"column":77}},"75":{"start":{"line":261,"column":4},"end":{"line":263,"column":5}},"76":{"start":{"line":262,"column":6},"end":{"line":262,"column":56}},"77":{"start":{"line":265,"column":4},"end":{"line":265,"column":36}},"78":{"start":{"line":267,"column":4},"end":{"line":267,"column":58}},"79":{"start":{"line":268,"column":4},"end":{"line":268,"column":13}},"80":{"start":{"line":270,"column":4},"end":{"line":270,"column":21}},"81":{"start":{"line":278,"column":2},"end":{"line":278,"column":34}},"82":{"start":{"line":278,"column":22},"end":{"line":278,"column":34}},"83":{"start":{"line":280,"column":17},"end":{"line":280,"column":37}},"84":{"start":{"line":282,"column":2},"end":{"line":297,"column":3}},"85":{"start":{"line":284,"column":4},"end":{"line":284,"column":68}},"86":{"start":{"line":287,"column":4},"end":{"line":287,"column":32}},"87":{"start":{"line":288,"column":4},"end":{"line":288,"column":68}},"88":{"start":{"line":290,"column":4},"end":{"line":290,"column":61}},"89":{"start":{"line":291,"column":4},"end":{"line":291,"column":16}},"90":{"start":{"line":293,"column":4},"end":{"line":293,"column":63}},"91":{"start":{"line":294,"column":4},"end":{"line":294,"column":17}},"92":{"start":{"line":296,"column":4},"end":{"line":296,"column":21}},"93":{"start":{"line":304,"column":2},"end":{"line":307,"column":3}},"94":{"start":{"line":305,"column":4},"end":{"line":305,"column":30}},"95":{"start":{"line":306,"column":4},"end":{"line":306,"column":16}},"96":{"start":{"line":309,"column":17},"end":{"line":309,"column":37}},"97":{"start":{"line":311,"column":2},"end":{"line":439,"column":3}},"98":{"start":{"line":313,"column":4},"end":{"line":313,"column":32}},"99":{"start":{"line":315,"column":17},"end":{"line":315,"column":18}},"100":{"start":{"line":316,"column":21},"end":{"line":316,"column":22}},"101":{"start":{"line":319,"column":4},"end":{"line":408,"column":5}},"102":{"start":{"line":320,"column":29},"end":{"line":320,"column":39}},"103":{"start":{"line":323,"column":27},"end":{"line":329,"column":37}},"104":{"start":{"line":331,"column":19},"end":{"line":331,"column":36}},"105":{"start":{"line":332,"column":6},"end":{"line":332,"column":35}},"106":{"start":{"line":332,"column":29},"end":{"line":332,"column":35}},"107":{"start":{"line":334,"column":6},"end":{"line":334,"column":19}},"108":{"start":{"line":337,"column":26},"end":{"line":339,"column":39}},"109":{"start":{"line":338,"column":23},"end":{"line":338,"column":81}},"110":{"start":{"line":342,"column":6},"end":{"line":372,"column":7}},"111":{"start":{"line":343,"column":23},"end":{"line":349,"column":10}},"112":{"start":{"line":344,"column":10},"end":{"line":347,"column":11}},"113":{"start":{"line":346,"column":12},"end":{"line":346,"column":40}},"114":{"start":{"line":348,"column":10},"end":{"line":348,"column":26}},"115":{"start":{"line":351,"column":29},"end":{"line":351,"column":73}},"116":{"start":{"line":351,"column":50},"end":{"line":351,"column":61}},"117":{"start":{"line":353,"column":8},"end":{"line":371,"column":9}},"118":{"start":{"line":354,"column":10},"end":{"line":367,"column":11}},"119":{"start":{"line":356,"column":12},"end":{"line":360,"column":23}},"120":{"start":{"line":362,"column":12},"end":{"line":362,"column":43}},"121":{"start":{"line":364,"column":12},"end":{"line":364,"column":92}},"122":{"start":{"line":365,"column":12},"end":{"line":365,"column":40}},"123":{"start":{"line":366,"column":12},"end":{"line":366,"column":49}},"124":{"start":{"line":370,"column":10},"end":{"line":370,"column":41}},"125":{"start":{"line":374,"column":6},"end":{"line":374,"column":28}},"126":{"start":{"line":377,"column":6},"end":{"line":392,"column":7}},"127":{"start":{"line":378,"column":25},"end":{"line":378,"column":100}},"128":{"start":{"line":379,"column":24},"end":{"line":379,"column":70}},"129":{"start":{"line":380,"column":21},"end":{"line":380,"column":71}},"130":{"start":{"line":382,"column":8},"end":{"line":382,"column":120}},"131":{"start":{"line":384,"column":8},"end":{"line":389,"column":9}},"132":{"start":{"line":385,"column":10},"end":{"line":385,"column":50}},"133":{"start":{"line":386,"column":10},"end":{"line":386,"column":68}},"134":{"start":{"line":387,"column":10},"end":{"line":387,"column":62}},"135":{"start":{"line":388,"column":10},"end":{"line":388,"column":45}},"136":{"start":{"line":391,"column":8},"end":{"line":391,"column":48}},"137":{"start":{"line":395,"column":24},"end":{"line":395,"column":51}},"138":{"start":{"line":396,"column":6},"end":{"line":398,"column":7}},"139":{"start":{"line":397,"column":8},"end":{"line":397,"column":47}},"140":{"start":{"line":401,"column":6},"end":{"line":407,"column":7}},"141":{"start":{"line":402,"column":8},"end":{"line":406,"column":9}},"142":{"start":{"line":403,"column":10},"end":{"line":403,"column":62}},"143":{"start":{"line":404,"column":10},"end":{"line":404,"column":41}},"144":{"start":{"line":405,"column":10},"end":{"line":405,"column":23}},"145":{"start":{"line":411,"column":4},"end":{"line":413,"column":5}},"146":{"start":{"line":412,"column":6},"end":{"line":412,"column":35}},"147":{"start":{"line":415,"column":22},"end":{"line":415,"column":68}},"148":{"start":{"line":416,"column":4},"end":{"line":416,"column":139}},"149":{"start":{"line":417,"column":4},"end":{"line":417,"column":53}},"150":{"start":{"line":419,"column":4},"end":{"line":422,"column":5}},"151":{"start":{"line":420,"column":6},"end":{"line":420,"column":41}},"152":{"start":{"line":421,"column":6},"end":{"line":421,"column":45}},"153":{"start":{"line":424,"column":4},"end":{"line":424,"column":43}},"154":{"start":{"line":426,"column":4},"end":{"line":426,"column":61}},"155":{"start":{"line":428,"column":4},"end":{"line":434,"column":5}},"156":{"start":{"line":429,"column":6},"end":{"line":433,"column":7}},"157":{"start":{"line":430,"column":8},"end":{"line":430,"column":39}},"158":{"start":{"line":432,"column":8},"end":{"line":432,"column":72}},"159":{"start":{"line":436,"column":4},"end":{"line":436,"column":17}},"160":{"start":{"line":438,"column":4},"end":{"line":438,"column":21}},"161":{"start":{"line":446,"column":2},"end":{"line":446,"column":56}},"162":{"start":{"line":446,"column":44},"end":{"line":446,"column":56}},"163":{"start":{"line":448,"column":17},"end":{"line":448,"column":37}},"164":{"start":{"line":450,"column":2},"end":{"line":489,"column":3}},"165":{"start":{"line":451,"column":22},"end":{"line":451,"column":74}},"166":{"start":{"line":453,"column":4},"end":{"line":453,"column":98}},"167":{"start":{"line":456,"column":4},"end":{"line":456,"column":59}},"168":{"start":{"line":459,"column":4},"end":{"line":471,"column":5}},"169":{"start":{"line":460,"column":6},"end":{"line":464,"column":8}},"170":{"start":{"line":466,"column":6},"end":{"line":470,"column":8}},"171":{"start":{"line":473,"column":22},"end":{"line":473,"column":32}},"172":{"start":{"line":474,"column":4},"end":{"line":474,"column":33}},"173":{"start":{"line":475,"column":22},"end":{"line":475,"column":53}},"174":{"start":{"line":477,"column":4},"end":{"line":477,"column":73}},"175":{"start":{"line":479,"column":4},"end":{"line":481,"column":5}},"176":{"start":{"line":480,"column":6},"end":{"line":480,"column":50}},"177":{"start":{"line":483,"column":4},"end":{"line":483,"column":16}},"178":{"start":{"line":485,"column":4},"end":{"line":485,"column":66}},"179":{"start":{"line":486,"column":4},"end":{"line":486,"column":17}},"180":{"start":{"line":488,"column":4},"end":{"line":488,"column":21}},"181":{"start":{"line":496,"column":17},"end":{"line":496,"column":37}},"182":{"start":{"line":498,"column":2},"end":{"line":567,"column":3}},"183":{"start":{"line":500,"column":24},"end":{"line":503,"column":6}},"184":{"start":{"line":505,"column":23},"end":{"line":505,"column":62}},"185":{"start":{"line":508,"column":20},"end":{"line":508,"column":90}},"186":{"start":{"line":510,"column":4},"end":{"line":510,"column":75}},"187":{"start":{"line":511,"column":4},"end":{"line":511,"column":139}},"188":{"start":{"line":514,"column":4},"end":{"line":559,"column":5}},"189":{"start":{"line":515,"column":6},"end":{"line":515,"column":60}},"190":{"start":{"line":517,"column":25},"end":{"line":517,"column":49}},"191":{"start":{"line":518,"column":25},"end":{"line":523,"column":22}},"192":{"start":{"line":525,"column":28},"end":{"line":525,"column":29}},"193":{"start":{"line":527,"column":6},"end":{"line":551,"column":7}},"194":{"start":{"line":529,"column":29},"end":{"line":531,"column":20}},"195":{"start":{"line":533,"column":29},"end":{"line":535,"column":20}},"196":{"start":{"line":537,"column":8},"end":{"line":541,"column":9}},"197":{"start":{"line":538,"column":10},"end":{"line":538,"column":96}},"198":{"start":{"line":539,"column":10},"end":{"line":539,"column":28}},"199":{"start":{"line":540,"column":10},"end":{"line":540,"column":19}},"200":{"start":{"line":544,"column":26},"end":{"line":544,"column":68}},"201":{"start":{"line":545,"column":26},"end":{"line":545,"column":68}},"202":{"start":{"line":547,"column":8},"end":{"line":550,"column":9}},"203":{"start":{"line":548,"column":10},"end":{"line":548,"column":91}},"204":{"start":{"line":549,"column":10},"end":{"line":549,"column":28}},"205":{"start":{"line":553,"column":6},"end":{"line":558,"column":7}},"206":{"start":{"line":554,"column":8},"end":{"line":554,"column":68}},"207":{"start":{"line":556,"column":8},"end":{"line":556,"column":88}},"208":{"start":{"line":557,"column":8},"end":{"line":557,"column":21}},"209":{"start":{"line":561,"column":4},"end":{"line":561,"column":19}},"210":{"start":{"line":563,"column":4},"end":{"line":563,"column":65}},"211":{"start":{"line":564,"column":4},"end":{"line":564,"column":17}},"212":{"start":{"line":566,"column":4},"end":{"line":566,"column":21}},"213":{"start":{"line":574,"column":2},"end":{"line":642,"column":3}},"214":{"start":{"line":575,"column":4},"end":{"line":575,"column":46}},"215":{"start":{"line":576,"column":4},"end":{"line":576,"column":66}},"216":{"start":{"line":577,"column":4},"end":{"line":577,"column":66}},"217":{"start":{"line":578,"column":4},"end":{"line":578,"column":44}},"218":{"start":{"line":579,"column":4},"end":{"line":579,"column":56}},"219":{"start":{"line":582,"column":23},"end":{"line":582,"column":48}},"220":{"start":{"line":583,"column":4},"end":{"line":586,"column":5}},"221":{"start":{"line":584,"column":6},"end":{"line":584,"column":63}},"222":{"start":{"line":585,"column":6},"end":{"line":585,"column":19}},"223":{"start":{"line":589,"column":21},"end":{"line":589,"column":38}},"224":{"start":{"line":590,"column":4},"end":{"line":593,"column":5}},"225":{"start":{"line":591,"column":6},"end":{"line":591,"column":41}},"226":{"start":{"line":592,"column":6},"end":{"line":592,"column":18}},"227":{"start":{"line":596,"column":4},"end":{"line":602,"column":5}},"228":{"start":{"line":597,"column":31},"end":{"line":597,"column":54}},"229":{"start":{"line":598,"column":6},"end":{"line":601,"column":7}},"230":{"start":{"line":599,"column":8},"end":{"line":599,"column":61}},"231":{"start":{"line":600,"column":8},"end":{"line":600,"column":21}},"232":{"start":{"line":605,"column":29},"end":{"line":605,"column":48}},"233":{"start":{"line":606,"column":4},"end":{"line":609,"column":5}},"234":{"start":{"line":607,"column":6},"end":{"line":607,"column":72}},"235":{"start":{"line":608,"column":6},"end":{"line":608,"column":19}},"236":{"start":{"line":612,"column":4},"end":{"line":618,"column":5}},"237":{"start":{"line":613,"column":27},"end":{"line":613,"column":52}},"238":{"start":{"line":614,"column":6},"end":{"line":617,"column":7}},"239":{"start":{"line":615,"column":8},"end":{"line":615,"column":54}},"240":{"start":{"line":621,"column":29},"end":{"line":621,"column":54}},"241":{"start":{"line":622,"column":4},"end":{"line":625,"column":5}},"242":{"start":{"line":623,"column":6},"end":{"line":623,"column":69}},"243":{"start":{"line":624,"column":6},"end":{"line":624,"column":19}},"244":{"start":{"line":627,"column":4},"end":{"line":627,"column":44}},"245":{"start":{"line":628,"column":4},"end":{"line":628,"column":16}},"246":{"start":{"line":630,"column":4},"end":{"line":630,"column":71}},"247":{"start":{"line":631,"column":4},"end":{"line":631,"column":30}},"248":{"start":{"line":632,"column":4},"end":{"line":632,"column":17}},"249":{"start":{"line":635,"column":4},"end":{"line":635,"column":21}},"250":{"start":{"line":636,"column":4},"end":{"line":636,"column":20}},"251":{"start":{"line":639,"column":4},"end":{"line":641,"column":5}},"252":{"start":{"line":640,"column":6},"end":{"line":640,"column":18}},"253":{"start":{"line":646,"column":0},"end":{"line":655,"column":2}},"254":{"start":{"line":658,"column":0},"end":{"line":662,"column":1}},"255":{"start":{"line":659,"column":2},"end":{"line":661,"column":5}},"256":{"start":{"line":660,"column":4},"end":{"line":660,"column":34}}},"fnMap":{"0":{"name":"log","decl":{"start":{"line":116,"column":9},"end":{"line":116,"column":12}},"loc":{"start":{"line":116,"column":38},"end":{"line":134,"column":1}},"line":116},"1":{"name":"createTargetTable","decl":{"start":{"line":139,"column":15},"end":{"line":139,"column":32}},"loc":{"start":{"line":139,"column":35},"end":{"line":244,"column":1}},"line":139},"2":{"name":"(anonymous_2)","decl":{"start":{"line":199,"column":46},"end":{"line":199,"column":47}},"loc":{"start":{"line":199,"column":53},"end":{"line":199,"column":64}},"line":199},"3":{"name":"countRows","decl":{"start":{"line":249,"column":15},"end":{"line":249,"column":24}},"loc":{"start":{"line":249,"column":27},"end":{"line":272,"column":1}},"line":249},"4":{"name":"createSavepoint","decl":{"start":{"line":277,"column":15},"end":{"line":277,"column":30}},"loc":{"start":{"line":277,"column":33},"end":{"line":298,"column":1}},"line":277},"5":{"name":"migrateData","decl":{"start":{"line":303,"column":15},"end":{"line":303,"column":26}},"loc":{"start":{"line":303,"column":29},"end":{"line":440,"column":1}},"line":303},"6":{"name":"(anonymous_6)","decl":{"start":{"line":338,"column":16},"end":{"line":338,"column":17}},"loc":{"start":{"line":338,"column":23},"end":{"line":338,"column":81}},"line":338},"7":{"name":"(anonymous_7)","decl":{"start":{"line":343,"column":39},"end":{"line":343,"column":40}},"loc":{"start":{"line":343,"column":46},"end":{"line":349,"column":9}},"line":343},"8":{"name":"(anonymous_8)","decl":{"start":{"line":351,"column":40},"end":{"line":351,"column":41}},"loc":{"start":{"line":351,"column":50},"end":{"line":351,"column":61}},"line":351},"9":{"name":"createVectorIndex","decl":{"start":{"line":445,"column":15},"end":{"line":445,"column":32}},"loc":{"start":{"line":445,"column":35},"end":{"line":490,"column":1}},"line":445},"10":{"name":"validateMigration","decl":{"start":{"line":495,"column":15},"end":{"line":495,"column":32}},"loc":{"start":{"line":495,"column":35},"end":{"line":568,"column":1}},"line":495},"11":{"name":"runMigration","decl":{"start":{"line":573,"column":15},"end":{"line":573,"column":27}},"loc":{"start":{"line":573,"column":30},"end":{"line":643,"column":1}},"line":573},"12":{"name":"(anonymous_12)","decl":{"start":{"line":659,"column":22},"end":{"line":659,"column":23}},"loc":{"start":{"line":659,"column":33},"end":{"line":661,"column":3}},"line":659}},"branchMap":{"0":{"loc":{"start":{"line":60,"column":65},"end":{"line":60,"column":102}},"type":"binary-expr","locations":[{"start":{"line":60,"column":65},"end":{"line":60,"column":85}},{"start":{"line":60,"column":89},"end":{"line":60,"column":102}}],"line":60},"1":{"loc":{"start":{"line":66,"column":25},"end":{"line":66,"column":78}},"type":"binary-expr","locations":[{"start":{"line":66,"column":25},"end":{"line":66,"column":43}},{"start":{"line":66,"column":47},"end":{"line":66,"column":78}}],"line":66},"2":{"loc":{"start":{"line":67,"column":0},"end":{"line":73,"column":1}},"type":"if","locations":[{"start":{"line":67,"column":0},"end":{"line":73,"column":1}},{"start":{},"end":{}}],"line":67},"3":{"loc":{"start":{"line":70,"column":2},"end":{"line":72,"column":3}},"type":"if","locations":[{"start":{"line":70,"column":2},"end":{"line":72,"column":3}},{"start":{},"end":{}}],"line":70},"4":{"loc":{"start":{"line":70,"column":6},"end":{"line":70,"column":60}},"type":"binary-expr","locations":[{"start":{"line":70,"column":6},"end":{"line":70,"column":29}},{"start":{"line":70,"column":33},"end":{"line":70,"column":60}}],"line":70},"5":{"loc":{"start":{"line":76,"column":0},"end":{"line":82,"column":1}},"type":"if","locations":[{"start":{"line":76,"column":0},"end":{"line":82,"column":1}},{"start":{},"end":{}}],"line":76},"6":{"loc":{"start":{"line":78,"column":10},"end":{"line":78,"column":44}},"type":"binary-expr","locations":[{"start":{"line":78,"column":10},"end":{"line":78,"column":29}},{"start":{"line":78,"column":33},"end":{"line":78,"column":44}}],"line":78},"7":{"loc":{"start":{"line":107,"column":0},"end":{"line":109,"column":1}},"type":"if","locations":[{"start":{"line":107,"column":0},"end":{"line":109,"column":1}},{"start":{},"end":{}}],"line":107},"8":{"loc":{"start":{"line":116,"column":22},"end":{"line":116,"column":36}},"type":"default-arg","locations":[{"start":{"line":116,"column":30},"end":{"line":116,"column":36}}],"line":116},"9":{"loc":{"start":{"line":121,"column":2},"end":{"line":125,"column":3}},"type":"if","locations":[{"start":{"line":121,"column":2},"end":{"line":125,"column":3}},{"start":{"line":123,"column":9},"end":{"line":125,"column":3}}],"line":121},"10":{"loc":{"start":{"line":131,"column":2},"end":{"line":133,"column":3}},"type":"if","locations":[{"start":{"line":131,"column":2},"end":{"line":133,"column":3}},{"start":{},"end":{}}],"line":131},"11":{"loc":{"start":{"line":131,"column":6},"end":{"line":131,"column":42}},"type":"binary-expr","locations":[{"start":{"line":131,"column":6},"end":{"line":131,"column":21}},{"start":{"line":131,"column":25},"end":{"line":131,"column":42}}],"line":131},"12":{"loc":{"start":{"line":156,"column":4},"end":{"line":235,"column":5}},"type":"if","locations":[{"start":{"line":156,"column":4},"end":{"line":235,"column":5}},{"start":{"line":212,"column":11},"end":{"line":235,"column":5}}],"line":156},"13":{"loc":{"start":{"line":159,"column":6},"end":{"line":211,"column":7}},"type":"if","locations":[{"start":{"line":159,"column":6},"end":{"line":211,"column":7}},{"start":{"line":161,"column":13},"end":{"line":211,"column":7}}],"line":159},"14":{"loc":{"start":{"line":175,"column":10},"end":{"line":175,"column":68}},"type":"if","locations":[{"start":{"line":175,"column":10},"end":{"line":175,"column":68}},{"start":{},"end":{}}],"line":175},"15":{"loc":{"start":{"line":178,"column":10},"end":{"line":180,"column":11}},"type":"if","locations":[{"start":{"line":178,"column":10},"end":{"line":180,"column":11}},{"start":{},"end":{}}],"line":178},"16":{"loc":{"start":{"line":178,"column":14},"end":{"line":178,"column":81}},"type":"binary-expr","locations":[{"start":{"line":178,"column":14},"end":{"line":178,"column":46}},{"start":{"line":178,"column":50},"end":{"line":178,"column":81}}],"line":178},"17":{"loc":{"start":{"line":182,"column":27},"end":{"line":182,"column":74}},"type":"cond-expr","locations":[{"start":{"line":182,"column":58},"end":{"line":182,"column":60}},{"start":{"line":182,"column":63},"end":{"line":182,"column":74}}],"line":182},"18":{"loc":{"start":{"line":198,"column":8},"end":{"line":204,"column":9}},"type":"if","locations":[{"start":{"line":198,"column":8},"end":{"line":204,"column":9}},{"start":{"line":201,"column":15},"end":{"line":204,"column":9}}],"line":198},"19":{"loc":{"start":{"line":225,"column":6},"end":{"line":234,"column":7}},"type":"if","locations":[{"start":{"line":225,"column":6},"end":{"line":234,"column":7}},{"start":{},"end":{}}],"line":225},"20":{"loc":{"start":{"line":228,"column":8},"end":{"line":233,"column":9}},"type":"if","locations":[{"start":{"line":228,"column":8},"end":{"line":233,"column":9}},{"start":{},"end":{}}],"line":228},"21":{"loc":{"start":{"line":261,"column":4},"end":{"line":263,"column":5}},"type":"if","locations":[{"start":{"line":261,"column":4},"end":{"line":263,"column":5}},{"start":{},"end":{}}],"line":261},"22":{"loc":{"start":{"line":278,"column":2},"end":{"line":278,"column":34}},"type":"if","locations":[{"start":{"line":278,"column":2},"end":{"line":278,"column":34}},{"start":{},"end":{}}],"line":278},"23":{"loc":{"start":{"line":304,"column":2},"end":{"line":307,"column":3}},"type":"if","locations":[{"start":{"line":304,"column":2},"end":{"line":307,"column":3}},{"start":{},"end":{}}],"line":304},"24":{"loc":{"start":{"line":332,"column":6},"end":{"line":332,"column":35}},"type":"if","locations":[{"start":{"line":332,"column":6},"end":{"line":332,"column":35}},{"start":{},"end":{}}],"line":332},"25":{"loc":{"start":{"line":338,"column":23},"end":{"line":338,"column":81}},"type":"binary-expr","locations":[{"start":{"line":338,"column":23},"end":{"line":338,"column":49}},{"start":{"line":338,"column":53},"end":{"line":338,"column":81}}],"line":338},"26":{"loc":{"start":{"line":344,"column":10},"end":{"line":347,"column":11}},"type":"if","locations":[{"start":{"line":344,"column":10},"end":{"line":347,"column":11}},{"start":{},"end":{}}],"line":344},"27":{"loc":{"start":{"line":353,"column":8},"end":{"line":371,"column":9}},"type":"if","locations":[{"start":{"line":353,"column":8},"end":{"line":371,"column":9}},{"start":{"line":368,"column":15},"end":{"line":371,"column":9}}],"line":353},"28":{"loc":{"start":{"line":377,"column":6},"end":{"line":392,"column":7}},"type":"if","locations":[{"start":{"line":377,"column":6},"end":{"line":392,"column":7}},{"start":{},"end":{}}],"line":377},"29":{"loc":{"start":{"line":384,"column":8},"end":{"line":389,"column":9}},"type":"if","locations":[{"start":{"line":384,"column":8},"end":{"line":389,"column":9}},{"start":{},"end":{}}],"line":384},"30":{"loc":{"start":{"line":396,"column":6},"end":{"line":398,"column":7}},"type":"if","locations":[{"start":{"line":396,"column":6},"end":{"line":398,"column":7}},{"start":{},"end":{}}],"line":396},"31":{"loc":{"start":{"line":401,"column":6},"end":{"line":407,"column":7}},"type":"if","locations":[{"start":{"line":401,"column":6},"end":{"line":407,"column":7}},{"start":{},"end":{}}],"line":401},"32":{"loc":{"start":{"line":402,"column":8},"end":{"line":406,"column":9}},"type":"if","locations":[{"start":{"line":402,"column":8},"end":{"line":406,"column":9}},{"start":{},"end":{}}],"line":402},"33":{"loc":{"start":{"line":411,"column":4},"end":{"line":413,"column":5}},"type":"if","locations":[{"start":{"line":411,"column":4},"end":{"line":413,"column":5}},{"start":{},"end":{}}],"line":411},"34":{"loc":{"start":{"line":416,"column":21},"end":{"line":416,"column":53}},"type":"cond-expr","locations":[{"start":{"line":416,"column":38},"end":{"line":416,"column":48}},{"start":{"line":416,"column":51},"end":{"line":416,"column":53}}],"line":416},"35":{"loc":{"start":{"line":419,"column":4},"end":{"line":422,"column":5}},"type":"if","locations":[{"start":{"line":419,"column":4},"end":{"line":422,"column":5}},{"start":{},"end":{}}],"line":419},"36":{"loc":{"start":{"line":428,"column":4},"end":{"line":434,"column":5}},"type":"if","locations":[{"start":{"line":428,"column":4},"end":{"line":434,"column":5}},{"start":{},"end":{}}],"line":428},"37":{"loc":{"start":{"line":446,"column":2},"end":{"line":446,"column":56}},"type":"if","locations":[{"start":{"line":446,"column":2},"end":{"line":446,"column":56}},{"start":{},"end":{}}],"line":446},"38":{"loc":{"start":{"line":446,"column":6},"end":{"line":446,"column":42}},"type":"binary-expr","locations":[{"start":{"line":446,"column":6},"end":{"line":446,"column":20}},{"start":{"line":446,"column":24},"end":{"line":446,"column":42}}],"line":446},"39":{"loc":{"start":{"line":459,"column":4},"end":{"line":471,"column":5}},"type":"if","locations":[{"start":{"line":459,"column":4},"end":{"line":471,"column":5}},{"start":{"line":465,"column":11},"end":{"line":471,"column":5}}],"line":459},"40":{"loc":{"start":{"line":479,"column":4},"end":{"line":481,"column":5}},"type":"if","locations":[{"start":{"line":479,"column":4},"end":{"line":481,"column":5}},{"start":{},"end":{}}],"line":479},"41":{"loc":{"start":{"line":511,"column":22},"end":{"line":511,"column":51}},"type":"cond-expr","locations":[{"start":{"line":511,"column":32},"end":{"line":511,"column":40}},{"start":{"line":511,"column":43},"end":{"line":511,"column":51}}],"line":511},"42":{"loc":{"start":{"line":514,"column":4},"end":{"line":559,"column":5}},"type":"if","locations":[{"start":{"line":514,"column":4},"end":{"line":559,"column":5}},{"start":{},"end":{}}],"line":514},"43":{"loc":{"start":{"line":514,"column":8},"end":{"line":514,"column":52}},"type":"binary-expr","locations":[{"start":{"line":514,"column":8},"end":{"line":514,"column":15}},{"start":{"line":514,"column":19},"end":{"line":514,"column":33}},{"start":{"line":514,"column":37},"end":{"line":514,"column":52}}],"line":514},"44":{"loc":{"start":{"line":537,"column":8},"end":{"line":541,"column":9}},"type":"if","locations":[{"start":{"line":537,"column":8},"end":{"line":541,"column":9}},{"start":{},"end":{}}],"line":537},"45":{"loc":{"start":{"line":537,"column":12},"end":{"line":537,"column":76}},"type":"binary-expr","locations":[{"start":{"line":537,"column":12},"end":{"line":537,"column":42}},{"start":{"line":537,"column":46},"end":{"line":537,"column":76}}],"line":537},"46":{"loc":{"start":{"line":547,"column":8},"end":{"line":550,"column":9}},"type":"if","locations":[{"start":{"line":547,"column":8},"end":{"line":550,"column":9}},{"start":{},"end":{}}],"line":547},"47":{"loc":{"start":{"line":553,"column":6},"end":{"line":558,"column":7}},"type":"if","locations":[{"start":{"line":553,"column":6},"end":{"line":558,"column":7}},{"start":{"line":555,"column":13},"end":{"line":558,"column":7}}],"line":553},"48":{"loc":{"start":{"line":579,"column":17},"end":{"line":579,"column":52}},"type":"cond-expr","locations":[{"start":{"line":579,"column":34},"end":{"line":579,"column":43}},{"start":{"line":579,"column":46},"end":{"line":579,"column":52}}],"line":579},"49":{"loc":{"start":{"line":583,"column":4},"end":{"line":586,"column":5}},"type":"if","locations":[{"start":{"line":583,"column":4},"end":{"line":586,"column":5}},{"start":{},"end":{}}],"line":583},"50":{"loc":{"start":{"line":590,"column":4},"end":{"line":593,"column":5}},"type":"if","locations":[{"start":{"line":590,"column":4},"end":{"line":593,"column":5}},{"start":{},"end":{}}],"line":590},"51":{"loc":{"start":{"line":596,"column":4},"end":{"line":602,"column":5}},"type":"if","locations":[{"start":{"line":596,"column":4},"end":{"line":602,"column":5}},{"start":{},"end":{}}],"line":596},"52":{"loc":{"start":{"line":598,"column":6},"end":{"line":601,"column":7}},"type":"if","locations":[{"start":{"line":598,"column":6},"end":{"line":601,"column":7}},{"start":{},"end":{}}],"line":598},"53":{"loc":{"start":{"line":606,"column":4},"end":{"line":609,"column":5}},"type":"if","locations":[{"start":{"line":606,"column":4},"end":{"line":609,"column":5}},{"start":{},"end":{}}],"line":606},"54":{"loc":{"start":{"line":612,"column":4},"end":{"line":618,"column":5}},"type":"if","locations":[{"start":{"line":612,"column":4},"end":{"line":618,"column":5}},{"start":{},"end":{}}],"line":612},"55":{"loc":{"start":{"line":612,"column":8},"end":{"line":612,"column":44}},"type":"binary-expr","locations":[{"start":{"line":612,"column":8},"end":{"line":612,"column":25}},{"start":{"line":612,"column":29},"end":{"line":612,"column":44}}],"line":612},"56":{"loc":{"start":{"line":614,"column":6},"end":{"line":617,"column":7}},"type":"if","locations":[{"start":{"line":614,"column":6},"end":{"line":617,"column":7}},{"start":{},"end":{}}],"line":614},"57":{"loc":{"start":{"line":622,"column":4},"end":{"line":625,"column":5}},"type":"if","locations":[{"start":{"line":622,"column":4},"end":{"line":625,"column":5}},{"start":{},"end":{}}],"line":622},"58":{"loc":{"start":{"line":639,"column":4},"end":{"line":641,"column":5}},"type":"if","locations":[{"start":{"line":639,"column":4},"end":{"line":641,"column":5}},{"start":{},"end":{}}],"line":639},"59":{"loc":{"start":{"line":658,"column":0},"end":{"line":662,"column":1}},"type":"if","locations":[{"start":{"line":658,"column":0},"end":{"line":662,"column":1}},{"start":{},"end":{}}],"line":658},"60":{"loc":{"start":{"line":658,"column":4},"end":{"line":658,"column":58}},"type":"binary-expr","locations":[{"start":{"line":658,"column":4},"end":{"line":658,"column":27}},{"start":{"line":658,"column":31},"end":{"line":658,"column":58}}],"line":658},"61":{"loc":{"start":{"line":660,"column":17},"end":{"line":660,"column":32}},"type":"cond-expr","locations":[{"start":{"line":660,"column":27},"end":{"line":660,"column":28}},{"start":{"line":660,"column":31},"end":{"line":660,"column":32}}],"line":660}},"s":{"0":1,"1":1,"2":1,"3":1,"4":1,"5":1,"6":1,"7":1,"8":1,"9":0,"10":0,"11":0,"12":1,"13":0,"14":1,"15":1,"16":1,"17":1,"18":0,"19":1,"20":1,"21":32,"22":32,"23":32,"24":6,"25":26,"26":32,"27":32,"28":0,"29":4,"30":4,"31":4,"32":4,"33":4,"34":4,"35":2,"36":1,"37":1,"38":0,"39":1,"40":1,"41":1,"42":4,"43":1,"44":3,"45":3,"46":1,"47":3,"48":3,"49":1,"50":1,"51":1,"52":1,"53":1,"54":1,"55":0,"56":1,"57":1,"58":1,"59":1,"60":1,"61":1,"62":1,"63":1,"64":1,"65":1,"66":2,"67":2,"68":2,"69":4,"70":0,"71":0,"72":0,"73":0,"74":0,"75":0,"76":0,"77":0,"78":0,"79":0,"80":0,"81":0,"82":0,"83":0,"84":0,"85":0,"86":0,"87":0,"88":0,"89":0,"90":0,"91":0,"92":0,"93":2,"94":0,"95":0,"96":2,"97":2,"98":2,"99":2,"100":2,"101":2,"102":4,"103":4,"104":4,"105":4,"106":0,"107":4,"108":4,"109":16,"110":4,"111":252,"112":1008,"113":252,"114":756,"115":252,"116":1008,"117":252,"118":252,"119":252,"120":251,"121":1,"122":1,"123":1,"124":0,"125":4,"126":4,"127":0,"128":0,"129":0,"130":0,"131":0,"132":0,"133":0,"134":0,"135":0,"136":0,"137":4,"138":4,"139":0,"140":4,"141":4,"142":1,"143":1,"144":1,"145":1,"146":1,"147":1,"148":1,"149":1,"150":1,"151":0,"152":0,"153":1,"154":0,"155":0,"156":0,"157":0,"158":0,"159":0,"160":2,"161":3,"162":0,"163":3,"164":3,"165":3,"166":3,"167":3,"168":3,"169":3,"170":0,"171":3,"172":3,"173":3,"174":3,"175":3,"176":0,"177":3,"178":0,"179":0,"180":3,"181":0,"182":0,"183":0,"184":0,"185":0,"186":0,"187":0,"188":0,"189":0,"190":0,"191":0,"192":0,"193":0,"194":0,"195":0,"196":0,"197":0,"198":0,"199":0,"200":0,"201":0,"202":0,"203":0,"204":0,"205":0,"206":0,"207":0,"208":0,"209":0,"210":0,"211":0,"212":0,"213":2,"214":2,"215":2,"216":2,"217":2,"218":2,"219":2,"220":2,"221":2,"222":2,"223":0,"224":0,"225":0,"226":0,"227":0,"228":0,"229":0,"230":0,"231":0,"232":0,"233":0,"234":0,"235":0,"236":0,"237":0,"238":0,"239":0,"240":0,"241":0,"242":0,"243":0,"244":0,"245":0,"246":0,"247":0,"248":0,"249":2,"250":2,"251":2,"252":0,"253":1,"254":1,"255":0,"256":0},"f":{"0":32,"1":4,"2":1,"3":0,"4":0,"5":2,"6":16,"7":1008,"8":1008,"9":3,"10":0,"11":2,"12":0},"b":{"0":[1,0],"1":[1,0],"2":[0,1],"3":[0,0],"4":[0,0],"5":[0,1],"6":[0,0],"7":[0,1],"8":[26],"9":[6,26],"10":[0,32],"11":[32,0],"12":[1,1],"13":[0,1],"14":[1,3],"15":[1,2],"16":[3,1],"17":[0,3],"18":[1,0],"19":[1,0],"20":[1,0],"21":[0,0],"22":[0,0],"23":[0,2],"24":[0,4],"25":[16,12],"26":[252,756],"27":[252,0],"28":[0,4],"29":[0,0],"30":[0,4],"31":[4,0],"32":[1,3],"33":[1,0],"34":[0,1],"35":[0,1],"36":[0,0],"37":[0,3],"38":[3,3],"39":[3,0],"40":[0,3],"41":[0,0],"42":[0,0],"43":[0,0,0],"44":[0,0],"45":[0,0],"46":[0,0],"47":[0,0],"48":[0,2],"49":[2,0],"50":[0,0],"51":[0,0],"52":[0,0],"53":[0,0],"54":[0,0],"55":[0,0],"56":[0,0],"57":[0,0],"58":[0,2],"59":[0,1],"60":[1,0],"61":[0,0]},"_coverageSchema":"1a1c01bbd47fc00a2c39e90264f33305004495a9","hash":"193ae4b26f1fd875698273c345c31af44b2a03e8"}
,"/Users/studio/Documents/vibecode-webgui/src/app/api/ai/generate-project/route.ts": {"path":"/Users/studio/Documents/vibecode-webgui/src/app/api/ai/generate-project/route.ts","statementMap":{"0":{"start":{"line":4,"column":30},"end":{"line":6,"column":2}},"1":{"start":{"line":9,"column":2},"end":{"line":30,"column":3}},"2":{"start":{"line":10,"column":17},"end":{"line":10,"column":37}},"3":{"start":{"line":11,"column":23},"end":{"line":11,"column":60}},"4":{"start":{"line":13,"column":4},"end":{"line":18,"column":5}},"5":{"start":{"line":14,"column":6},"end":{"line":17,"column":8}},"6":{"start":{"line":20,"column":4},"end":{"line":24,"column":7}},"7":{"start":{"line":26,"column":4},"end":{"line":29,"column":6}}},"fnMap":{"0":{"name":"POST","decl":{"start":{"line":8,"column":22},"end":{"line":8,"column":26}},"loc":{"start":{"line":8,"column":49},"end":{"line":31,"column":1}},"line":8}},"branchMap":{"0":{"loc":{"start":{"line":13,"column":4},"end":{"line":18,"column":5}},"type":"if","locations":[{"start":{"line":13,"column":4},"end":{"line":18,"column":5}},{"start":{},"end":{}}],"line":13}},"s":{"0":1,"1":0,"2":0,"3":0,"4":0,"5":0,"6":0,"7":0},"f":{"0":0},"b":{"0":[0,0]},"_coverageSchema":"1a1c01bbd47fc00a2c39e90264f33305004495a9","hash":"fb83f9fd691d563b3c529b5f33382d26d21d1172"}
,"/Users/studio/Documents/vibecode-webgui/src/lib/collaboration.ts": {"path":"/Users/studio/Documents/vibecode-webgui/src/lib/collaboration.ts","statementMap":{"0":{"start":{"line":36,"column":21},"end":{"line":36,"column":60}},"1":{"start":{"line":37,"column":50},"end":{"line":37,"column":54}},"2":{"start":{"line":41,"column":4},"end":{"line":41,"column":22}},"3":{"start":{"line":48,"column":4},"end":{"line":48,"column":27}},"4":{"start":{"line":59,"column":4},"end":{"line":61,"column":5}},"5":{"start":{"line":60,"column":6},"end":{"line":60,"column":43}},"6":{"start":{"line":63,"column":4},"end":{"line":65,"column":5}},"7":{"start":{"line":64,"column":6},"end":{"line":64,"column":74}},"8":{"start":{"line":68,"column":16},"end":{"line":68,"column":27}},"9":{"start":{"line":71,"column":23},"end":{"line":82,"column":5}},"10":{"start":{"line":85,"column":24},"end":{"line":85,"column":28}},"11":{"start":{"line":88,"column":42},"end":{"line":96,"column":5}},"12":{"start":{"line":99,"column":4},"end":{"line":99,"column":60}},"13":{"start":{"line":102,"column":4},"end":{"line":109,"column":5}},"14":{"start":{"line":103,"column":6},"end":{"line":108,"column":8}},"15":{"start":{"line":112,"column":4},"end":{"line":122,"column":6}},"16":{"start":{"line":113,"column":21},"end":{"line":113,"column":54}},"17":{"start":{"line":114,"column":6},"end":{"line":121,"column":7}},"18":{"start":{"line":115,"column":8},"end":{"line":115,"column":29}},"19":{"start":{"line":116,"column":8},"end":{"line":120,"column":10}},"20":{"start":{"line":117,"column":10},"end":{"line":119,"column":11}},"21":{"start":{"line":118,"column":12},"end":{"line":118,"column":56}},"22":{"start":{"line":124,"column":4},"end":{"line":124,"column":42}},"23":{"start":{"line":125,"column":4},"end":{"line":125,"column":18}},"24":{"start":{"line":132,"column":20},"end":{"line":132,"column":49}},"25":{"start":{"line":133,"column":4},"end":{"line":133,"column":24}},"26":{"start":{"line":133,"column":18},"end":{"line":133,"column":24}},"27":{"start":{"line":136,"column":4},"end":{"line":140,"column":5}},"28":{"start":{"line":137,"column":6},"end":{"line":137,"column":33}},"29":{"start":{"line":139,"column":6},"end":{"line":139,"column":55}},"30":{"start":{"line":142,"column":4},"end":{"line":146,"column":5}},"31":{"start":{"line":143,"column":6},"end":{"line":143,"column":38}},"32":{"start":{"line":145,"column":6},"end":{"line":145,"column":58}},"33":{"start":{"line":149,"column":4},"end":{"line":149,"column":36}},"34":{"start":{"line":156,"column":4},"end":{"line":156,"column":35}},"35":{"start":{"line":163,"column":4},"end":{"line":163,"column":34}},"36":{"start":{"line":170,"column":4},"end":{"line":170,"column":77}},"37":{"start":{"line":170,"column":71},"end":{"line":170,"column":77}},"38":{"start":{"line":172,"column":4},"end":{"line":172,"column":46}},"39":{"start":{"line":173,"column":4},"end":{"line":176,"column":6}},"40":{"start":{"line":183,"column":4},"end":{"line":183,"column":27}},"41":{"start":{"line":183,"column":18},"end":{"line":183,"column":27}},"42":{"start":{"line":184,"column":4},"end":{"line":184,"column":45}},"43":{"start":{"line":191,"column":19},"end":{"line":195,"column":5}},"44":{"start":{"line":198,"column":15},"end":{"line":198,"column":16}},"45":{"start":{"line":199,"column":4},"end":{"line":201,"column":5}},"46":{"start":{"line":199,"column":17},"end":{"line":199,"column":18}},"47":{"start":{"line":200,"column":6},"end":{"line":200,"column":56}},"48":{"start":{"line":203,"column":4},"end":{"line":203,"column":49}},"49":{"start":{"line":213,"column":21},"end":{"line":213,"column":41}},"50":{"start":{"line":214,"column":26},"end":{"line":214,"column":56}},"51":{"start":{"line":215,"column":4},"end":{"line":215,"column":48}},"52":{"start":{"line":216,"column":4},"end":{"line":216,"column":44}},"53":{"start":{"line":228,"column":21},"end":{"line":228,"column":41}},"54":{"start":{"line":229,"column":24},"end":{"line":229,"column":45}},"55":{"start":{"line":231,"column":4},"end":{"line":236,"column":5}},"56":{"start":{"line":243,"column":4},"end":{"line":245,"column":5}},"57":{"start":{"line":244,"column":6},"end":{"line":244,"column":41}},"58":{"start":{"line":250,"column":36},"end":{"line":250,"column":62}}},"fnMap":{"0":{"name":"(anonymous_0)","decl":{"start":{"line":40,"column":2},"end":{"line":40,"column":3}},"loc":{"start":{"line":40,"column":87},"end":{"line":42,"column":3}},"line":40},"1":{"name":"(anonymous_1)","decl":{"start":{"line":47,"column":2},"end":{"line":47,"column":3}},"loc":{"start":{"line":47,"column":48},"end":{"line":49,"column":3}},"line":47},"2":{"name":"(anonymous_2)","decl":{"start":{"line":54,"column":2},"end":{"line":54,"column":3}},"loc":{"start":{"line":58,"column":35},"end":{"line":126,"column":3}},"line":58},"3":{"name":"(anonymous_3)","decl":{"start":{"line":112,"column":39},"end":{"line":112,"column":40}},"loc":{"start":{"line":112,"column":45},"end":{"line":122,"column":5}},"line":112},"4":{"name":"(anonymous_4)","decl":{"start":{"line":116,"column":23},"end":{"line":116,"column":24}},"loc":{"start":{"line":116,"column":44},"end":{"line":120,"column":9}},"line":116},"5":{"name":"(anonymous_5)","decl":{"start":{"line":131,"column":2},"end":{"line":131,"column":3}},"loc":{"start":{"line":131,"column":56},"end":{"line":150,"column":3}},"line":131},"6":{"name":"(anonymous_6)","decl":{"start":{"line":155,"column":2},"end":{"line":155,"column":3}},"loc":{"start":{"line":155,"column":74},"end":{"line":157,"column":3}},"line":155},"7":{"name":"(anonymous_7)","decl":{"start":{"line":162,"column":2},"end":{"line":162,"column":3}},"loc":{"start":{"line":162,"column":78},"end":{"line":164,"column":3}},"line":162},"8":{"name":"(anonymous_8)","decl":{"start":{"line":169,"column":2},"end":{"line":169,"column":3}},"loc":{"start":{"line":169,"column":89},"end":{"line":177,"column":3}},"line":169},"9":{"name":"(anonymous_9)","decl":{"start":{"line":182,"column":2},"end":{"line":182,"column":3}},"loc":{"start":{"line":182,"column":76},"end":{"line":185,"column":3}},"line":182},"10":{"name":"(anonymous_10)","decl":{"start":{"line":190,"column":2},"end":{"line":190,"column":3}},"loc":{"start":{"line":190,"column":51},"end":{"line":204,"column":3}},"line":190},"11":{"name":"(anonymous_11)","decl":{"start":{"line":209,"column":2},"end":{"line":209,"column":3}},"loc":{"start":{"line":209,"column":56},"end":{"line":217,"column":3}},"line":209},"12":{"name":"(anonymous_12)","decl":{"start":{"line":222,"column":2},"end":{"line":222,"column":3}},"loc":{"start":{"line":227,"column":4},"end":{"line":237,"column":3}},"line":227},"13":{"name":"(anonymous_13)","decl":{"start":{"line":242,"column":2},"end":{"line":242,"column":3}},"loc":{"start":{"line":242,"column":33},"end":{"line":246,"column":3}},"line":242}},"branchMap":{"0":{"loc":{"start":{"line":40,"column":14},"end":{"line":40,"column":85}},"type":"default-arg","locations":[{"start":{"line":40,"column":30},"end":{"line":40,"column":85}}],"line":40},"1":{"loc":{"start":{"line":40,"column":30},"end":{"line":40,"column":85}},"type":"binary-expr","locations":[{"start":{"line":40,"column":30},"end":{"line":40,"column":60}},{"start":{"line":40,"column":64},"end":{"line":40,"column":85}}],"line":40},"2":{"loc":{"start":{"line":59,"column":4},"end":{"line":61,"column":5}},"type":"if","locations":[{"start":{"line":59,"column":4},"end":{"line":61,"column":5}},{"start":{},"end":{}}],"line":59},"3":{"loc":{"start":{"line":63,"column":4},"end":{"line":65,"column":5}},"type":"if","locations":[{"start":{"line":63,"column":4},"end":{"line":65,"column":5}},{"start":{},"end":{}}],"line":63},"4":{"loc":{"start":{"line":102,"column":4},"end":{"line":109,"column":5}},"type":"if","locations":[{"start":{"line":102,"column":4},"end":{"line":109,"column":5}},{"start":{},"end":{}}],"line":102},"5":{"loc":{"start":{"line":114,"column":6},"end":{"line":121,"column":7}},"type":"if","locations":[{"start":{"line":114,"column":6},"end":{"line":121,"column":7}},{"start":{},"end":{}}],"line":114},"6":{"loc":{"start":{"line":117,"column":10},"end":{"line":119,"column":11}},"type":"if","locations":[{"start":{"line":117,"column":10},"end":{"line":119,"column":11}},{"start":{},"end":{}}],"line":117},"7":{"loc":{"start":{"line":133,"column":4},"end":{"line":133,"column":24}},"type":"if","locations":[{"start":{"line":133,"column":4},"end":{"line":133,"column":24}},{"start":{},"end":{}}],"line":133},"8":{"loc":{"start":{"line":155,"column":41},"end":{"line":155,"column":64}},"type":"default-arg","locations":[{"start":{"line":155,"column":55},"end":{"line":155,"column":64}}],"line":155},"9":{"loc":{"start":{"line":162,"column":40},"end":{"line":162,"column":64}},"type":"default-arg","locations":[{"start":{"line":162,"column":54},"end":{"line":162,"column":64}}],"line":162},"10":{"loc":{"start":{"line":170,"column":4},"end":{"line":170,"column":77}},"type":"if","locations":[{"start":{"line":170,"column":4},"end":{"line":170,"column":77}},{"start":{},"end":{}}],"line":170},"11":{"loc":{"start":{"line":170,"column":8},"end":{"line":170,"column":69}},"type":"binary-expr","locations":[{"start":{"line":170,"column":8},"end":{"line":170,"column":25}},{"start":{"line":170,"column":29},"end":{"line":170,"column":37}},{"start":{"line":170,"column":41},"end":{"line":170,"column":69}}],"line":170},"12":{"loc":{"start":{"line":183,"column":4},"end":{"line":183,"column":27}},"type":"if","locations":[{"start":{"line":183,"column":4},"end":{"line":183,"column":27}},{"start":{},"end":{}}],"line":183},"13":{"loc":{"start":{"line":214,"column":26},"end":{"line":214,"column":56}},"type":"binary-expr","locations":[{"start":{"line":214,"column":26},"end":{"line":214,"column":51}},{"start":{"line":214,"column":55},"end":{"line":214,"column":56}}],"line":214},"14":{"loc":{"start":{"line":234,"column":17},"end":{"line":234,"column":47}},"type":"binary-expr","locations":[{"start":{"line":234,"column":17},"end":{"line":234,"column":42}},{"start":{"line":234,"column":46},"end":{"line":234,"column":47}}],"line":234},"15":{"loc":{"start":{"line":235,"column":20},"end":{"line":235,"column":62}},"type":"binary-expr","locations":[{"start":{"line":235,"column":20},"end":{"line":235,"column":48}},{"start":{"line":235,"column":52},"end":{"line":235,"column":62}}],"line":235}},"s":{"0":39,"1":39,"2":39,"3":24,"4":25,"5":0,"6":25,"7":0,"8":25,"9":25,"10":25,"11":25,"12":25,"13":25,"14":25,"15":25,"16":22,"17":22,"18":22,"19":22,"20":37,"21":37,"22":25,"23":25,"24":25,"25":25,"26":0,"27":25,"28":25,"29":0,"30":25,"31":25,"32":0,"33":25,"34":12,"35":4,"36":2,"37":0,"38":2,"39":2,"40":4,"41":0,"42":4,"43":38,"44":38,"45":38,"46":38,"47":190,"48":38,"49":1,"50":1,"51":1,"52":1,"53":2,"54":2,"55":2,"56":38,"57":23,"58":1},"f":{"0":39,"1":24,"2":25,"3":22,"4":37,"5":25,"6":12,"7":4,"8":2,"9":4,"10":38,"11":1,"12":2,"13":38},"b":{"0":[1],"1":[1,1],"2":[0,25],"3":[0,25],"4":[25,0],"5":[22,0],"6":[37,0],"7":[0,25],"8":[12],"9":[4],"10":[0,2],"11":[2,2,2],"12":[0,4],"13":[1,1],"14":[2,2],"15":[2,2]},"_coverageSchema":"1a1c01bbd47fc00a2c39e90264f33305004495a9","hash":"1751602b6f1027e907c200bbc0d841d40356b7eb"}
,"/Users/studio/Documents/vibecode-webgui/src/lib/enhanced-project-templates.ts": {"path":"/Users/studio/Documents/vibecode-webgui/src/lib/enhanced-project-templates.ts","statementMap":{"0":{"start":{"line":28,"column":59},"end":{"line":28,"column":68}},"1":{"start":{"line":31,"column":4},"end":{"line":31,"column":31}},"2":{"start":{"line":54,"column":8},"end":{"line":54,"column":15}},"3":{"start":{"line":56,"column":34},"end":{"line":104,"column":5}},"4":{"start":{"line":106,"column":4},"end":{"line":129,"column":6}},"5":{"start":{"line":152,"column":8},"end":{"line":152,"column":15}},"6":{"start":{"line":154,"column":34},"end":{"line":170,"column":5}},"7":{"start":{"line":172,"column":4},"end":{"line":195,"column":6}},"8":{"start":{"line":217,"column":8},"end":{"line":217,"column":15}},"9":{"start":{"line":219,"column":34},"end":{"line":230,"column":5}},"10":{"start":{"line":232,"column":4},"end":{"line":255,"column":6}},"11":{"start":{"line":262,"column":4},"end":{"line":262,"column":47}},"12":{"start":{"line":269,"column":4},"end":{"line":269,"column":36}},"13":{"start":{"line":276,"column":4},"end":{"line":286,"column":7}},"14":{"start":{"line":288,"column":4},"end":{"line":298,"column":7}},"15":{"start":{"line":300,"column":4},"end":{"line":310,"column":7}},"16":{"start":{"line":317,"column":4},"end":{"line":337,"column":16}},"17":{"start":{"line":341,"column":4},"end":{"line":350,"column":30}},"18":{"start":{"line":354,"column":4},"end":{"line":361,"column":3}},"19":{"start":{"line":365,"column":4},"end":{"line":391,"column":16}},"20":{"start":{"line":395,"column":4},"end":{"line":408,"column":36}},"21":{"start":{"line":412,"column":4},"end":{"line":412,"column":105}},"22":{"start":{"line":416,"column":4},"end":{"line":433,"column":26}},"23":{"start":{"line":437,"column":4},"end":{"line":463,"column":31}},"24":{"start":{"line":467,"column":4},"end":{"line":485,"column":3}},"25":{"start":{"line":489,"column":4},"end":{"line":495,"column":6}},"26":{"start":{"line":499,"column":4},"end":{"line":504,"column":6}},"27":{"start":{"line":508,"column":4},"end":{"line":515,"column":6}},"28":{"start":{"line":519,"column":4},"end":{"line":523,"column":6}},"29":{"start":{"line":527,"column":4},"end":{"line":532,"column":6}},"30":{"start":{"line":536,"column":4},"end":{"line":551,"column":5}},"31":{"start":{"line":538,"column":8},"end":{"line":543,"column":10}},"32":{"start":{"line":545,"column":8},"end":{"line":548,"column":10}},"33":{"start":{"line":550,"column":8},"end":{"line":550,"column":70}},"34":{"start":{"line":556,"column":4},"end":{"line":571,"column":15}},"35":{"start":{"line":575,"column":4},"end":{"line":606,"column":3}},"36":{"start":{"line":610,"column":4},"end":{"line":635,"column":5}},"37":{"start":{"line":611,"column":6},"end":{"line":634,"column":49}},"38":{"start":{"line":636,"column":4},"end":{"line":636,"column":68}},"39":{"start":{"line":640,"column":4},"end":{"line":647,"column":6}},"40":{"start":{"line":651,"column":4},"end":{"line":655,"column":6}},"41":{"start":{"line":659,"column":4},"end":{"line":665,"column":6}},"42":{"start":{"line":669,"column":4},"end":{"line":672,"column":6}},"43":{"start":{"line":677,"column":4},"end":{"line":702,"column":25}},"44":{"start":{"line":706,"column":4},"end":{"line":749,"column":3}},"45":{"start":{"line":753,"column":4},"end":{"line":760,"column":6}},"46":{"start":{"line":764,"column":4},"end":{"line":768,"column":6}},"47":{"start":{"line":772,"column":4},"end":{"line":778,"column":6}},"48":{"start":{"line":782,"column":4},"end":{"line":786,"column":6}}},"fnMap":{"0":{"name":"(anonymous_0)","decl":{"start":{"line":30,"column":2},"end":{"line":30,"column":3}},"loc":{"start":{"line":30,"column":16},"end":{"line":32,"column":3}},"line":30},"1":{"name":"(anonymous_1)","decl":{"start":{"line":37,"column":2},"end":{"line":37,"column":3}},"loc":{"start":{"line":48,"column":22},"end":{"line":130,"column":3}},"line":48},"2":{"name":"(anonymous_2)","decl":{"start":{"line":135,"column":2},"end":{"line":135,"column":3}},"loc":{"start":{"line":146,"column":22},"end":{"line":196,"column":3}},"line":146},"3":{"name":"(anonymous_3)","decl":{"start":{"line":201,"column":2},"end":{"line":201,"column":3}},"loc":{"start":{"line":211,"column":22},"end":{"line":256,"column":3}},"line":211},"4":{"name":"(anonymous_4)","decl":{"start":{"line":261,"column":2},"end":{"line":261,"column":3}},"loc":{"start":{"line":261,"column":59},"end":{"line":263,"column":3}},"line":261},"5":{"name":"(anonymous_5)","decl":{"start":{"line":268,"column":2},"end":{"line":268,"column":3}},"loc":{"start":{"line":268,"column":71},"end":{"line":270,"column":3}},"line":268},"6":{"name":"(anonymous_6)","decl":{"start":{"line":275,"column":2},"end":{"line":275,"column":3}},"loc":{"start":{"line":275,"column":38},"end":{"line":311,"column":3}},"line":275},"7":{"name":"(anonymous_7)","decl":{"start":{"line":316,"column":2},"end":{"line":316,"column":3}},"loc":{"start":{"line":316,"column":79},"end":{"line":338,"column":3}},"line":316},"8":{"name":"(anonymous_8)","decl":{"start":{"line":340,"column":2},"end":{"line":340,"column":3}},"loc":{"start":{"line":340,"column":53},"end":{"line":351,"column":3}},"line":340},"9":{"name":"(anonymous_9)","decl":{"start":{"line":353,"column":2},"end":{"line":353,"column":3}},"loc":{"start":{"line":353,"column":43},"end":{"line":362,"column":3}},"line":353},"10":{"name":"(anonymous_10)","decl":{"start":{"line":364,"column":2},"end":{"line":364,"column":3}},"loc":{"start":{"line":364,"column":37},"end":{"line":392,"column":3}},"line":364},"11":{"name":"(anonymous_11)","decl":{"start":{"line":394,"column":2},"end":{"line":394,"column":3}},"loc":{"start":{"line":394,"column":51},"end":{"line":409,"column":3}},"line":394},"12":{"name":"(anonymous_12)","decl":{"start":{"line":411,"column":2},"end":{"line":411,"column":3}},"loc":{"start":{"line":411,"column":37},"end":{"line":413,"column":3}},"line":411},"13":{"name":"(anonymous_13)","decl":{"start":{"line":415,"column":2},"end":{"line":415,"column":3}},"loc":{"start":{"line":415,"column":37},"end":{"line":434,"column":3}},"line":415},"14":{"name":"(anonymous_14)","decl":{"start":{"line":436,"column":2},"end":{"line":436,"column":3}},"loc":{"start":{"line":436,"column":42},"end":{"line":464,"column":3}},"line":436},"15":{"name":"(anonymous_15)","decl":{"start":{"line":466,"column":2},"end":{"line":466,"column":3}},"loc":{"start":{"line":466,"column":41},"end":{"line":486,"column":3}},"line":466},"16":{"name":"(anonymous_16)","decl":{"start":{"line":488,"column":2},"end":{"line":488,"column":3}},"loc":{"start":{"line":488,"column":70},"end":{"line":496,"column":3}},"line":488},"17":{"name":"(anonymous_17)","decl":{"start":{"line":498,"column":2},"end":{"line":498,"column":3}},"loc":{"start":{"line":498,"column":61},"end":{"line":505,"column":3}},"line":498},"18":{"name":"(anonymous_18)","decl":{"start":{"line":507,"column":2},"end":{"line":507,"column":3}},"loc":{"start":{"line":507,"column":53},"end":{"line":516,"column":3}},"line":507},"19":{"name":"(anonymous_19)","decl":{"start":{"line":518,"column":2},"end":{"line":518,"column":3}},"loc":{"start":{"line":518,"column":102},"end":{"line":524,"column":3}},"line":518},"20":{"name":"(anonymous_20)","decl":{"start":{"line":526,"column":2},"end":{"line":526,"column":3}},"loc":{"start":{"line":526,"column":61},"end":{"line":533,"column":3}},"line":526},"21":{"name":"(anonymous_21)","decl":{"start":{"line":535,"column":2},"end":{"line":535,"column":3}},"loc":{"start":{"line":535,"column":65},"end":{"line":552,"column":3}},"line":535},"22":{"name":"(anonymous_22)","decl":{"start":{"line":555,"column":2},"end":{"line":555,"column":3}},"loc":{"start":{"line":555,"column":59},"end":{"line":572,"column":3}},"line":555},"23":{"name":"(anonymous_23)","decl":{"start":{"line":574,"column":2},"end":{"line":574,"column":3}},"loc":{"start":{"line":574,"column":61},"end":{"line":607,"column":3}},"line":574},"24":{"name":"(anonymous_24)","decl":{"start":{"line":609,"column":2},"end":{"line":609,"column":3}},"loc":{"start":{"line":609,"column":56},"end":{"line":637,"column":3}},"line":609},"25":{"name":"(anonymous_25)","decl":{"start":{"line":639,"column":2},"end":{"line":639,"column":3}},"loc":{"start":{"line":639,"column":53},"end":{"line":648,"column":3}},"line":639},"26":{"name":"(anonymous_26)","decl":{"start":{"line":650,"column":2},"end":{"line":650,"column":3}},"loc":{"start":{"line":650,"column":102},"end":{"line":656,"column":3}},"line":650},"27":{"name":"(anonymous_27)","decl":{"start":{"line":658,"column":2},"end":{"line":658,"column":3}},"loc":{"start":{"line":658,"column":61},"end":{"line":666,"column":3}},"line":658},"28":{"name":"(anonymous_28)","decl":{"start":{"line":668,"column":2},"end":{"line":668,"column":3}},"loc":{"start":{"line":668,"column":65},"end":{"line":673,"column":3}},"line":668},"29":{"name":"(anonymous_29)","decl":{"start":{"line":676,"column":2},"end":{"line":676,"column":3}},"loc":{"start":{"line":676,"column":71},"end":{"line":703,"column":3}},"line":676},"30":{"name":"(anonymous_30)","decl":{"start":{"line":705,"column":2},"end":{"line":705,"column":3}},"loc":{"start":{"line":705,"column":55},"end":{"line":750,"column":3}},"line":705},"31":{"name":"(anonymous_31)","decl":{"start":{"line":752,"column":2},"end":{"line":752,"column":3}},"loc":{"start":{"line":752,"column":51},"end":{"line":761,"column":3}},"line":752},"32":{"name":"(anonymous_32)","decl":{"start":{"line":763,"column":2},"end":{"line":763,"column":3}},"loc":{"start":{"line":763,"column":100},"end":{"line":769,"column":3}},"line":763},"33":{"name":"(anonymous_33)","decl":{"start":{"line":771,"column":2},"end":{"line":771,"column":3}},"loc":{"start":{"line":771,"column":59},"end":{"line":779,"column":3}},"line":771},"34":{"name":"(anonymous_34)","decl":{"start":{"line":781,"column":2},"end":{"line":781,"column":3}},"loc":{"start":{"line":781,"column":64},"end":{"line":787,"column":3}},"line":781}},"branchMap":{"0":{"loc":{"start":{"line":39,"column":4},"end":{"line":47,"column":10}},"type":"default-arg","locations":[{"start":{"line":47,"column":8},"end":{"line":47,"column":10}}],"line":39},"1":{"loc":{"start":{"line":50,"column":6},"end":{"line":50,"column":27}},"type":"default-arg","locations":[{"start":{"line":50,"column":19},"end":{"line":50,"column":27}}],"line":50},"2":{"loc":{"start":{"line":51,"column":6},"end":{"line":51,"column":29}},"type":"default-arg","locations":[{"start":{"line":51,"column":17},"end":{"line":51,"column":29}}],"line":51},"3":{"loc":{"start":{"line":52,"column":6},"end":{"line":52,"column":33}},"type":"default-arg","locations":[{"start":{"line":52,"column":23},"end":{"line":52,"column":33}}],"line":52},"4":{"loc":{"start":{"line":53,"column":6},"end":{"line":53,"column":27}},"type":"default-arg","locations":[{"start":{"line":53,"column":19},"end":{"line":53,"column":27}}],"line":53},"5":{"loc":{"start":{"line":137,"column":4},"end":{"line":145,"column":10}},"type":"default-arg","locations":[{"start":{"line":145,"column":8},"end":{"line":145,"column":10}}],"line":137},"6":{"loc":{"start":{"line":148,"column":6},"end":{"line":148,"column":27}},"type":"default-arg","locations":[{"start":{"line":148,"column":18},"end":{"line":148,"column":27}}],"line":148},"7":{"loc":{"start":{"line":149,"column":6},"end":{"line":149,"column":29}},"type":"default-arg","locations":[{"start":{"line":149,"column":20},"end":{"line":149,"column":29}}],"line":149},"8":{"loc":{"start":{"line":150,"column":6},"end":{"line":150,"column":25}},"type":"default-arg","locations":[{"start":{"line":150,"column":17},"end":{"line":150,"column":25}}],"line":150},"9":{"loc":{"start":{"line":151,"column":6},"end":{"line":151,"column":27}},"type":"default-arg","locations":[{"start":{"line":151,"column":19},"end":{"line":151,"column":27}}],"line":151},"10":{"loc":{"start":{"line":203,"column":4},"end":{"line":210,"column":10}},"type":"default-arg","locations":[{"start":{"line":210,"column":8},"end":{"line":210,"column":10}}],"line":203},"11":{"loc":{"start":{"line":213,"column":6},"end":{"line":213,"column":24}},"type":"default-arg","locations":[{"start":{"line":213,"column":18},"end":{"line":213,"column":24}}],"line":213},"12":{"loc":{"start":{"line":214,"column":6},"end":{"line":214,"column":29}},"type":"default-arg","locations":[{"start":{"line":214,"column":17},"end":{"line":214,"column":29}}],"line":214},"13":{"loc":{"start":{"line":215,"column":6},"end":{"line":215,"column":18}},"type":"default-arg","locations":[{"start":{"line":215,"column":13},"end":{"line":215,"column":18}}],"line":215},"14":{"loc":{"start":{"line":216,"column":6},"end":{"line":216,"column":27}},"type":"default-arg","locations":[{"start":{"line":216,"column":19},"end":{"line":216,"column":27}}],"line":216},"15":{"loc":{"start":{"line":536,"column":4},"end":{"line":551,"column":5}},"type":"switch","locations":[{"start":{"line":537,"column":6},"end":{"line":543,"column":10}},{"start":{"line":544,"column":6},"end":{"line":548,"column":10}},{"start":{"line":549,"column":6},"end":{"line":550,"column":70}}],"line":536},"16":{"loc":{"start":{"line":610,"column":4},"end":{"line":635,"column":5}},"type":"if","locations":[{"start":{"line":610,"column":4},"end":{"line":635,"column":5}},{"start":{},"end":{}}],"line":610}},"s":{"0":11,"1":11,"2":3,"3":3,"4":3,"5":3,"6":3,"7":3,"8":3,"9":3,"10":3,"11":1,"12":2,"13":11,"14":11,"15":11,"16":3,"17":3,"18":3,"19":3,"20":3,"21":3,"22":3,"23":3,"24":3,"25":3,"26":3,"27":3,"28":3,"29":6,"30":3,"31":3,"32":0,"33":0,"34":3,"35":3,"36":3,"37":3,"38":0,"39":3,"40":3,"41":6,"42":3,"43":3,"44":3,"45":3,"46":3,"47":6,"48":3},"f":{"0":11,"1":3,"2":3,"3":3,"4":1,"5":2,"6":11,"7":3,"8":3,"9":3,"10":3,"11":3,"12":3,"13":3,"14":3,"15":3,"16":3,"17":3,"18":3,"19":3,"20":6,"21":3,"22":3,"23":3,"24":3,"25":3,"26":3,"27":6,"28":3,"29":3,"30":3,"31":3,"32":3,"33":6,"34":3},"b":{"0":[2],"1":[2],"2":[2],"3":[2],"4":[2],"5":[2],"6":[2],"7":[2],"8":[2],"9":[2],"10":[2],"11":[2],"12":[2],"13":[2],"14":[2],"15":[3,0,0],"16":[3,0]},"_coverageSchema":"1a1c01bbd47fc00a2c39e90264f33305004495a9","hash":"275340496877af0998c7fb37307efaf6517cb644"}
,"/Users/studio/Documents/vibecode-webgui/src/lib/logger.ts": {"path":"/Users/studio/Documents/vibecode-webgui/src/lib/logger.ts","statementMap":{"0":{"start":{"line":34,"column":19},"end":{"line":34,"column":48}},"1":{"start":{"line":36,"column":2},"end":{"line":44,"column":4}},"2":{"start":{"line":51,"column":15},"end":{"line":51,"column":32}},"3":{"start":{"line":54,"column":40},"end":{"line":61,"column":1}},"4":{"start":{"line":64,"column":54},"end":{"line":71,"column":1}},"5":{"start":{"line":68,"column":6},"end":{"line":68,"column":30}},"6":{"start":{"line":74,"column":55},"end":{"line":74,"column":57}},"7":{"start":{"line":77,"column":0},"end":{"line":87,"column":1}},"8":{"start":{"line":78,"column":2},"end":{"line":86,"column":5}},"9":{"start":{"line":90,"column":0},"end":{"line":102,"column":1}},"10":{"start":{"line":91,"column":2},"end":{"line":101,"column":5}},"11":{"start":{"line":105,"column":19},"end":{"line":112,"column":35}},"12":{"start":{"line":118,"column":22},"end":{"line":158,"column":1}},"13":{"start":{"line":120,"column":4},"end":{"line":124,"column":5}},"14":{"start":{"line":121,"column":6},"end":{"line":121,"column":48}},"15":{"start":{"line":123,"column":6},"end":{"line":123,"column":32}},"16":{"start":{"line":128,"column":4},"end":{"line":132,"column":5}},"17":{"start":{"line":129,"column":6},"end":{"line":129,"column":47}},"18":{"start":{"line":131,"column":6},"end":{"line":131,"column":31}},"19":{"start":{"line":136,"column":4},"end":{"line":140,"column":5}},"20":{"start":{"line":137,"column":6},"end":{"line":137,"column":47}},"21":{"start":{"line":139,"column":6},"end":{"line":139,"column":31}},"22":{"start":{"line":144,"column":4},"end":{"line":148,"column":5}},"23":{"start":{"line":145,"column":6},"end":{"line":145,"column":48}},"24":{"start":{"line":147,"column":6},"end":{"line":147,"column":32}},"25":{"start":{"line":152,"column":4},"end":{"line":156,"column":5}},"26":{"start":{"line":153,"column":6},"end":{"line":153,"column":47}},"27":{"start":{"line":155,"column":6},"end":{"line":155,"column":31}},"28":{"start":{"line":162,"column":22},"end":{"line":162,"column":55}},"29":{"start":{"line":164,"column":2},"end":{"line":204,"column":4}},"30":{"start":{"line":166,"column":6},"end":{"line":170,"column":7}},"31":{"start":{"line":167,"column":8},"end":{"line":167,"column":51}},"32":{"start":{"line":169,"column":8},"end":{"line":169,"column":35}},"33":{"start":{"line":174,"column":6},"end":{"line":178,"column":7}},"34":{"start":{"line":175,"column":8},"end":{"line":175,"column":50}},"35":{"start":{"line":177,"column":8},"end":{"line":177,"column":34}},"36":{"start":{"line":182,"column":6},"end":{"line":186,"column":7}},"37":{"start":{"line":183,"column":8},"end":{"line":183,"column":50}},"38":{"start":{"line":185,"column":8},"end":{"line":185,"column":34}},"39":{"start":{"line":190,"column":6},"end":{"line":194,"column":7}},"40":{"start":{"line":191,"column":8},"end":{"line":191,"column":51}},"41":{"start":{"line":193,"column":8},"end":{"line":193,"column":35}},"42":{"start":{"line":198,"column":6},"end":{"line":202,"column":7}},"43":{"start":{"line":199,"column":8},"end":{"line":199,"column":50}},"44":{"start":{"line":201,"column":8},"end":{"line":201,"column":34}},"45":{"start":{"line":208,"column":2},"end":{"line":208,"column":39}},"46":{"start":{"line":212,"column":28},"end":{"line":212,"column":38}}},"fnMap":{"0":{"name":"getLoggerConfig","decl":{"start":{"line":33,"column":9},"end":{"line":33,"column":24}},"loc":{"start":{"line":33,"column":41},"end":{"line":45,"column":1}},"line":33},"1":{"name":"(anonymous_1)","decl":{"start":{"line":67,"column":11},"end":{"line":67,"column":12}},"loc":{"start":{"line":67,"column":22},"end":{"line":69,"column":5}},"line":67},"2":{"name":"(anonymous_2)","decl":{"start":{"line":119,"column":9},"end":{"line":119,"column":10}},"loc":{"start":{"line":119,"column":67},"end":{"line":125,"column":3}},"line":119},"3":{"name":"(anonymous_3)","decl":{"start":{"line":127,"column":8},"end":{"line":127,"column":9}},"loc":{"start":{"line":127,"column":66},"end":{"line":133,"column":3}},"line":127},"4":{"name":"(anonymous_4)","decl":{"start":{"line":135,"column":8},"end":{"line":135,"column":9}},"loc":{"start":{"line":135,"column":66},"end":{"line":141,"column":3}},"line":135},"5":{"name":"(anonymous_5)","decl":{"start":{"line":143,"column":9},"end":{"line":143,"column":10}},"loc":{"start":{"line":143,"column":67},"end":{"line":149,"column":3}},"line":143},"6":{"name":"(anonymous_6)","decl":{"start":{"line":151,"column":7},"end":{"line":151,"column":8}},"loc":{"start":{"line":151,"column":65},"end":{"line":157,"column":3}},"line":151},"7":{"name":"createLogger","decl":{"start":{"line":161,"column":16},"end":{"line":161,"column":28}},"loc":{"start":{"line":161,"column":71},"end":{"line":205,"column":1}},"line":161},"8":{"name":"(anonymous_8)","decl":{"start":{"line":165,"column":11},"end":{"line":165,"column":12}},"loc":{"start":{"line":165,"column":69},"end":{"line":171,"column":5}},"line":165},"9":{"name":"(anonymous_9)","decl":{"start":{"line":173,"column":10},"end":{"line":173,"column":11}},"loc":{"start":{"line":173,"column":68},"end":{"line":179,"column":5}},"line":173},"10":{"name":"(anonymous_10)","decl":{"start":{"line":181,"column":10},"end":{"line":181,"column":11}},"loc":{"start":{"line":181,"column":68},"end":{"line":187,"column":5}},"line":181},"11":{"name":"(anonymous_11)","decl":{"start":{"line":189,"column":11},"end":{"line":189,"column":12}},"loc":{"start":{"line":189,"column":69},"end":{"line":195,"column":5}},"line":189},"12":{"name":"(anonymous_12)","decl":{"start":{"line":197,"column":9},"end":{"line":197,"column":10}},"loc":{"start":{"line":197,"column":67},"end":{"line":203,"column":5}},"line":197},"13":{"name":"createChildLogger","decl":{"start":{"line":207,"column":16},"end":{"line":207,"column":33}},"loc":{"start":{"line":207,"column":76},"end":{"line":209,"column":1}},"line":207}},"branchMap":{"0":{"loc":{"start":{"line":37,"column":11},"end":{"line":37,"column":92}},"type":"cond-expr","locations":[{"start":{"line":37,"column":76},"end":{"line":37,"column":82}},{"start":{"line":37,"column":85},"end":{"line":37,"column":92}}],"line":37},"1":{"loc":{"start":{"line":37,"column":11},"end":{"line":37,"column":73}},"type":"binary-expr","locations":[{"start":{"line":37,"column":11},"end":{"line":37,"column":32}},{"start":{"line":37,"column":36},"end":{"line":37,"column":73}}],"line":37},"2":{"loc":{"start":{"line":39,"column":20},"end":{"line":39,"column":56}},"type":"binary-expr","locations":[{"start":{"line":39,"column":20},"end":{"line":39,"column":28}},{"start":{"line":39,"column":32},"end":{"line":39,"column":56}}],"line":39},"3":{"loc":{"start":{"line":41,"column":17},"end":{"line":41,"column":55}},"type":"binary-expr","locations":[{"start":{"line":41,"column":17},"end":{"line":41,"column":36}},{"start":{"line":41,"column":40},"end":{"line":41,"column":55}}],"line":41},"4":{"loc":{"start":{"line":42,"column":17},"end":{"line":42,"column":60}},"type":"binary-expr","locations":[{"start":{"line":42,"column":17},"end":{"line":42,"column":39}},{"start":{"line":42,"column":43},"end":{"line":42,"column":60}}],"line":42},"5":{"loc":{"start":{"line":43,"column":17},"end":{"line":43,"column":54}},"type":"binary-expr","locations":[{"start":{"line":43,"column":17},"end":{"line":43,"column":37}},{"start":{"line":43,"column":41},"end":{"line":43,"column":54}}],"line":43},"6":{"loc":{"start":{"line":77,"column":0},"end":{"line":87,"column":1}},"type":"if","locations":[{"start":{"line":77,"column":0},"end":{"line":87,"column":1}},{"start":{},"end":{}}],"line":77},"7":{"loc":{"start":{"line":90,"column":0},"end":{"line":102,"column":1}},"type":"if","locations":[{"start":{"line":90,"column":0},"end":{"line":102,"column":1}},{"start":{},"end":{}}],"line":90},"8":{"loc":{"start":{"line":90,"column":4},"end":{"line":90,"column":49}},"type":"binary-expr","locations":[{"start":{"line":90,"column":4},"end":{"line":90,"column":25}},{"start":{"line":90,"column":29},"end":{"line":90,"column":49}}],"line":90},"9":{"loc":{"start":{"line":105,"column":19},"end":{"line":112,"column":35}},"type":"cond-expr","locations":[{"start":{"line":106,"column":4},"end":{"line":111,"column":6}},{"start":{"line":112,"column":4},"end":{"line":112,"column":35}}],"line":105},"10":{"loc":{"start":{"line":120,"column":4},"end":{"line":124,"column":5}},"type":"if","locations":[{"start":{"line":120,"column":4},"end":{"line":124,"column":5}},{"start":{"line":122,"column":11},"end":{"line":124,"column":5}}],"line":120},"11":{"loc":{"start":{"line":121,"column":23},"end":{"line":121,"column":37}},"type":"binary-expr","locations":[{"start":{"line":121,"column":23},"end":{"line":121,"column":31}},{"start":{"line":121,"column":35},"end":{"line":121,"column":37}}],"line":121},"12":{"loc":{"start":{"line":128,"column":4},"end":{"line":132,"column":5}},"type":"if","locations":[{"start":{"line":128,"column":4},"end":{"line":132,"column":5}},{"start":{"line":130,"column":11},"end":{"line":132,"column":5}}],"line":128},"13":{"loc":{"start":{"line":129,"column":22},"end":{"line":129,"column":36}},"type":"binary-expr","locations":[{"start":{"line":129,"column":22},"end":{"line":129,"column":30}},{"start":{"line":129,"column":34},"end":{"line":129,"column":36}}],"line":129},"14":{"loc":{"start":{"line":136,"column":4},"end":{"line":140,"column":5}},"type":"if","locations":[{"start":{"line":136,"column":4},"end":{"line":140,"column":5}},{"start":{"line":138,"column":11},"end":{"line":140,"column":5}}],"line":136},"15":{"loc":{"start":{"line":137,"column":22},"end":{"line":137,"column":36}},"type":"binary-expr","locations":[{"start":{"line":137,"column":22},"end":{"line":137,"column":30}},{"start":{"line":137,"column":34},"end":{"line":137,"column":36}}],"line":137},"16":{"loc":{"start":{"line":144,"column":4},"end":{"line":148,"column":5}},"type":"if","locations":[{"start":{"line":144,"column":4},"end":{"line":148,"column":5}},{"start":{"line":146,"column":11},"end":{"line":148,"column":5}}],"line":144},"17":{"loc":{"start":{"line":145,"column":23},"end":{"line":145,"column":37}},"type":"binary-expr","locations":[{"start":{"line":145,"column":23},"end":{"line":145,"column":31}},{"start":{"line":145,"column":35},"end":{"line":145,"column":37}}],"line":145},"18":{"loc":{"start":{"line":152,"column":4},"end":{"line":156,"column":5}},"type":"if","locations":[{"start":{"line":152,"column":4},"end":{"line":156,"column":5}},{"start":{"line":154,"column":11},"end":{"line":156,"column":5}}],"line":152},"19":{"loc":{"start":{"line":153,"column":22},"end":{"line":153,"column":36}},"type":"binary-expr","locations":[{"start":{"line":153,"column":22},"end":{"line":153,"column":30}},{"start":{"line":153,"column":34},"end":{"line":153,"column":36}}],"line":153},"20":{"loc":{"start":{"line":166,"column":6},"end":{"line":170,"column":7}},"type":"if","locations":[{"start":{"line":166,"column":6},"end":{"line":170,"column":7}},{"start":{"line":168,"column":13},"end":{"line":170,"column":7}}],"line":166},"21":{"loc":{"start":{"line":167,"column":26},"end":{"line":167,"column":40}},"type":"binary-expr","locations":[{"start":{"line":167,"column":26},"end":{"line":167,"column":34}},{"start":{"line":167,"column":38},"end":{"line":167,"column":40}}],"line":167},"22":{"loc":{"start":{"line":174,"column":6},"end":{"line":178,"column":7}},"type":"if","locations":[{"start":{"line":174,"column":6},"end":{"line":178,"column":7}},{"start":{"line":176,"column":13},"end":{"line":178,"column":7}}],"line":174},"23":{"loc":{"start":{"line":175,"column":25},"end":{"line":175,"column":39}},"type":"binary-expr","locations":[{"start":{"line":175,"column":25},"end":{"line":175,"column":33}},{"start":{"line":175,"column":37},"end":{"line":175,"column":39}}],"line":175},"24":{"loc":{"start":{"line":182,"column":6},"end":{"line":186,"column":7}},"type":"if","locations":[{"start":{"line":182,"column":6},"end":{"line":186,"column":7}},{"start":{"line":184,"column":13},"end":{"line":186,"column":7}}],"line":182},"25":{"loc":{"start":{"line":183,"column":25},"end":{"line":183,"column":39}},"type":"binary-expr","locations":[{"start":{"line":183,"column":25},"end":{"line":183,"column":33}},{"start":{"line":183,"column":37},"end":{"line":183,"column":39}}],"line":183},"26":{"loc":{"start":{"line":190,"column":6},"end":{"line":194,"column":7}},"type":"if","locations":[{"start":{"line":190,"column":6},"end":{"line":194,"column":7}},{"start":{"line":192,"column":13},"end":{"line":194,"column":7}}],"line":190},"27":{"loc":{"start":{"line":191,"column":26},"end":{"line":191,"column":40}},"type":"binary-expr","locations":[{"start":{"line":191,"column":26},"end":{"line":191,"column":34}},{"start":{"line":191,"column":38},"end":{"line":191,"column":40}}],"line":191},"28":{"loc":{"start":{"line":198,"column":6},"end":{"line":202,"column":7}},"type":"if","locations":[{"start":{"line":198,"column":6},"end":{"line":202,"column":7}},{"start":{"line":200,"column":13},"end":{"line":202,"column":7}}],"line":198},"29":{"loc":{"start":{"line":199,"column":25},"end":{"line":199,"column":39}},"type":"binary-expr","locations":[{"start":{"line":199,"column":25},"end":{"line":199,"column":33}},{"start":{"line":199,"column":37},"end":{"line":199,"column":39}}],"line":199}},"s":{"0":2,"1":2,"2":2,"3":2,"4":2,"5":0,"6":2,"7":2,"8":2,"9":2,"10":0,"11":2,"12":2,"13":0,"14":0,"15":0,"16":0,"17":0,"18":0,"19":0,"20":0,"21":0,"22":0,"23":0,"24":0,"25":0,"26":0,"27":0,"28":0,"29":0,"30":0,"31":0,"32":0,"33":0,"34":0,"35":0,"36":0,"37":0,"38":0,"39":0,"40":0,"41":0,"42":0,"43":0,"44":0,"45":0,"46":2},"f":{"0":2,"1":0,"2":0,"3":0,"4":0,"5":0,"6":0,"7":0,"8":0,"9":0,"10":0,"11":0,"12":0,"13":0},"b":{"0":[0,2],"1":[2,2],"2":[2,2],"3":[2,2],"4":[2,2],"5":[2,0],"6":[2,0],"7":[0,2],"8":[2,0],"9":[2,0],"10":[0,0],"11":[0,0],"12":[0,0],"13":[0,0],"14":[0,0],"15":[0,0],"16":[0,0],"17":[0,0],"18":[0,0],"19":[0,0],"20":[0,0],"21":[0,0],"22":[0,0],"23":[0,0],"24":[0,0],"25":[0,0],"26":[0,0],"27":[0,0],"28":[0,0],"29":[0,0]},"_coverageSchema":"1a1c01bbd47fc00a2c39e90264f33305004495a9","hash":"9b91bcd0305f4c31e2f4232fc9b1579d67db7ae4"}
[...]
vector-db-error-handler.ts": {"path":"/Users/studio/Documents/vibecode-webgui/tests/mocks/vector-db-error-handler.ts","statementMap":{"0":{"start":{"line":9,"column":33},"end":{"line":17,"column":1}},"1":{"start":{"line":20,"column":29},"end":{"line":20,"column":42}},"2":{"start":{"line":25,"column":35},"end":{"line":72,"column":1}},"3":{"start":{"line":31,"column":2},"end":{"line":33,"column":3}},"4":{"start":{"line":32,"column":4},"end":{"line":32,"column":17}},"5":{"start":{"line":35,"column":23},"end":{"line":35,"column":71}},"6":{"start":{"line":36,"column":44},"end":{"line":36,"column":46}},"7":{"start":{"line":39,"column":2},"end":{"line":39,"column":49}},"8":{"start":{"line":39,"column":18},"end":{"line":39,"column":49}},"9":{"start":{"line":40,"column":2},"end":{"line":40,"column":52}},"10":{"start":{"line":40,"column":19},"end":{"line":40,"column":52}},"11":{"start":{"line":41,"column":2},"end":{"line":41,"column":52}},"12":{"start":{"line":41,"column":19},"end":{"line":41,"column":52}},"13":{"start":{"line":44,"column":18},"end":{"line":44,"column":49}},"14":{"start":{"line":45,"column":18},"end":{"line":45,"column":44}},"15":{"start":{"line":46,"column":15},"end":{"line":46,"column":44}},"16":{"start":{"line":48,"column":2},"end":{"line":56,"column":3}},"17":{"start":{"line":49,"column":4},"end":{"line":49,"column":45}},"18":{"start":{"line":50,"column":9},"end":{"line":56,"column":3}},"19":{"start":{"line":51,"column":4},"end":{"line":51,"column":42}},"20":{"start":{"line":52,"column":9},"end":{"line":56,"column":3}},"21":{"start":{"line":53,"column":4},"end":{"line":53,"column":54}},"22":{"start":{"line":54,"column":9},"end":{"line":56,"column":3}},"23":{"start":{"line":55,"column":4},"end":{"line":55,"column":47}},"24":{"start":{"line":60,"column":4},"end":{"line":61,"column":43}},"25":{"start":{"line":64,"column":2},"end":{"line":71,"column":4}}},"fnMap":{"0":{"name":"(anonymous_0)","decl":{"start":{"line":25,"column":35},"end":{"line":25,"column":36}},"loc":{"start":{"line":29,"column":20},"end":{"line":72,"column":1}},"line":29}},"branchMap":{"0":{"loc":{"start":{"line":31,"column":2},"end":{"line":33,"column":3}},"type":"if","locations":[{"start":{"line":31,"column":2},"end":{"line":33,"column":3}},{"start":{},"end":{}}],"line":31},"1":{"loc":{"start":{"line":35,"column":23},"end":{"line":35,"column":71}},"type":"binary-expr","locations":[{"start":{"line":35,"column":23},"end":{"line":35,"column":36}},{"start":{"line":35,"column":40},"end":{"line":35,"column":71}}],"line":35},"2":{"loc":{"start":{"line":39,"column":2},"end":{"line":39,"column":49}},"type":"if","locations":[{"start":{"line":39,"column":2},"end":{"line":39,"column":49}},{"start":{},"end":{}}],"line":39},"3":{"loc":{"start":{"line":40,"column":2},"end":{"line":40,"column":52}},"type":"if","locations":[{"start":{"line":40,"column":2},"end":{"line":40,"column":52}},{"start":{},"end":{}}],"line":40},"4":{"loc":{"start":{"line":41,"column":2},"end":{"line":41,"column":52}},"type":"if","locations":[{"start":{"line":41,"column":2},"end":{"line":41,"column":52}},{"start":{},"end":{}}],"line":41},"5":{"loc":{"start":{"line":46,"column":16},"end":{"line":46,"column":32}},"type":"binary-expr","locations":[{"start":{"line":46,"column":16},"end":{"line":46,"column":26}},{"start":{"line":46,"column":30},"end":{"line":46,"column":32}}],"line":46},"6":{"loc":{"start":{"line":48,"column":2},"end":{"line":56,"column":3}},"type":"if","locations":[{"start":{"line":48,"column":2},"end":{"line":56,"column":3}},{"start":{"line":50,"column":9},"end":{"line":56,"column":3}}],"line":48},"7":{"loc":{"start":{"line":48,"column":6},"end":{"line":48,"column":63}},"type":"binary-expr","locations":[{"start":{"line":48,"column":6},"end":{"line":48,"column":29}},{"start":{"line":48,"column":33},"end":{"line":48,"column":63}}],"line":48},"8":{"loc":{"start":{"line":50,"column":9},"end":{"line":56,"column":3}},"type":"if","locations":[{"start":{"line":50,"column":9},"end":{"line":56,"column":3}},{"start":{"line":52,"column":9},"end":{"line":56,"column":3}}],"line":50},"9":{"loc":{"start":{"line":52,"column":9},"end":{"line":56,"column":3}},"type":"if","locations":[{"start":{"line":52,"column":9},"end":{"line":56,"column":3}},{"start":{"line":54,"column":9},"end":{"line":56,"column":3}}],"line":52},"10":{"loc":{"start":{"line":52,"column":13},"end":{"line":52,"column":71}},"type":"binary-expr","locations":[{"start":{"line":52,"column":13},"end":{"line":52,"column":37}},{"start":{"line":52,"column":41},"end":{"line":52,"column":71}}],"line":52},"11":{"loc":{"start":{"line":54,"column":9},"end":{"line":56,"column":3}},"type":"if","locations":[{"start":{"line":54,"column":9},"end":{"line":56,"column":3}},{"start":{},"end":{}}],"line":54},"12":{"loc":{"start":{"line":54,"column":13},"end":{"line":54,"column":65}},"type":"binary-expr","locations":[{"start":{"line":54,"column":13},"end":{"line":54,"column":38}},{"start":{"line":54,"column":42},"end":{"line":54,"column":65}}],"line":54},"13":{"loc":{"start":{"line":60,"column":4},"end":{"line":61,"column":43}},"type":"binary-expr","locations":[{"start":{"line":60,"column":4},"end":{"line":60,"column":46}},{"start":{"line":61,"column":4},"end":{"line":61,"column":43}}],"line":60}},"s":{"0":1,"1":1,"2":1,"3":1,"4":0,"5":1,"6":1,"7":1,"8":0,"9":1,"10":0,"11":1,"12":1,"13":1,"14":1,"15":1,"16":1,"17":0,"18":1,"19":0,"20":1,"21":0,"22":1,"23":0,"24":1,"25":1},"f":{"0":1},"b":{"0":[0,1],"1":[1,0],"2":[0,1],"3":[0,1],"4":[1,0],"5":[1,1],"6":[0,1],"7":[1,1],"8":[0,1],"9":[0,1],"10":[1,1],"11":[0,1],"12":[1,1],"13":[1,1]},"_coverageSchema":"1a1c01bbd47fc00a2c39e90264f33305004495a9","hash":"61a0b903ea9c1568aa69d4a322987491f996ca08"}
,"/Users/studio/Documents/vibecode-webgui/tests/mocks/vector-types.ts": {"path":"/Users/studio/Documents/vibecode-webgui/tests/mocks/vector-types.ts","statementMap":{},"fnMap":{},"branchMap":{},"s":{},"f":{},"b":{},"_coverageSchema":"1a1c01bbd47fc00a2c39e90264f33305004495a9","hash":"c332cdc7ab5d46c523b3353324e529b482a1fe4b"}
,"/Users/studio/Documents/vibecode-webgui/tests/utils/infrastructure-detection.js": {"path":"/Users/studio/Documents/vibecode-webgui/tests/utils/infrastructure-detection.js","statementMap":{"0":{"start":{"line":6,"column":21},"end":{"line":6,"column":45}},"1":{"start":{"line":14,"column":2},"end":{"line":19,"column":3}},"2":{"start":{"line":15,"column":4},"end":{"line":15,"column":58}},"3":{"start":{"line":16,"column":4},"end":{"line":16,"column":16}},"4":{"start":{"line":18,"column":4},"end":{"line":18,"column":17}},"5":{"start":{"line":27,"column":2},"end":{"line":27,"column":50}},"6":{"start":{"line":35,"column":2},"end":{"line":35,"column":34}},"7":{"start":{"line":35,"column":21},"end":{"line":35,"column":34}},"8":{"start":{"line":37,"column":2},"end":{"line":46,"column":3}},"9":{"start":{"line":38,"column":24},"end":{"line":42,"column":6}},"10":{"start":{"line":43,"column":4},"end":{"line":43,"column":105}},"11":{"start":{"line":45,"column":4},"end":{"line":45,"column":17}},"12":{"start":{"line":54,"column":2},"end":{"line":54,"column":44}},"13":{"start":{"line":54,"column":31},"end":{"line":54,"column":44}},"14":{"start":{"line":56,"column":2},"end":{"line":61,"column":3}},"15":{"start":{"line":57,"column":24},"end":{"line":57,"column":114}},"16":{"start":{"line":58,"column":4},"end":{"line":58,"column":82}},"17":{"start":{"line":60,"column":4},"end":{"line":60,"column":17}},"18":{"start":{"line":69,"column":2},"end":{"line":73,"column":42}},"19":{"start":{"line":81,"column":2},"end":{"line":81,"column":38}},"20":{"start":{"line":90,"column":2},"end":{"line":98,"column":3}},"21":{"start":{"line":92,"column":19},"end":{"line":94,"column":6}},"22":{"start":{"line":95,"column":4},"end":{"line":95,"column":53}},"23":{"start":{"line":97,"column":4},"end":{"line":97,"column":17}},"24":{"start":{"line":106,"column":2},"end":{"line":106,"column":40}},"25":{"start":{"line":114,"column":2},"end":{"line":114,"column":34}},"26":{"start":{"line":114,"column":21},"end":{"line":114,"column":34}},"27":{"start":{"line":115,"column":2},"end":{"line":120,"column":3}},"28":{"start":{"line":116,"column":4},"end":{"line":116,"column":108}},"29":{"start":{"line":117,"column":4},"end":{"line":117,"column":16}},"30":{"start":{"line":119,"column":4},"end":{"line":119,"column":17}},"31":{"start":{"line":133,"column":18},"end":{"line":133,"column":20}},"32":{"start":{"line":135,"column":2},"end":{"line":137,"column":3}},"33":{"start":{"line":136,"column":4},"end":{"line":136,"column":39}},"34":{"start":{"line":139,"column":2},"end":{"line":141,"column":3}},"35":{"start":{"line":140,"column":4},"end":{"line":140,"column":33}},"36":{"start":{"line":143,"column":2},"end":{"line":145,"column":3}},"37":{"start":{"line":144,"column":4},"end":{"line":144,"column":25}},"38":{"start":{"line":148,"column":2},"end":{"line":150,"column":3}},"39":{"start":{"line":149,"column":4},"end":{"line":149,"column":98}},"40":{"start":{"line":153,"column":2},"end":{"line":155,"column":3}},"41":{"start":{"line":154,"column":4},"end":{"line":154,"column":49}},"42":{"start":{"line":157,"column":2},"end":{"line":159,"column":3}},"43":{"start":{"line":158,"column":4},"end":{"line":158,"column":27}},"44":{"start":{"line":162,"column":2},"end":{"line":164,"column":3}},"45":{"start":{"line":163,"column":4},"end":{"line":163,"column":102}},"46":{"start":{"line":167,"column":2},"end":{"line":176,"column":3}},"47":{"start":{"line":168,"column":4},"end":{"line":175,"column":5}},"48":{"start":{"line":169,"column":18},"end":{"line":169,"column":105}},"49":{"start":{"line":170,"column":6},"end":{"line":172,"column":7}},"50":{"start":{"line":171,"column":8},"end":{"line":171,"column":42}},"51":{"start":{"line":174,"column":6},"end":{"line":174,"column":40}},"52":{"start":{"line":178,"column":2},"end":{"line":182,"column":3}},"53":{"start":{"line":179,"column":24},"end":{"line":179,"column":94}},"54":{"start":{"line":180,"column":4},"end":{"line":180,"column":38}},"55":{"start":{"line":181,"column":4},"end":{"line":181,"column":23}},"56":{"start":{"line":184,"column":2},"end":{"line":184,"column":14}},"57":{"start":{"line":194,"column":21},"end":{"line":194,"column":73}},"58":{"start":{"line":196,"column":2},"end":{"line":204,"column":3}},"59":{"start":{"line":197,"column":4},"end":{"line":201,"column":7}},"60":{"start":{"line":198,"column":6},"end":{"line":200,"column":9}},"61":{"start":{"line":199,"column":8},"end":{"line":199,"column":32}},"62":{"start":{"line":203,"column":4},"end":{"line":203,"column":28}},"63":{"start":{"line":207,"column":0},"end":{"line":219,"column":2}}},"fnMap":{"0":{"name":"checkCommand","decl":{"start":{"line":13,"column":9},"end":{"line":13,"column":21}},"loc":{"start":{"line":13,"column":31},"end":{"line":20,"column":1}},"line":13},"1":{"name":"hasKubectl","decl":{"start":{"line":26,"column":9},"end":{"line":26,"column":19}},"loc":{"start":{"line":26,"column":22},"end":{"line":28,"column":1}},"line":26},"2":{"name":"hasKubernetesCluster","decl":{"start":{"line":34,"column":9},"end":{"line":34,"column":29}},"loc":{"start":{"line":34,"column":32},"end":{"line":47,"column":1}},"line":34},"3":{"name":"hasKindCluster","decl":{"start":{"line":53,"column":9},"end":{"line":53,"column":23}},"loc":{"start":{"line":53,"column":26},"end":{"line":62,"column":1}},"line":53},"4":{"name":"isCiEnvironment","decl":{"start":{"line":68,"column":9},"end":{"line":68,"column":24}},"loc":{"start":{"line":68,"column":27},"end":{"line":74,"column":1}},"line":68},"5":{"name":"hasHelm","decl":{"start":{"line":80,"column":9},"end":{"line":80,"column":16}},"loc":{"start":{"line":80,"column":19},"end":{"line":82,"column":1}},"line":80},"6":{"name":"hasHelmDependencies","decl":{"start":{"line":89,"column":9},"end":{"line":89,"column":28}},"loc":{"start":{"line":89,"column":40},"end":{"line":99,"column":1}},"line":89},"7":{"name":"hasDocker","decl":{"start":{"line":105,"column":9},"end":{"line":105,"column":18}},"loc":{"start":{"line":105,"column":21},"end":{"line":107,"column":1}},"line":105},"8":{"name":"hasChaosCRDInstalled","decl":{"start":{"line":113,"column":9},"end":{"line":113,"column":29}},"loc":{"start":{"line":113,"column":32},"end":{"line":121,"column":1}},"line":113},"9":{"name":"skipIfInfrastructureUnavailable","decl":{"start":{"line":132,"column":9},"end":{"line":132,"column":40}},"loc":{"start":{"line":132,"column":74},"end":{"line":185,"column":1}},"line":132},"10":{"name":"describeWithInfrastructure","decl":{"start":{"line":193,"column":9},"end":{"line":193,"column":35}},"loc":{"start":{"line":193,"column":65},"end":{"line":205,"column":1}},"line":193},"11":{"name":"(anonymous_11)","decl":{"start":{"line":197,"column":46},"end":{"line":197,"column":47}},"loc":{"start":{"line":197,"column":52},"end":{"line":201,"column":5}},"line":197},"12":{"name":"(anonymous_12)","decl":{"start":{"line":198,"column":57},"end":{"line":198,"column":58}},"loc":{"start":{"line":198,"column":63},"end":{"line":200,"column":7}},"line":198}},"branchMap":{"0":{"loc":{"start":{"line":35,"column":2},"end":{"line":35,"column":34}},"type":"if","locations":[{"start":{"line":35,"column":2},"end":{"line":35,"column":34}},{"start":{},"end":{}}],"line":35},"1":{"loc":{"start":{"line":43,"column":11},"end":{"line":43,"column":104}},"type":"binary-expr","locations":[{"start":{"line":43,"column":11},"end":{"line":43,"column":59}},{"start":{"line":43,"column":63},"end":{"line":43,"column":104}}],"line":43},"2":{"loc":{"start":{"line":54,"column":2},"end":{"line":54,"column":44}},"type":"if","locations":[{"start":{"line":54,"column":2},"end":{"line":54,"column":44}},{"start":{},"end":{}}],"line":54},"3":{"loc":{"start":{"line":58,"column":11},"end":{"line":58,"column":81}},"type":"binary-expr","locations":[{"start":{"line":58,"column":11},"end":{"line":58,"column":44}},{"start":{"line":58,"column":48},"end":{"line":58,"column":81}}],"line":58},"4":{"loc":{"start":{"line":69,"column":9},"end":{"line":73,"column":41}},"type":"binary-expr","locations":[{"start":{"line":69,"column":9},"end":{"line":69,"column":34}},{"start":{"line":70,"column":9},"end":{"line":70,"column":46}},{"start":{"line":71,"column":9},"end":{"line":71,"column":41}},{"start":{"line":72,"column":9},"end":{"line":72,"column":46}},{"start":{"line":73,"column":9},"end":{"line":73,"column":41}}],"line":69},"5":{"loc":{"start":{"line":114,"column":2},"end":{"line":114,"column":34}},"type":"if","locations":[{"start":{"line":114,"column":2},"end":{"line":114,"column":34}},{"start":{},"end":{}}],"line":114},"6":{"loc":{"start":{"line":132,"column":55},"end":{"line":132,"column":72}},"type":"default-arg","locations":[{"start":{"line":132,"column":66},"end":{"line":132,"column":72}}],"line":132},"7":{"loc":{"start":{"line":135,"column":2},"end":{"line":137,"column":3}},"type":"if","locations":[{"start":{"line":135,"column":2},"end":{"line":137,"column":3}},{"start":{},"end":{}}],"line":135},"8":{"loc":{"start":{"line":135,"column":6},"end":{"line":135,"column":56}},"type":"binary-expr","locations":[{"start":{"line":135,"column":6},"end":{"line":135,"column":29}},{"start":{"line":135,"column":33},"end":{"line":135,"column":56}}],"line":135},"9":{"loc":{"start":{"line":139,"column":2},"end":{"line":141,"column":3}},"type":"if","locations":[{"start":{"line":139,"column":2},"end":{"line":141,"column":3}},{"start":{},"end":{}}],"line":139},"10":{"loc":{"start":{"line":139,"column":6},"end":{"line":139,"column":44}},"type":"binary-expr","locations":[{"start":{"line":139,"column":6},"end":{"line":139,"column":23}},{"start":{"line":139,"column":27},"end":{"line":139,"column":44}}],"line":139},"11":{"loc":{"start":{"line":143,"column":2},"end":{"line":145,"column":3}},"type":"if","locations":[{"start":{"line":143,"column":2},"end":{"line":145,"column":3}},{"start":{},"end":{}}],"line":143},"12":{"loc":{"start":{"line":143,"column":6},"end":{"line":143,"column":37}},"type":"binary-expr","locations":[{"start":{"line":143,"column":6},"end":{"line":143,"column":23}},{"start":{"line":143,"column":27},"end":{"line":143,"column":37}}],"line":143},"13":{"loc":{"start":{"line":148,"column":2},"end":{"line":150,"column":3}},"type":"if","locations":[{"start":{"line":148,"column":2},"end":{"line":150,"column":3}},{"start":{},"end":{}}],"line":148},"14":{"loc":{"start":{"line":148,"column":6},"end":{"line":148,"column":108}},"type":"binary-expr","locations":[{"start":{"line":148,"column":6},"end":{"line":148,"column":44}},{"start":{"line":148,"column":48},"end":{"line":148,"column":108}}],"line":148},"15":{"loc":{"start":{"line":153,"column":2},"end":{"line":155,"column":3}},"type":"if","locations":[{"start":{"line":153,"column":2},"end":{"line":155,"column":3}},{"start":{},"end":{}}],"line":153},"16":{"loc":{"start":{"line":153,"column":6},"end":{"line":153,"column":54}},"type":"binary-expr","locations":[{"start":{"line":153,"column":6},"end":{"line":153,"column":27}},{"start":{"line":153,"column":31},"end":{"line":153,"column":54}}],"line":153},"17":{"loc":{"start":{"line":157,"column":2},"end":{"line":159,"column":3}},"type":"if","locations":[{"start":{"line":157,"column":2},"end":{"line":159,"column":3}},{"start":{},"end":{}}],"line":157},"18":{"loc":{"start":{"line":157,"column":6},"end":{"line":157,"column":41}},"type":"binary-expr","locations":[{"start":{"line":157,"column":6},"end":{"line":157,"column":25}},{"start":{"line":157,"column":29},"end":{"line":157,"column":41}}],"line":157},"19":{"loc":{"start":{"line":162,"column":2},"end":{"line":164,"column":3}},"type":"if","locations":[{"start":{"line":162,"column":2},"end":{"line":164,"column":3}},{"start":{},"end":{}}],"line":162},"20":{"loc":{"start":{"line":162,"column":6},"end":{"line":162,"column":67}},"type":"binary-expr","locations":[{"start":{"line":162,"column":6},"end":{"line":162,"column":23}},{"start":{"line":162,"column":27},"end":{"line":162,"column":67}}],"line":162},"21":{"loc":{"start":{"line":167,"column":2},"end":{"line":176,"column":3}},"type":"if","locations":[{"start":{"line":167,"column":2},"end":{"line":176,"column":3}},{"start":{},"end":{}}],"line":167},"22":{"loc":{"start":{"line":170,"column":6},"end":{"line":172,"column":7}},"type":"if","locations":[{"start":{"line":170,"column":6},"end":{"line":172,"column":7}},{"start":{},"end":{}}],"line":170},"23":{"loc":{"start":{"line":170,"column":10},"end":{"line":170,"column":41}},"type":"binary-expr","locations":[{"start":{"line":170,"column":10},"end":{"line":170,"column":14}},{"start":{"line":170,"column":18},"end":{"line":170,"column":41}}],"line":170},"24":{"loc":{"start":{"line":178,"column":2},"end":{"line":182,"column":3}},"type":"if","locations":[{"start":{"line":178,"column":2},"end":{"line":182,"column":3}},{"start":{},"end":{}}],"line":178},"25":{"loc":{"start":{"line":196,"column":2},"end":{"line":204,"column":3}},"type":"if","locations":[{"start":{"line":196,"column":2},"end":{"line":204,"column":3}},{"start":{"line":202,"column":9},"end":{"line":204,"column":3}}],"line":196}},"s":{"0":2,"1":7,"2":7,"3":0,"4":7,"5":5,"6":4,"7":4,"8":0,"9":0,"10":0,"11":0,"12":2,"13":2,"14":0,"15":0,"16":0,"17":0,"18":2,"19":2,"20":2,"21":2,"22":0,"23":2,"24":0,"25":1,"26":1,"27":0,"28":0,"29":0,"30":0,"31":2,"32":2,"33":2,"34":2,"35":2,"36":2,"37":2,"38":2,"39":2,"40":2,"41":1,"42":2,"43":0,"44":2,"45":0,"46":2,"47":1,"48":1,"49":0,"50":0,"51":1,"52":2,"53":2,"54":2,"55":2,"56":0,"57":2,"58":2,"59":2,"60":2,"61":0,"62":0,"63":2},"f":{"0":7,"1":5,"2":4,"3":2,"4":2,"5":2,"6":2,"7":0,"8":1,"9":2,"10":2,"11":2,"12":0},"b":{"0":[4,0],"1":[0,0],"2":[2,0],"3":[0,0],"4":[2,2,2,2,2],"5":[1,0],"6":[0],"7":[2,0],"8":[2,2],"9":[2,0],"10":[2,2],"11":[2,0],"12":[2,2],"13":[2,0],"14":[2,2],"15":[1,1],"16":[2,1],"17":[0,2],"18":[2,0],"19":[0,2],"20":[2,0],"21":[1,1],"22":[0,0],"23":[0,0],"24":[2,0],"25":[2,0]},"_coverageSchema":"1a1c01bbd47fc00a2c39e90264f33305004495a9","hash":"c9411c8ce24d2187469eb48d2dc9549f9540e369"}
}
