TN:
SF:scripts/vector-db-migrations/migrate-vector-data.js
FN:116,log
FN:139,createTargetTable
FN:199,(anonymous_2)
FN:249,countRows
FN:277,createSavepoint
FN:303,migrateData
FN:338,(anonymous_6)
FN:343,(anonymous_7)
FN:351,(anonymous_8)
FN:445,createVectorIndex
FN:495,validateMigration
FN:573,runMigration
FN:659,(anonymous_12)
FNF:13
FNH:9
FNDA:32,log
FNDA:4,createTargetTable
FNDA:1,(anonymous_2)
FNDA:0,countRows
FNDA:0,createSavepoint
FNDA:2,migrateData
FNDA:16,(anonymous_6)
FNDA:1008,(anonymous_7)
FNDA:1008,(anonymous_8)
FNDA:3,createVectorIndex
FNDA:0,validateMigration
FNDA:2,runMigration
FNDA:0,(anonymous_12)
DA:40,1
DA:41,1
DA:42,1
DA:43,1
DA:44,1
DA:47,1
DA:63,1
DA:66,1
DA:67,1
DA:68,0
DA:70,0
DA:71,0
DA:76,1
DA:77,0
DA:85,1
DA:92,1
DA:106,1
DA:107,1
DA:108,0
DA:110,1
DA:111,1
DA:117,32
DA:118,32
DA:121,32
DA:122,6
DA:124,26
DA:128,32
DA:131,32
DA:132,0
DA:140,4
DA:142,4
DA:143,4
DA:144,4
DA:147,4
DA:154,4
DA:156,2
DA:157,1
DA:159,1
DA:160,0
DA:163,1
DA:170,1
DA:173,1
DA:175,4
DA:177,3
DA:178,3
DA:179,1
DA:182,3
DA:183,3
DA:187,1
DA:190,1
DA:198,1
DA:199,1
DA:200,1
DA:203,0
DA:206,1
DA:209,1
DA:210,1
DA:213,1
DA:216,1
DA:223,1
DA:225,1
DA:226,1
DA:228,1
DA:229,1
DA:237,2
DA:239,2
DA:240,2
DA:242,4
DA:250,0
DA:252,0
DA:253,0
DA:258,0
DA:259,0
DA:261,0
DA:262,0
DA:265,0
DA:267,0
DA:268,0
DA:270,0
DA:278,0
DA:280,0
DA:282,0
DA:284,0
DA:287,0
DA:288,0
DA:290,0
DA:291,0
DA:293,0
DA:294,0
DA:296,0
DA:304,2
DA:305,0
DA:306,0
DA:309,2
DA:311,2
DA:313,2
DA:315,2
DA:316,2
DA:319,2
DA:320,4
DA:323,4
DA:331,4
DA:332,4
DA:334,4
DA:337,4
DA:338,16
DA:342,4
DA:343,252
DA:344,1008
DA:346,252
DA:348,756
DA:351,1008
DA:353,252
DA:354,252
DA:356,252
DA:362,251
DA:364,1
DA:365,1
DA:366,1
DA:370,0
DA:374,4
DA:377,4
DA:378,0
DA:379,0
DA:380,0
DA:382,0
DA:384,0
DA:385,0
DA:386,0
DA:387,0
DA:388,0
DA:391,0
DA:395,4
DA:396,4
DA:397,0
DA:401,4
DA:402,4
DA:403,1
DA:404,1
DA:405,1
DA:411,1
DA:412,1
DA:415,1
DA:416,1
DA:417,1
DA:419,1
DA:420,0
DA:421,0
DA:424,1
DA:426,0
DA:428,0
DA:429,0
DA:430,0
DA:432,0
DA:436,0
DA:438,2
DA:446,3
DA:448,3
DA:450,3
DA:451,3
DA:453,3
DA:456,3
DA:459,3
DA:460,3
DA:466,0
DA:473,3
DA:474,3
DA:475,3
DA:477,3
DA:479,3
DA:480,0
DA:483,3
DA:485,0
DA:486,0
DA:488,3
DA:496,0
DA:498,0
DA:500,0
DA:505,0
DA:508,0
DA:510,0
DA:511,0
DA:514,0
DA:515,0
DA:517,0
DA:518,0
DA:525,0
DA:527,0
DA:529,0
DA:533,0
DA:537,0
DA:538,0
DA:539,0
DA:540,0
DA:544,0
DA:545,0
DA:547,0
DA:548,0
DA:549,0
DA:553,0
DA:554,0
DA:556,0
DA:557,0
DA:561,0
DA:563,0
DA:564,0
DA:566,0
DA:574,2
DA:575,2
DA:576,2
DA:577,2
DA:578,2
DA:579,2
DA:582,2
DA:583,2
DA:584,2
DA:585,2
DA:589,0
DA:590,0
DA:591,0
DA:592,0
DA:596,0
DA:597,0
DA:598,0
DA:599,0
DA:600,0
DA:605,0
DA:606,0
DA:607,0
DA:608,0
DA:612,0
DA:613,0
DA:614,0
DA:615,0
DA:621,0
DA:622,0
DA:623,0
DA:624,0
DA:627,0
DA:628,0
DA:630,0
DA:631,0
DA:632,0
DA:635,2
DA:636,2
DA:639,2
DA:640,0
DA:646,1
DA:658,1
DA:659,0
DA:660,0
LF:251
LH:134
BRDA:60,0,0,1
BRDA:60,0,1,0
BRDA:66,1,0,1
BRDA:66,1,1,0
BRDA:67,2,0,0
BRDA:67,2,1,1
BRDA:70,3,0,0
BRDA:70,3,1,0
BRDA:70,4,0,0
BRDA:70,4,1,0
BRDA:76,5,0,0
BRDA:76,5,1,1
BRDA:78,6,0,0
BRDA:78,6,1,0
BRDA:107,7,0,0
BRDA:107,7,1,1
BRDA:116,8,0,26
BRDA:121,9,0,6
BRDA:121,9,1,26
BRDA:131,10,0,0
BRDA:131,10,1,32
BRDA:131,11,0,32
BRDA:131,11,1,0
BRDA:156,12,0,1
BRDA:156,12,1,1
BRDA:159,13,0,0
BRDA:159,13,1,1
BRDA:175,14,0,1
BRDA:175,14,1,3
BRDA:178,15,0,1
BRDA:178,15,1,2
BRDA:178,16,0,3
BRDA:178,16,1,1
BRDA:182,17,0,0
BRDA:182,17,1,3
BRDA:198,18,0,1
BRDA:198,18,1,0
BRDA:225,19,0,1
BRDA:225,19,1,0
BRDA:228,20,0,1
BRDA:228,20,1,0
BRDA:261,21,0,0
BRDA:261,21,1,0
BRDA:278,22,0,0
BRDA:278,22,1,0
BRDA:304,23,0,0
BRDA:304,23,1,2
BRDA:332,24,0,0
BRDA:332,24,1,4
BRDA:338,25,0,16
BRDA:338,25,1,12
BRDA:344,26,0,252
BRDA:344,26,1,756
BRDA:353,27,0,252
BRDA:353,27,1,0
BRDA:377,28,0,0
BRDA:377,28,1,4
BRDA:384,29,0,0
BRDA:384,29,1,0
BRDA:396,30,0,0
BRDA:396,30,1,4
BRDA:401,31,0,4
BRDA:401,31,1,0
BRDA:402,32,0,1
BRDA:402,32,1,3
BRDA:411,33,0,1
BRDA:411,33,1,0
BRDA:416,34,0,0
BRDA:416,34,1,1
BRDA:419,35,0,0
BRDA:419,35,1,1
BRDA:428,36,0,0
BRDA:428,36,1,0
BRDA:446,37,0,0
BRDA:446,37,1,3
BRDA:446,38,0,3
BRDA:446,38,1,3
BRDA:459,39,0,3
BRDA:459,39,1,0
BRDA:479,40,0,0
BRDA:479,40,1,3
BRDA:511,41,0,0
BRDA:511,41,1,0
BRDA:514,42,0,0
BRDA:514,42,1,0
BRDA:514,43,0,0
BRDA:514,43,1,0
BRDA:514,43,2,0
BRDA:537,44,0,0
BRDA:537,44,1,0
BRDA:537,45,0,0
BRDA:537,45,1,0
BRDA:547,46,0,0
BRDA:547,46,1,0
BRDA:553,47,0,0
BRDA:553,47,1,0
BRDA:579,48,0,0
BRDA:579,48,1,2
BRDA:583,49,0,2
BRDA:583,49,1,0
BRDA:590,50,0,0
BRDA:590,50,1,0
BRDA:596,51,0,0
BRDA:596,51,1,0
BRDA:598,52,0,0
BRDA:598,52,1,0
BRDA:606,53,0,0
BRDA:606,53,1,0
BRDA:612,54,0,0
BRDA:612,54,1,0
BRDA:612,55,0,0
BRDA:612,55,1,0
BRDA:614,56,0,0
BRDA:614,56,1,0
BRDA:622,57,0,0
BRDA:622,57,1,0
BRDA:639,58,0,0
BRDA:639,58,1,2
BRDA:658,59,0,0
BRDA:658,59,1,1
BRDA:658,60,0,1
BRDA:658,60,1,0
BRDA:660,61,0,0
BRDA:660,61,1,0
BRF:124
BRH:48
end_of_record
TN:
SF:src/app/api/ai/generate-project/route.ts
FN:8,POST
FNF:1
FNH:0
FNDA:0,POST
DA:4,1
DA:9,0
DA:10,0
DA:11,0
DA:13,0
DA:14,0
DA:20,0
DA:26,0
LF:8
LH:1
BRDA:13,0,0,0
BRDA:13,0,1,0
BRF:2
BRH:0
end_of_record
TN:
SF:src/lib/collaboration.ts
FN:40,(anonymous_0)
FN:47,(anonymous_1)
FN:54,(anonymous_2)
FN:112,(anonymous_3)
FN:116,(anonymous_4)
FN:131,(anonymous_5)
FN:155,(anonymous_6)
FN:162,(anonymous_7)
FN:169,(anonymous_8)
FN:182,(anonymous_9)
FN:190,(anonymous_10)
FN:209,(anonymous_11)
FN:222,(anonymous_12)
FN:242,(anonymous_13)
FNF:14
FNH:14
FNDA:39,(anonymous_0)
FNDA:24,(anonymous_1)
FNDA:25,(anonymous_2)
FNDA:22,(anonymous_3)
FNDA:37,(anonymous_4)
FNDA:25,(anonymous_5)
FNDA:12,(anonymous_6)
FNDA:4,(anonymous_7)
FNDA:2,(anonymous_8)
FNDA:4,(anonymous_9)
FNDA:38,(anonymous_10)
FNDA:1,(anonymous_11)
FNDA:2,(anonymous_12)
FNDA:38,(anonymous_13)
DA:36,39
DA:37,39
DA:41,39
DA:48,24
DA:59,25
DA:60,0
DA:63,25
DA:64,0
DA:68,25
DA:71,25
DA:85,25
DA:88,25
DA:99,25
DA:102,25
DA:103,25
DA:112,25
DA:113,22
DA:114,22
DA:115,22
DA:116,22
DA:117,37
DA:118,37
DA:124,25
DA:125,25
DA:132,25
DA:133,25
DA:136,25
DA:137,25
DA:139,0
DA:142,25
DA:143,25
DA:145,0
DA:149,25
DA:156,12
DA:163,4
DA:170,2
DA:172,2
DA:173,2
DA:183,4
DA:184,4
DA:191,38
DA:198,38
DA:199,38
DA:200,190
DA:203,38
DA:213,1
DA:214,1
DA:215,1
DA:216,1
DA:228,2
DA:229,2
DA:231,2
DA:243,38
DA:244,23
DA:250,1
LF:55
LH:51
BRDA:40,0,0,1
BRDA:40,1,0,1
BRDA:40,1,1,1
BRDA:59,2,0,0
BRDA:59,2,1,25
BRDA:63,3,0,0
BRDA:63,3,1,25
BRDA:102,4,0,25
BRDA:102,4,1,0
BRDA:114,5,0,22
BRDA:114,5,1,0
BRDA:117,6,0,37
BRDA:117,6,1,0
BRDA:133,7,0,0
BRDA:133,7,1,25
BRDA:155,8,0,12
BRDA:162,9,0,4
BRDA:170,10,0,0
BRDA:170,10,1,2
BRDA:170,11,0,2
BRDA:170,11,1,2
BRDA:170,11,2,2
BRDA:183,12,0,0
BRDA:183,12,1,4
BRDA:214,13,0,1
BRDA:214,13,1,1
BRDA:234,14,0,2
BRDA:234,14,1,2
BRDA:235,15,0,2
BRDA:235,15,1,2
BRF:30
BRH:22
end_of_record
TN:
SF:src/lib/enhanced-project-templates.ts
FN:30,(anonymous_0)
FN:37,(anonymous_1)
FN:135,(anonymous_2)
FN:201,(anonymous_3)
FN:261,(anonymous_4)
FN:268,(anonymous_5)
FN:275,(anonymous_6)
FN:316,(anonymous_7)
FN:340,(anonymous_8)
FN:353,(anonymous_9)
FN:364,(anonymous_10)
FN:394,(anonymous_11)
FN:411,(anonymous_12)
FN:415,(anonymous_13)
FN:436,(anonymous_14)
FN:466,(anonymous_15)
FN:488,(anonymous_16)
FN:498,(anonymous_17)
FN:507,(anonymous_18)
FN:518,(anonymous_19)
FN:526,(anonymous_20)
FN:535,(anonymous_21)
FN:555,(anonymous_22)
FN:574,(anonymous_23)
FN:609,(anonymous_24)
FN:639,(anonymous_25)
FN:650,(anonymous_26)
FN:658,(anonymous_27)
FN:668,(anonymous_28)
FN:676,(anonymous_29)
FN:705,(anonymous_30)
FN:752,(anonymous_31)
FN:763,(anonymous_32)
FN:771,(anonymous_33)
FN:781,(anonymous_34)
FNF:35
FNH:35
FNDA:11,(anonymous_0)
FNDA:3,(anonymous_1)
FNDA:3,(anonymous_2)
FNDA:3,(anonymous_3)
FNDA:1,(anonymous_4)
FNDA:2,(anonymous_5)
FNDA:11,(anonymous_6)
FNDA:3,(anonymous_7)
FNDA:3,(anonymous_8)
FNDA:3,(anonymous_9)
FNDA:3,(anonymous_10)
FNDA:3,(anonymous_11)
FNDA:3,(anonymous_12)
FNDA:3,(anonymous_13)
FNDA:3,(anonymous_14)
FNDA:3,(anonymous_15)
FNDA:3,(anonymous_16)
FNDA:3,(anonymous_17)
FNDA:3,(anonymous_18)
FNDA:3,(anonymous_19)
FNDA:6,(anonymous_20)
FNDA:3,(anonymous_21)
FNDA:3,(anonymous_22)
FNDA:3,(anonymous_23)
FNDA:3,(anonymous_24)
FNDA:3,(anonymous_25)
FNDA:3,(anonymous_26)
FNDA:6,(anonymous_27)
FNDA:3,(anonymous_28)
FNDA:3,(anonymous_29)
FNDA:3,(anonymous_30)
FNDA:3,(anonymous_31)
FNDA:3,(anonymous_32)
FNDA:6,(anonymous_33)
FNDA:3,(anonymous_34)
DA:28,11
DA:31,11
DA:54,3
DA:56,3
DA:106,3
DA:152,3
DA:154,3
DA:172,3
DA:217,3
DA:219,3
DA:232,3
DA:262,1
DA:269,2
DA:276,11
DA:288,11
DA:300,11
DA:317,3
DA:341,3
DA:354,3
DA:365,3
DA:395,3
DA:412,3
DA:416,3
DA:437,3
DA:467,3
DA:489,3
DA:499,3
DA:508,3
DA:519,3
DA:527,6
DA:536,3
DA:538,3
DA:545,0
DA:550,0
DA:556,3
DA:575,3
DA:610,3
DA:611,3
DA:636,0
DA:640,3
DA:651,3
DA:659,6
DA:669,3
DA:677,3
DA:706,3
DA:753,3
DA:764,3
DA:772,6
DA:782,3
LF:49
LH:46
BRDA:39,0,0,2
BRDA:50,1,0,2
BRDA:51,2,0,2
BRDA:52,3,0,2
BRDA:53,4,0,2
BRDA:137,5,0,2
BRDA:148,6,0,2
BRDA:149,7,0,2
BRDA:150,8,0,2
BRDA:151,9,0,2
BRDA:203,10,0,2
BRDA:213,11,0,2
BRDA:214,12,0,2
BRDA:215,13,0,2
BRDA:216,14,0,2
BRDA:536,15,0,3
BRDA:536,15,1,0
BRDA:536,15,2,0
BRDA:610,16,0,3
BRDA:610,16,1,0
BRF:20
BRH:17
end_of_record
TN:
SF:src/lib/logger.ts
FN:33,getLoggerConfig
FN:67,(anonymous_1)
FN:119,(anonymous_2)
FN:127,(anonymous_3)
FN:135,(anonymous_4)
FN:143,(anonymous_5)
FN:151,(anonymous_6)
FN:161,createLogger
FN:165,(anonymous_8)
FN:173,(anonymous_9)
FN:181,(anonymous_10)
FN:189,(anonymous_11)
FN:197,(anonymous_12)
FN:207,createChildLogger
FNF:14
FNH:1
FNDA:2,getLoggerConfig
FNDA:0,(anonymous_1)
FNDA:0,(anonymous_2)
FNDA:0,(anonymous_3)
FNDA:0,(anonymous_4)
FNDA:0,(anonymous_5)
FNDA:0,(anonymous_6)
FNDA:0,createLogger
FNDA:0,(anonymous_8)
FNDA:0,(anonymous_9)
FNDA:0,(anonymous_10)
FNDA:0,(anonymous_11)
FNDA:0,(anonymous_12)
FNDA:0,createChildLogger
DA:34,2
DA:36,2
DA:51,2
DA:54,2
DA:64,2
DA:68,0
DA:74,2
DA:77,2
DA:78,2
DA:90,2
DA:91,0
DA:105,2
DA:118,2
DA:120,0
DA:121,0
DA:123,0
DA:128,0
DA:129,0
DA:131,0
DA:136,0
DA:137,0
DA:139,0
DA:144,0
DA:145,0
DA:147,0
DA:152,0
DA:153,0
DA:155,0
DA:162,0
DA:164,0
DA:166,0
DA:167,0
DA:169,0
DA:174,0
DA:175,0
DA:177,0
DA:182,0
DA:183,0
DA:185,0
DA:190,0
DA:191,0
DA:193,0
DA:198,0
DA:199,0
DA:201,0
DA:208,0
DA:212,2
LF:47
LH:12
BRDA:37,0,0,0
BRDA:37,0,1,2
BRDA:37,1,0,2
BRDA:37,1,1,2
BRDA:39,2,0,2
BRDA:39,2,1,2
BRDA:41,3,0,2
BRDA:41,3,1,2
BRDA:42,4,0,2
BRDA:42,4,1,2
BRDA:43,5,0,2
BRDA:43,5,1,0
BRDA:77,6,0,2
BRDA:77,6,1,0
BRDA:90,7,0,0
BRDA:90,7,1,2
BRDA:90,8,0,2
BRDA:90,8,1,0
BRDA:105,9,0,2
BRDA:105,9,1,0
BRDA:120,10,0,0
BRDA:120,10,1,0
BRDA:121,11,0,0
BRDA:121,11,1,0
BRDA:128,12,0,0
BRDA:128,12,1,0
BRDA:129,13,0,0
BRDA:129,13,1,0
BRDA:136,14,0,0
BRDA:136,14,1,0
BRDA:137,15,0,0
BRDA:137,15,1,0
BRDA:144,16,0,0
BRDA:144,16,1,0
BRDA:145,17,0,0
BRDA:145,17,1,0
BRDA:152,18,0,0
BRDA:152,18,1,0
BRDA:153,19,0,0
BRDA:153,19,1,0
BRDA:166,20,0,0
BRDA:166,20,1,0
BRDA:167,21,0,0
BRDA:167,21,1,0
BRDA:174,22,0,0
BRDA:174,22,1,0
BRDA:175,23,0,0
BRDA:175,23,1,0
BRDA:182,24,0,0
BRDA:182,24,1,0
BRDA:183,25,0,0
BRDA:183,25,1,0
BRDA:190,26,0,0
BRDA:190,26,1,0
BRDA:191,27,0,0
BRDA:191,27,1,0
BRDA:198,28,0,0
BRDA:198,28,1,0
BRDA:199,29,0,0
BRDA:199,29,1,0
BRF:60
BRH:14
end_of_record
TN:
SF:src/lib/monitoring.ts
FN:25,(anonymous_0)
FN:41,(anonymous_1)
FN:79,(anonymous_2)
FN:115,(anonymous_3)
FN:189,(anonymous_4)
FN:260,(anonymous_5)
FN:308,(anonymous_6)
FN:335,(anonymous_7)
FN:347,(anonymous_8)
FN:355,(anonymous_9)
FN:364,(anonymous_10)
FN:366,(anonymous_11)
FN:374,(anonymous_12)
FN:383,(anonymous_13)
FN:385,(anonymous_14)
FN:398,(anonymous_15)
FN:406,(anonymous_16)
FN:416,(anonymous_17)
FN:424,(anonymous_18)
FN:431,(anonymous_19)
FN:433,(anonymous_20)
FN:434,(anonymous_21)
FN:439,(anonymous_22)
FN:443,(anonymous_23)
FN:447,(anonymous_24)
FN:448,(anonymous_25)
FN:454,(anonymous_26)
FNF:27
FNH:9
FNDA:1,(anonymous_0)
FNDA:7,(anonymous_1)
FNDA:25,(anonymous_2)
FNDA:0,(anonymous_3)
FNDA:0,(anonymous_4)
FNDA:0,(anonymous_5)
FNDA:0,(anonymous_6)
FNDA:2,(anonymous_7)
FNDA:0,(anonymous_8)
FNDA:16,(anonymous_9)
FNDA:28,(anonymous_10)
FNDA:0,(anonymous_11)
FNDA:5,(anonymous_12)
FNDA:12,(anonymous_13)
FNDA:0,(anonymous_14)
FNDA:0,(anonymous_15)
FNDA:4,(anonymous_16)
FNDA:0,(anonymous_17)
FNDA:0,(anonymous_18)
FNDA:0,(anonymous_19)
FNDA:0,(anonymous_20)
FNDA:0,(anonymous_21)
FNDA:0,(anonymous_22)
FNDA:0,(anonymous_23)
FNDA:0,(anonymous_24)
FNDA:0,(anonymous_25)
FNDA:0,(anonymous_26)
DA:27,1
DA:28,0
DA:29,0
DA:30,0
DA:32,1
DA:33,1
DA:34,1
DA:42,7
DA:43,7
DA:44,7
DA:47,0
DA:48,0
DA:65,0
DA:66,0
DA:69,0
DA:71,0
DA:72,0
DA:80,25
DA:81,25
DA:82,25
DA:85,0
DA:86,0
DA:101,0
DA:102,0
DA:105,0
DA:107,0
DA:108,0
DA:117,0
DA:118,0
DA:124,0
DA:126,0
DA:127,0
DA:133,0
DA:135,0
DA:136,0
DA:138,0
DA:139,0
DA:142,0
DA:143,0
DA:145,0
DA:155,0
DA:156,0
DA:168,0
DA:169,0
DA:179,0
DA:191,0
DA:192,0
DA:198,0
DA:200,0
DA:201,0
DA:207,0
DA:209,0
DA:210,0
DA:211,0
DA:218,0
DA:219,0
DA:221,0
DA:222,0
DA:223,0
DA:225,0
DA:234,0
DA:238,0
DA:239,0
DA:250,0
DA:261,0
DA:263,0
DA:264,0
DA:270,0
DA:272,0
DA:281,0
DA:282,0
DA:285,0
DA:286,0
DA:288,0
DA:298,0
DA:309,0
DA:312,0
DA:318,0
DA:325,0
DA:336,2
DA:339,2
DA:348,0
DA:357,16
DA:364,28
DA:367,0
DA:376,5
DA:383,12
DA:386,0
DA:390,5
DA:399,0
DA:408,4
DA:417,0
DA:425,0
DA:433,0
DA:434,0
DA:435,0
DA:440,0
DA:444,0
DA:448,0
DA:449,0
DA:455,0
DA:461,1
LF:102
LH:19
BRDA:27,0,0,0
BRDA:27,0,1,1
BRDA:42,1,0,7
BRDA:42,1,1,0
BRDA:42,2,0,7
BRDA:42,2,1,0
BRDA:57,3,0,0
BRDA:57,3,1,0
BRDA:58,4,0,0
BRDA:58,4,1,0
BRDA:65,5,0,0
BRDA:65,5,1,0
BRDA:80,6,0,25
BRDA:80,6,1,0
BRDA:80,7,0,25
BRDA:80,7,1,0
BRDA:95,8,0,0
BRDA:95,8,1,0
BRDA:101,9,0,0
BRDA:101,9,1,0
BRDA:117,10,0,0
BRDA:117,10,1,0
BRDA:126,11,0,0
BRDA:126,11,1,0
BRDA:135,12,0,0
BRDA:135,12,1,0
BRDA:146,13,0,0
BRDA:146,13,1,0
BRDA:150,14,0,0
BRDA:150,14,1,0
BRDA:181,15,0,0
BRDA:181,15,1,0
BRDA:191,16,0,0
BRDA:191,16,1,0
BRDA:200,17,0,0
BRDA:200,17,1,0
BRDA:226,18,0,0
BRDA:226,18,1,0
BRDA:252,19,0,0
BRDA:252,19,1,0
BRDA:263,20,0,0
BRDA:263,20,1,0
BRDA:263,21,0,0
BRDA:263,21,1,0
BRDA:281,22,0,0
BRDA:281,22,1,0
BRDA:286,23,0,0
BRDA:286,23,1,0
BRDA:300,24,0,0
BRDA:300,24,1,0
BRDA:315,25,0,0
BRDA:315,25,1,0
BRDA:321,26,0,0
BRDA:321,26,1,0
BRDA:328,27,0,0
BRDA:328,27,1,0
BRDA:345,28,0,2
BRDA:345,28,1,0
BRDA:355,29,0,0
BRDA:363,30,0,16
BRDA:363,30,1,0
BRDA:374,31,0,0
BRDA:382,32,0,5
BRDA:382,32,1,0
BRDA:396,33,0,5
BRDA:396,33,1,0
BRDA:413,34,0,4
BRDA:413,34,1,0
BRDA:425,35,0,0
BRDA:425,35,1,0
BRDA:431,36,0,0
BRDA:448,37,0,0
BRDA:448,37,1,0
BRF:73
BRH:10
end_of_record
TN:
SF:src/lib/multimodal-agent.ts
FN:154,(anonymous_0)
FN:168,(anonymous_1)
FN:212,(anonymous_2)
FN:278,(anonymous_3)
FN:290,(anonymous_4)
FN:312,(anonymous_5)
FN:319,(anonymous_6)
FN:352,(anonymous_7)
FN:354,(anonymous_8)
FN:389,(anonymous_9)
FN:412,(anonymous_10)
FN:440,(anonymous_11)
FN:455,(anonymous_12)
FN:465,(anonymous_13)
FN:495,(anonymous_14)
FN:507,(anonymous_15)
FN:518,(anonymous_16)
FN:536,(anonymous_17)
FN:553,(anonymous_18)
FN:558,(anonymous_19)
FN:568,(anonymous_20)
FN:579,(anonymous_21)
FN:595,(anonymous_22)
FN:599,(anonymous_23)
FN:608,(anonymous_24)
FN:622,(anonymous_25)
FN:644,(anonymous_26)
FN:677,(anonymous_27)
FN:685,(anonymous_28)
FN:709,(anonymous_29)
FN:722,(anonymous_30)
FN:735,(anonymous_31)
FN:742,(anonymous_32)
FN:752,(anonymous_33)
FN:752,(anonymous_34)
FN:766,(anonymous_35)
FN:768,(anonymous_36)
FN:773,(anonymous_37)
FN:784,(anonymous_38)
FN:794,(anonymous_39)
FN:818,(anonymous_40)
FN:827,(anonymous_41)
FN:831,(anonymous_42)
FN:849,(anonymous_43)
FN:852,(anonymous_44)
FN:853,(anonymous_45)
FN:858,(anonymous_46)
FN:859,(anonymous_47)
FN:860,(anonymous_48)
FN:861,(anonymous_49)
FNF:50
FNH:39
FNDA:19,(anonymous_0)
FNDA:19,(anonymous_1)
FNDA:7,(anonymous_2)
FNDA:7,(anonymous_3)
FNDA:2,(anonymous_4)
FNDA:7,(anonymous_5)
FNDA:0,(anonymous_6)
FNDA:2,(anonymous_7)
FNDA:2,(anonymous_8)
FNDA:0,(anonymous_9)
FNDA:3,(anonymous_10)
FNDA:8,(anonymous_11)
FNDA:2,(anonymous_12)
FNDA:8,(anonymous_13)
FNDA:10,(anonymous_14)
FNDA:150,(anonymous_15)
FNDA:21,(anonymous_16)
FNDA:2,(anonymous_17)
FNDA:1,(anonymous_18)
FNDA:2,(anonymous_19)
FNDA:2,(anonymous_20)
FNDA:2,(anonymous_21)
FNDA:2,(anonymous_22)
FNDA:2,(anonymous_23)
FNDA:2,(anonymous_24)
FNDA:1,(anonymous_25)
FNDA:0,(anonymous_26)
FNDA:0,(anonymous_27)
FNDA:9,(anonymous_28)
FNDA:3,(anonymous_29)
FNDA:7,(anonymous_30)
FNDA:7,(anonymous_31)
FNDA:14,(anonymous_32)
FNDA:56,(anonymous_33)
FNDA:56,(anonymous_34)
FNDA:19,(anonymous_35)
FNDA:1,(anonymous_36)
FNDA:1,(anonymous_37)
FNDA:1,(anonymous_38)
FNDA:1,(anonymous_39)
FNDA:1,(anonymous_40)
FNDA:1,(anonymous_41)
FNDA:1,(anonymous_42)
FNDA:0,(anonymous_43)
FNDA:0,(anonymous_44)
FNDA:0,(anonymous_45)
FNDA:0,(anonymous_46)
FNDA:0,(anonymous_47)
FNDA:0,(anonymous_48)
FNDA:0,(anonymous_49)
DA:159,19
DA:160,19
DA:161,19
DA:162,19
DA:163,19
DA:165,19
DA:169,19
DA:213,7
DA:214,7
DA:216,7
DA:218,7
DA:225,7
DA:228,7
DA:231,7
DA:234,6
DA:237,6
DA:239,6
DA:241,6
DA:257,6
DA:263,6
DA:266,1
DA:271,1
DA:279,7
DA:282,7
DA:283,2
DA:284,2
DA:288,7
DA:289,2
DA:290,2
DA:295,7
DA:296,1
DA:297,1
DA:301,7
DA:302,6
DA:303,6
DA:306,7
DA:313,7
DA:316,7
DA:317,7
DA:318,0
DA:319,0
DA:320,0
DA:325,7
DA:326,6
DA:334,7
DA:335,6
DA:343,7
DA:344,2
DA:345,2
DA:346,2
DA:350,7
DA:351,2
DA:352,2
DA:353,2
DA:354,2
DA:358,7
DA:359,1
DA:360,1
DA:361,1
DA:362,1
DA:363,1
DA:366,7
DA:367,6
DA:370,7
DA:371,0
DA:374,7
DA:383,7
DA:391,0
DA:393,0
DA:401,0
DA:413,3
DA:414,3
DA:415,3
DA:416,3
DA:419,3
DA:420,1
DA:424,2
DA:425,1
DA:429,1
DA:430,0
DA:434,1
DA:441,8
DA:444,8
DA:445,8
DA:446,2
DA:450,8
DA:451,2
DA:455,8
DA:456,2
DA:459,8
DA:466,8
DA:469,8
DA:470,2
DA:477,8
DA:478,5
DA:479,5
DA:480,2
DA:485,8
DA:486,1
DA:489,8
DA:496,10
DA:504,10
DA:506,10
DA:507,150
DA:508,5
DA:512,5
DA:519,21
DA:520,21
DA:523,21
DA:524,6
DA:530,21
DA:538,2
DA:541,2
DA:544,2
DA:545,2
DA:547,2
DA:555,1
DA:558,2
DA:559,0
DA:568,2
DA:569,1
DA:570,1
DA:579,2
DA:580,1
DA:581,1
DA:589,1
DA:596,2
DA:599,2
DA:600,0
DA:608,2
DA:609,0
DA:616,2
DA:623,1
DA:626,1
DA:628,1
DA:629,0
DA:630,0
DA:638,1
DA:645,0
DA:648,0
DA:649,0
DA:650,0
DA:654,0
DA:655,0
DA:659,0
DA:660,0
DA:664,0
DA:665,0
DA:666,0
DA:667,0
DA:668,0
DA:669,0
DA:670,0
DA:678,0
DA:679,0
DA:686,9
DA:689,9
DA:690,2
DA:694,9
DA:695,0
DA:699,9
DA:700,0
DA:703,9
DA:710,3
DA:716,3
DA:723,7
DA:724,7
DA:725,7
DA:726,7
DA:727,7
DA:728,7
DA:729,7
DA:736,7
DA:743,14
DA:752,56
DA:770,1
DA:775,1
DA:777,1
DA:778,0
DA:779,0
DA:781,0
DA:786,1
DA:796,1
DA:820,1
DA:828,1
DA:831,1
DA:850,0
DA:852,0
DA:853,0
DA:859,0
DA:860,0
DA:861,0
DA:863,0
LF:193
LH:151
BRDA:282,0,0,2
BRDA:282,0,1,5
BRDA:288,1,0,2
BRDA:288,1,1,5
BRDA:288,2,0,7
BRDA:288,2,1,2
BRDA:295,3,0,1
BRDA:295,3,1,6
BRDA:295,4,0,7
BRDA:295,4,1,1
BRDA:301,5,0,6
BRDA:301,5,1,1
BRDA:316,6,0,7
BRDA:316,6,1,1
BRDA:317,7,0,0
BRDA:317,7,1,7
BRDA:325,8,0,6
BRDA:325,8,1,1
BRDA:334,9,0,6
BRDA:334,9,1,1
BRDA:343,10,0,2
BRDA:343,10,1,5
BRDA:345,11,0,2
BRDA:345,11,1,0
BRDA:350,12,0,2
BRDA:350,12,1,5
BRDA:358,13,0,1
BRDA:358,13,1,6
BRDA:366,14,0,6
BRDA:366,14,1,1
BRDA:370,15,0,0
BRDA:370,15,1,7
BRDA:370,16,0,7
BRDA:370,16,1,6
BRDA:402,17,0,0
BRDA:402,17,1,0
BRDA:404,18,0,0
BRDA:404,18,1,0
BRDA:405,19,0,0
BRDA:405,19,1,0
BRDA:415,20,0,3
BRDA:415,20,1,3
BRDA:416,21,0,3
BRDA:416,21,1,0
BRDA:419,22,0,1
BRDA:419,22,1,2
BRDA:424,23,0,1
BRDA:424,23,1,1
BRDA:424,24,0,2
BRDA:424,24,1,1
BRDA:429,25,0,0
BRDA:429,25,1,1
BRDA:429,26,0,1
BRDA:429,26,1,1
BRDA:445,27,0,2
BRDA:445,27,1,6
BRDA:450,28,0,2
BRDA:450,28,1,6
BRDA:450,29,0,8
BRDA:450,29,1,2
BRDA:455,30,0,2
BRDA:455,30,1,6
BRDA:455,31,0,2
BRDA:455,31,1,0
BRDA:469,32,0,2
BRDA:469,32,1,6
BRDA:477,33,0,5
BRDA:477,33,1,3
BRDA:477,34,0,8
BRDA:477,34,1,3
BRDA:479,35,0,2
BRDA:479,35,1,3
BRDA:485,36,0,1
BRDA:485,36,1,7
BRDA:485,37,0,8
BRDA:485,37,1,7
BRDA:507,38,0,5
BRDA:507,38,1,29
BRDA:525,39,0,6
BRDA:525,39,1,0
BRDA:558,40,0,0
BRDA:558,40,1,1
BRDA:568,41,0,2
BRDA:568,41,1,2
BRDA:569,42,0,1
BRDA:569,42,1,0
BRDA:580,43,0,1
BRDA:580,43,1,0
BRDA:599,44,0,0
BRDA:599,44,1,2
BRDA:608,45,0,0
BRDA:608,45,1,2
BRDA:608,46,0,2
BRDA:608,46,1,2
BRDA:648,47,0,0
BRDA:648,47,1,0
BRDA:648,48,0,0
BRDA:648,48,1,0
BRDA:654,49,0,0
BRDA:654,49,1,0
BRDA:654,50,0,0
BRDA:654,50,1,0
BRDA:659,51,0,0
BRDA:659,51,1,0
BRDA:659,52,0,0
BRDA:659,52,1,0
BRDA:664,53,0,0
BRDA:664,53,1,0
BRDA:664,53,2,0
BRDA:664,53,3,0
BRDA:664,53,4,0
BRDA:664,53,5,0
BRDA:679,54,0,0
BRDA:679,54,1,0
BRDA:679,55,0,0
BRDA:679,55,1,0
BRDA:689,56,0,2
BRDA:689,56,1,7
BRDA:694,57,0,0
BRDA:694,57,1,9
BRDA:699,58,0,0
BRDA:699,58,1,9
BRDA:699,59,0,9
BRDA:699,59,1,9
BRDA:716,60,0,3
BRDA:716,60,1,1
BRDA:724,61,0,6
BRDA:724,61,1,1
BRDA:725,62,0,2
BRDA:725,62,1,5
BRDA:726,63,0,2
BRDA:726,63,1,5
BRDA:727,64,0,1
BRDA:727,64,1,6
BRDA:728,65,0,1
BRDA:728,65,1,6
BRDA:766,66,0,19
BRDA:777,67,0,1
BRDA:777,67,1,0
BRDA:777,68,0,1
BRDA:777,68,1,0
BRDA:778,69,0,0
BRDA:778,69,1,0
BRDA:778,70,0,0
BRDA:778,70,1,0
BRDA:779,71,0,0
BRDA:779,71,1,0
BRDA:779,72,0,0
BRDA:779,72,1,0
BRDA:798,73,0,0
BRDA:798,73,1,1
BRDA:854,74,0,0
BRDA:854,74,1,0
BRDA:854,75,0,0
BRDA:854,75,1,0
BRDA:864,76,0,0
BRDA:864,76,1,0
BRDA:864,77,0,0
BRDA:864,77,1,0
BRDA:866,78,0,0
BRDA:866,78,1,0
BRDA:867,79,0,0
BRDA:867,79,1,0
BRDA:868,80,0,0
BRDA:868,80,1,0
BRF:165
BRH:98
end_of_record
TN:
SF:src/lib/openrouter-client.ts
FN:48,(anonymous_0)
FN:52,(anonymous_1)
FN:81,(anonymous_2)
FN:372,(anonymous_3)
FN:394,(anonymous_4)
FN:402,(anonymous_5)
FNF:6
FNH:0
FNDA:0,(anonymous_0)
FNDA:0,(anonymous_1)
FNDA:0,(anonymous_2)
FNDA:0,(anonymous_3)
FNDA:0,(anonymous_4)
FNDA:0,(anonymous_5)
DA:46,0
DA:49,0
DA:54,0
DA:55,0
DA:58,0
DA:59,0
DA:70,0
DA:71,0
DA:74,0
DA:76,0
DA:77,0
DA:83,0
DA:86,0
DA:87,0
DA:89,0
DA:90,0
DA:116,0
DA:117,0
DA:188,0
DA:189,0
DA:236,0
DA:237,0
DA:298,0
DA:299,0
DA:310,0
DA:311,0
DA:326,0
DA:327,0
DA:346,0
DA:348,0
DA:373,0
DA:374,0
DA:382,0
DA:383,0
DA:389,0
DA:390,0
DA:393,0
DA:394,0
DA:396,0
DA:397,0
DA:403,0
DA:410,0
DA:411,0
LF:43
LH:0
BRDA:54,0,0,0
BRDA:54,0,1,0
BRDA:54,1,0,0
BRDA:54,1,1,0
BRDA:64,2,0,0
BRDA:64,2,1,0
BRDA:70,3,0,0
BRDA:70,3,1,0
BRDA:86,4,0,0
BRDA:86,4,1,0
BRDA:89,5,0,0
BRDA:89,5,1,0
BRDA:89,6,0,0
BRDA:89,6,1,0
BRDA:116,7,0,0
BRDA:116,7,1,0
BRDA:116,8,0,0
BRDA:116,8,1,0
BRDA:188,9,0,0
BRDA:188,9,1,0
BRDA:188,10,0,0
BRDA:188,10,1,0
BRDA:236,11,0,0
BRDA:236,11,1,0
BRDA:236,12,0,0
BRDA:236,12,1,0
BRDA:298,13,0,0
BRDA:298,13,1,0
BRDA:298,14,0,0
BRDA:298,14,1,0
BRDA:310,15,0,0
BRDA:310,15,1,0
BRDA:310,16,0,0
BRDA:310,16,1,0
BRDA:326,17,0,0
BRDA:326,17,1,0
BRDA:326,18,0,0
BRDA:326,18,1,0
BRDA:373,19,0,0
BRDA:373,19,1,0
BRDA:389,20,0,0
BRDA:389,20,1,0
BRDA:410,21,0,0
BRDA:410,21,1,0
BRF:44
BRH:0
end_of_record
TN:
SF:src/lib/server-monitoring.ts
FN:32,(anonymous_0)
FN:92,(anonymous_1)
FN:108,(anonymous_2)
FN:124,(anonymous_3)
FN:144,(anonymous_4)
FN:146,(anonymous_5)
FN:152,(anonymous_6)
FN:155,(anonymous_7)
FN:156,(anonymous_8)
FN:169,(anonymous_9)
FN:194,(anonymous_10)
FN:222,(anonymous_11)
FN:259,(anonymous_12)
FN:298,(anonymous_13)
FN:324,(anonymous_14)
FN:353,performanceMiddleware
FN:354,(anonymous_16)
FN:357,(anonymous_17)
FN:386,getHealthCheck
FNF:19
FNH:13
FNDA:1,(anonymous_0)
FNDA:6,(anonymous_1)
FNDA:0,(anonymous_2)
FNDA:2,(anonymous_3)
FNDA:3,(anonymous_4)
FNDA:21,(anonymous_5)
FNDA:8,(anonymous_6)
FNDA:10,(anonymous_7)
FNDA:15,(anonymous_8)
FNDA:3,(anonymous_9)
FNDA:1,(anonymous_10)
FNDA:1,(anonymous_11)
FNDA:0,(anonymous_12)
FNDA:1,(anonymous_13)
FNDA:0,(anonymous_14)
FNDA:0,performanceMiddleware
FNDA:0,(anonymous_16)
FNDA:0,(anonymous_17)
FNDA:3,getHealthCheck
DA:12,3
DA:13,0
DA:22,0
DA:24,3
DA:29,3
DA:33,1
DA:34,1
DA:35,1
DA:39,3
DA:46,3
DA:87,12
DA:93,6
DA:94,6
DA:95,6
DA:96,6
DA:98,6
DA:109,0
DA:110,0
DA:111,0
DA:112,0
DA:114,0
DA:125,2
DA:126,2
DA:127,2
DA:128,2
DA:129,2
DA:130,2
DA:132,2
DA:145,3
DA:146,3
DA:147,21
DA:149,3
DA:153,8
DA:154,7
DA:155,10
DA:156,15
DA:158,7
DA:162,3
DA:178,3
DA:179,3
DA:184,2
DA:185,0
DA:187,2
DA:203,1
DA:204,1
DA:209,1
DA:210,1
DA:216,1
DA:231,1
DA:232,1
DA:237,1
DA:238,0
DA:243,1
DA:244,1
DA:249,1
DA:269,0
DA:274,0
DA:275,0
DA:282,0
DA:283,0
DA:286,0
DA:287,0
DA:290,0
DA:291,0
DA:306,1
DA:309,1
DA:314,1
DA:331,0
DA:336,0
DA:341,0
DA:342,0
DA:350,3
DA:354,0
DA:355,0
DA:357,0
DA:358,0
DA:359,0
DA:361,0
DA:370,0
DA:371,0
DA:381,0
DA:393,3
LF:82
LH:51
BRDA:12,0,0,0
BRDA:12,0,1,3
BRDA:15,1,0,0
BRDA:15,1,1,0
BRDA:16,2,0,0
BRDA:16,2,1,0
BRDA:33,3,0,1
BRDA:33,3,1,0
BRDA:34,4,0,0
BRDA:34,4,1,1
BRDA:47,5,0,3
BRDA:47,5,1,3
BRDA:49,6,0,0
BRDA:49,6,1,3
BRDA:52,7,0,3
BRDA:52,7,1,0
BRDA:53,8,0,3
BRDA:53,8,1,3
BRDA:94,9,0,6
BRDA:94,9,1,6
BRDA:110,10,0,0
BRDA:110,10,1,0
BRDA:126,11,0,2
BRDA:126,11,1,2
BRDA:128,12,0,2
BRDA:128,12,1,2
BRDA:153,13,0,1
BRDA:153,13,1,7
BRDA:178,14,0,0
BRDA:178,14,1,3
BRDA:184,15,0,0
BRDA:184,15,1,2
BRDA:185,16,0,0
BRDA:185,16,1,0
BRDA:187,17,0,2
BRDA:187,17,1,2
BRDA:203,18,0,0
BRDA:203,18,1,1
BRDA:209,19,0,1
BRDA:209,19,1,0
BRDA:212,20,0,1
BRDA:212,20,1,0
BRDA:216,21,0,1
BRDA:216,21,1,0
BRDA:231,22,0,0
BRDA:231,22,1,1
BRDA:237,23,0,0
BRDA:237,23,1,1
BRDA:239,24,0,0
BRDA:239,24,1,0
BRDA:243,25,0,1
BRDA:243,25,1,0
BRDA:245,26,0,1
BRDA:245,26,1,0
BRDA:251,27,0,1
BRDA:251,27,1,0
BRDA:252,28,0,0
BRDA:252,28,1,1
BRDA:274,29,0,0
BRDA:274,29,1,0
BRDA:276,30,0,0
BRDA:276,30,1,0
BRDA:277,31,0,0
BRDA:277,31,1,0
BRDA:278,32,0,0
BRDA:278,32,1,0
BRDA:282,33,0,0
BRDA:282,33,1,0
BRDA:286,34,0,0
BRDA:286,34,1,0
BRDA:290,35,0,0
BRDA:290,35,1,0
BRDA:306,36,0,0
BRDA:306,36,1,1
BRDA:307,37,0,1
BRDA:307,37,1,0
BRDA:317,38,0,0
BRDA:317,38,1,1
BRDA:338,39,0,0
BRDA:338,39,1,0
BRDA:341,40,0,0
BRDA:341,40,1,0
BRDA:344,41,0,0
BRDA:344,41,1,0
BRDA:370,42,0,0
BRDA:370,42,1,0
BRF:86
BRH:34
end_of_record
TN:
SF:src/lib/vector-search.ts
FN:37,(anonymous_0)
FN:54,(anonymous_1)
FN:89,(anonymous_2)
FN:150,(anonymous_3)
FN:165,(anonymous_4)
FN:183,(anonymous_5)
FN:197,(anonymous_6)
FN:252,(anonymous_7)
FN:267,(anonymous_8)
FN:295,(anonymous_9)
FN:299,(anonymous_10)
FN:313,(anonymous_11)
FNF:12
FNH:1
FNDA:11,(anonymous_0)
FNDA:0,(anonymous_1)
FNDA:0,(anonymous_2)
FNDA:0,(anonymous_3)
FNDA:0,(anonymous_4)
FNDA:0,(anonymous_5)
FNDA:0,(anonymous_6)
FNDA:0,(anonymous_7)
FNDA:0,(anonymous_8)
FNDA:0,(anonymous_9)
FNDA:0,(anonymous_10)
FNDA:0,(anonymous_11)
DA:38,11
DA:60,0
DA:61,0
DA:62,0
DA:73,0
DA:80,0
DA:82,0
DA:93,0
DA:94,0
DA:101,0
DA:103,0
DA:104,0
DA:105,0
DA:107,0
DA:109,0
DA:110,0
DA:111,0
DA:114,0
DA:115,0
DA:116,0
DA:119,0
DA:120,0
DA:121,0
DA:124,0
DA:125,0
DA:126,0
DA:129,0
DA:130,0
DA:133,0
DA:146,0
DA:148,0
DA:150,0
DA:158,0
DA:171,0
DA:187,0
DA:207,0
DA:208,0
DA:209,0
DA:210,0
DA:211,0
DA:213,0
DA:214,0
DA:215,0
DA:218,0
DA:219,0
DA:220,0
DA:223,0
DA:224,0
DA:225,0
DA:228,0
DA:229,0
DA:230,0
DA:233,0
DA:235,0
DA:248,0
DA:250,0
DA:252,0
DA:260,0
DA:273,0
DA:274,0
DA:275,0
DA:276,0
DA:278,0
DA:283,0
DA:285,0
DA:291,0
DA:293,0
DA:296,0
DA:297,0
DA:300,0
DA:301,0
DA:306,0
DA:314,0
LF:73
LH:1
BRDA:39,0,0,11
BRDA:39,0,1,11
BRDA:40,1,0,11
BRDA:40,1,1,11
BRDA:41,2,0,11
BRDA:41,2,1,11
BRDA:42,3,0,11
BRDA:42,3,1,11
BRDA:44,4,0,0
BRDA:44,4,1,11
BRDA:58,5,0,0
BRDA:91,6,0,0
BRDA:99,7,0,0
BRDA:100,8,0,0
BRDA:109,9,0,0
BRDA:109,9,1,0
BRDA:114,10,0,0
BRDA:114,10,1,0
BRDA:119,11,0,0
BRDA:119,11,1,0
BRDA:124,12,0,0
BRDA:124,12,1,0
BRDA:129,13,0,0
BRDA:129,13,1,0
BRDA:169,14,0,0
BRDA:185,15,0,0
BRDA:205,16,0,0
BRDA:213,17,0,0
BRDA:213,17,1,0
BRDA:213,18,0,0
BRDA:213,18,1,0
BRDA:218,19,0,0
BRDA:218,19,1,0
BRDA:218,20,0,0
BRDA:218,20,1,0
BRDA:223,21,0,0
BRDA:223,21,1,0
BRDA:223,22,0,0
BRDA:223,22,1,0
BRDA:228,23,0,0
BRDA:228,23,1,0
BRDA:233,24,0,0
BRDA:233,24,1,0
BRF:43
BRH:9
end_of_record
TN:
SF:src/lib/ai/automated-test-generator.ts
FN:50,(anonymous_0)
FN:57,(anonymous_1)
FN:69,(anonymous_2)
FN:77,(anonymous_3)
FN:88,(anonymous_4)
FN:112,(anonymous_5)
FN:129,(anonymous_6)
FN:146,(anonymous_7)
FN:163,(anonymous_8)
FN:192,(anonymous_9)
FN:220,(anonymous_10)
FN:241,(anonymous_11)
FN:246,(anonymous_12)
FN:270,(anonymous_13)
FN:307,(anonymous_14)
FN:320,(anonymous_15)
FN:342,(anonymous_16)
FN:373,(anonymous_17)
FN:385,(anonymous_18)
FN:400,(anonymous_19)
FN:418,(anonymous_20)
FN:436,(anonymous_21)
FN:453,(anonymous_22)
FN:467,(anonymous_23)
FN:468,(anonymous_24)
FN:492,(anonymous_25)
FN:511,(anonymous_26)
FN:528,(anonymous_27)
FN:545,(anonymous_28)
FN:559,(anonymous_29)
FN:603,(anonymous_30)
FNF:31
FNH:1
FNDA:1,(anonymous_0)
FNDA:0,(anonymous_1)
FNDA:0,(anonymous_2)
FNDA:0,(anonymous_3)
FNDA:0,(anonymous_4)
FNDA:0,(anonymous_5)
FNDA:0,(anonymous_6)
FNDA:0,(anonymous_7)
FNDA:0,(anonymous_8)
FNDA:0,(anonymous_9)
FNDA:0,(anonymous_10)
FNDA:0,(anonymous_11)
FNDA:0,(anonymous_12)
FNDA:0,(anonymous_13)
FNDA:0,(anonymous_14)
FNDA:0,(anonymous_15)
FNDA:0,(anonymous_16)
FNDA:0,(anonymous_17)
FNDA:0,(anonymous_18)
FNDA:0,(anonymous_19)
FNDA:0,(anonymous_20)
FNDA:0,(anonymous_21)
FNDA:0,(anonymous_22)
FNDA:0,(anonymous_23)
FNDA:0,(anonymous_24)
FNDA:0,(anonymous_25)
FNDA:0,(anonymous_26)
FNDA:0,(anonymous_27)
FNDA:0,(anonymous_28)
FNDA:0,(anonymous_29)
FNDA:0,(anonymous_30)
DA:51,1
DA:58,0
DA:67,0
DA:68,0
DA:69,0
DA:70,0
DA:75,0
DA:76,0
DA:77,0
DA:86,0
DA:87,0
DA:88,0
DA:96,0
DA:97,0
DA:99,0
DA:100,0
DA:102,0
DA:103,0
DA:106,0
DA:117,0
DA:119,0
DA:120,0
DA:122,0
DA:134,0
DA:136,0
DA:137,0
DA:139,0
DA:151,0
DA:153,0
DA:154,0
DA:156,0
DA:169,0
DA:171,0
DA:172,0
DA:174,0
DA:182,0
DA:184,0
DA:185,0
DA:198,0
DA:200,0
DA:202,0
DA:203,0
DA:205,0
DA:206,0
DA:208,0
DA:209,0
DA:211,0
DA:214,0
DA:226,0
DA:227,0
DA:229,0
DA:232,0
DA:233,0
DA:236,0
DA:237,0
DA:239,0
DA:241,0
DA:242,0
DA:246,0
DA:247,0
DA:249,0
DA:250,0
DA:253,0
DA:255,0
DA:264,0
DA:276,0
DA:277,0
DA:279,0
DA:281,0
DA:282,0
DA:284,0
DA:285,0
DA:287,0
DA:290,0
DA:292,0
DA:301,0
DA:314,0
DA:321,0
DA:323,0
DA:325,0
DA:326,0
DA:328,0
DA:329,0
DA:332,0
DA:333,0
DA:336,0
DA:346,0
DA:348,0
DA:349,0
DA:350,0
DA:351,0
DA:352,0
DA:354,0
DA:355,0
DA:356,0
DA:357,0
DA:358,0
DA:361,0
DA:362,0
DA:363,0
DA:364,0
DA:365,0
DA:367,0
DA:377,0
DA:379,0
DA:380,0
DA:381,0
DA:382,0
DA:383,0
DA:385,0
DA:386,0
DA:387,0
DA:388,0
DA:389,0
DA:392,0
DA:394,0
DA:404,0
DA:406,0
DA:407,0
DA:408,0
DA:409,0
DA:410,0
DA:412,0
DA:419,0
DA:437,0
DA:459,0
DA:467,0
DA:468,0
DA:496,0
DA:498,0
DA:499,0
DA:502,0
DA:503,0
DA:506,0
DA:508,0
DA:511,0
DA:520,0
DA:521,0
DA:530,0
DA:531,0
DA:533,0
DA:534,0
DA:535,0
DA:536,0
DA:539,0
DA:547,0
DA:548,0
DA:550,0
DA:551,0
DA:553,0
DA:573,0
DA:575,0
DA:582,0
DA:584,0
DA:585,0
DA:587,0
DA:588,0
DA:590,0
DA:591,0
DA:594,0
DA:608,0
DA:609,0
DA:611,0
DA:613,0
DA:614,0
DA:617,0
DA:618,0
DA:622,0
DA:623,0
DA:627,0
DA:636,1
LF:171
LH:2
BRDA:68,0,0,0
BRDA:68,0,1,0
BRDA:76,1,0,0
BRDA:76,1,1,0
BRDA:87,2,0,0
BRDA:87,2,1,0
BRDA:96,3,0,0
BRDA:96,3,1,0
BRDA:96,4,0,0
BRDA:96,4,1,0
BRDA:99,5,0,0
BRDA:99,5,1,0
BRDA:99,6,0,0
BRDA:99,6,1,0
BRDA:102,7,0,0
BRDA:102,7,1,0
BRDA:102,8,0,0
BRDA:102,8,1,0
BRDA:119,9,0,0
BRDA:119,9,1,0
BRDA:136,10,0,0
BRDA:136,10,1,0
BRDA:153,11,0,0
BRDA:153,11,1,0
BRDA:169,12,0,0
BRDA:169,12,1,0
BRDA:200,13,0,0
BRDA:200,13,1,0
BRDA:200,13,2,0
BRDA:200,13,3,0
BRDA:239,14,0,0
BRDA:239,14,1,0
BRDA:249,15,0,0
BRDA:249,15,1,0
BRDA:284,16,0,0
BRDA:284,16,1,0
BRDA:323,17,0,0
BRDA:323,17,1,0
BRDA:332,18,0,0
BRDA:332,18,1,0
BRDA:333,19,0,0
BRDA:333,19,1,0
BRDA:354,20,0,0
BRDA:354,20,1,0
BRDA:462,21,0,0
BRDA:462,21,1,0
BRDA:473,22,0,0
BRDA:473,22,1,0
BRDA:474,23,0,0
BRDA:474,23,1,0
BRDA:475,24,0,0
BRDA:475,24,1,0
BRDA:476,25,0,0
BRDA:476,25,1,0
BRDA:481,26,0,0
BRDA:481,26,1,0
BRDA:481,27,0,0
BRDA:481,27,1,0
BRDA:482,28,0,0
BRDA:482,28,1,0
BRDA:506,29,0,0
BRDA:506,29,1,0
BRDA:512,30,0,0
BRDA:512,30,1,0
BRDA:515,31,0,0
BRDA:515,31,1,0
BRDA:516,32,0,0
BRDA:516,32,1,0
BRDA:533,33,0,0
BRDA:533,33,1,0
BRDA:535,34,0,0
BRDA:535,34,1,0
BRDA:536,35,0,0
BRDA:536,35,1,0
BRDA:536,35,2,0
BRDA:548,36,0,0
BRDA:548,36,1,0
BRDA:551,37,0,0
BRDA:551,37,1,0
BRDA:551,38,0,0
BRDA:551,38,1,0
BRDA:584,39,0,0
BRDA:584,39,1,0
BRDA:587,40,0,0
BRDA:587,40,1,0
BRDA:590,41,0,0
BRDA:590,41,1,0
BRDA:590,42,0,0
BRDA:590,42,1,0
BRDA:613,43,0,0
BRDA:613,43,1,0
BRDA:613,44,0,0
BRDA:613,44,1,0
BRDA:617,45,0,0
BRDA:617,45,1,0
BRDA:617,46,0,0
BRDA:617,46,1,0
BRDA:622,47,0,0
BRDA:622,47,1,0
BRDA:622,48,0,0
BRDA:622,48,1,0
BRF:101
BRH:0
end_of_record
TN:
SF:src/lib/ai/azureEmbeddingService.js
FNF:0
FNH:0
LF:0
LH:0
BRF:0
BRH:0
end_of_record
TN:
SF:src/lib/ai/embedding-service.ts
FN:77,(anonymous_0)
FN:95,(anonymous_1)
FN:115,(anonymous_2)
FN:123,(anonymous_3)
FN:141,(anonymous_4)
FN:157,(anonymous_5)
FN:170,(anonymous_6)
FN:192,(anonymous_7)
FN:205,(anonymous_8)
FN:218,(anonymous_9)
FN:219,(anonymous_10)
FN:227,(anonymous_11)
FNF:12
FNH:12
FNDA:2,(anonymous_0)
FNDA:44,(anonymous_1)
FNDA:6,(anonymous_2)
FNDA:6,(anonymous_3)
FNDA:8,(anonymous_4)
FNDA:168,(anonymous_5)
FNDA:3,(anonymous_6)
FNDA:44,(anonymous_7)
FNDA:190,(anonymous_8)
FNDA:72192,(anonymous_9)
FNDA:72192,(anonymous_10)
FNDA:195,(anonymous_11)
DA:79,2
DA:96,44
DA:107,44
DA:108,44
DA:116,6
DA:124,6
DA:143,8
DA:144,8
DA:147,8
DA:148,17
DA:152,8
DA:154,8
DA:156,17
DA:157,168
DA:160,17
DA:163,8
DA:171,3
DA:173,3
DA:176,3
DA:178,0
DA:179,0
DA:193,44
DA:207,190
DA:208,188
DA:211,188
DA:213,72192
DA:214,72192
DA:218,72192
DA:219,72192
DA:228,195
DA:230,195
DA:231,11374
DA:232,11374
DA:233,11374
DA:236,193
LF:35
LH:33
BRDA:107,0,0,44
BRDA:107,0,1,0
BRDA:108,1,0,44
BRDA:108,1,1,0
BRDA:143,2,0,8
BRDA:143,2,1,0
BRDA:176,3,0,3
BRDA:176,3,1,3
BRDA:192,4,0,36
BRDA:195,5,0,44
BRDA:195,5,1,41
BRF:11
BRH:8
end_of_record
TN:
SF:src/lib/ai/embeddingServiceFactory.js
FNF:0
FNH:0
LF:0
LH:0
BRF:0
BRH:0
end_of_record
TN:
SF:src/lib/ai/vector-stores/pgvector-client.ts
FN:35,(anonymous_0)
FN:53,(anonymous_1)
FN:73,(anonymous_2)
FN:80,(anonymous_3)
FN:95,(anonymous_4)
FN:119,(anonymous_5)
FN:157,(anonymous_6)
FN:166,(anonymous_7)
FN:201,(anonymous_8)
FN:233,(anonymous_9)
FN:253,(anonymous_10)
FN:259,(anonymous_11)
FN:278,(anonymous_12)
FN:312,(anonymous_13)
FN:324,(anonymous_14)
FN:336,(anonymous_15)
FN:354,(anonymous_16)
FN:388,(anonymous_17)
FN:445,(anonymous_18)
FN:451,(anonymous_19)
FN:458,(anonymous_20)
FN:460,(anonymous_21)
FN:477,(anonymous_22)
FN:496,(anonymous_23)
FN:509,(anonymous_24)
FN:527,(anonymous_25)
FNF:26
FNH:0
FNDA:0,(anonymous_0)
FNDA:0,(anonymous_1)
FNDA:0,(anonymous_2)
FNDA:0,(anonymous_3)
FNDA:0,(anonymous_4)
FNDA:0,(anonymous_5)
FNDA:0,(anonymous_6)
FNDA:0,(anonymous_7)
FNDA:0,(anonymous_8)
FNDA:0,(anonymous_9)
FNDA:0,(anonymous_10)
FNDA:0,(anonymous_11)
FNDA:0,(anonymous_12)
FNDA:0,(anonymous_13)
FNDA:0,(anonymous_14)
FNDA:0,(anonymous_15)
FNDA:0,(anonymous_16)
FNDA:0,(anonymous_17)
FNDA:0,(anonymous_18)
FNDA:0,(anonymous_19)
FNDA:0,(anonymous_20)
FNDA:0,(anonymous_21)
FNDA:0,(anonymous_22)
FNDA:0,(anonymous_23)
FNDA:0,(anonymous_24)
FNDA:0,(anonymous_25)
DA:36,0
DA:37,0
DA:54,0
DA:56,0
DA:57,0
DA:58,0
DA:61,0
DA:63,0
DA:65,0
DA:66,0
DA:74,0
DA:81,0
DA:82,0
DA:83,0
DA:84,0
DA:85,0
DA:87,0
DA:88,0
DA:96,0
DA:98,0
DA:100,0
DA:104,0
DA:105,0
DA:106,0
DA:109,0
DA:110,0
DA:112,0
DA:120,0
DA:122,0
DA:123,0
DA:134,0
DA:137,0
DA:143,0
DA:145,0
DA:147,0
DA:148,0
DA:150,0
DA:158,0
DA:160,0
DA:162,0
DA:163,0
DA:164,0
DA:166,0
DA:167,0
DA:168,0
DA:175,0
DA:178,0
DA:188,0
DA:189,0
DA:191,0
DA:192,0
DA:194,0
DA:206,0
DA:208,0
DA:209,0
DA:210,0
DA:212,0
DA:225,0
DA:231,0
DA:233,0
DA:243,0
DA:244,0
DA:246,0
DA:254,0
DA:256,0
DA:258,0
DA:259,0
DA:260,0
DA:265,0
DA:266,0
DA:268,0
DA:269,0
DA:271,0
DA:283,0
DA:285,0
DA:286,0
DA:294,0
DA:296,0
DA:302,0
DA:303,0
DA:305,0
DA:313,0
DA:315,0
DA:316,0
DA:323,0
DA:324,0
DA:326,0
DA:327,0
DA:329,0
DA:337,0
DA:339,0
DA:340,0
DA:341,0
DA:342,0
DA:344,0
DA:345,0
DA:347,0
DA:355,0
DA:357,0
DA:358,0
DA:364,0
DA:366,0
DA:367,0
DA:370,0
DA:371,0
DA:378,0
DA:379,0
DA:381,0
DA:393,0
DA:395,0
DA:396,0
DA:397,0
DA:398,0
DA:400,0
DA:401,0
DA:402,0
DA:403,0
DA:406,0
DA:407,0
DA:408,0
DA:409,0
DA:412,0
DA:413,0
DA:414,0
DA:415,0
DA:418,0
DA:419,0
DA:422,0
DA:424,0
DA:430,0
DA:432,0
DA:433,0
DA:435,0
DA:436,0
DA:438,0
DA:446,0
DA:448,0
DA:450,0
DA:451,0
DA:452,0
DA:458,0
DA:460,0
DA:467,0
DA:468,0
DA:470,0
DA:478,0
DA:480,0
DA:481,0
DA:482,0
DA:483,0
DA:485,0
DA:486,0
DA:488,0
DA:502,0
DA:503,0
DA:510,0
DA:512,0
DA:513,0
DA:524,0
DA:527,0
DA:528,0
DA:529,0
DA:533,0
DA:534,0
DA:536,0
DA:542,0
DA:543,0
DA:545,0
DA:551,1
LF:169
LH:1
BRDA:44,0,0,0
BRDA:44,0,1,0
BRDA:45,1,0,0
BRDA:45,1,1,0
BRDA:46,2,0,0
BRDA:46,2,1,0
BRDA:104,3,0,0
BRDA:104,3,1,0
BRDA:158,4,0,0
BRDA:158,4,1,0
BRDA:189,5,0,0
BRDA:189,5,1,0
BRDA:204,6,0,0
BRDA:209,7,0,0
BRDA:209,7,1,0
BRDA:210,8,0,0
BRDA:210,8,1,0
BRDA:238,9,0,0
BRDA:238,9,1,0
BRDA:254,10,0,0
BRDA:254,10,1,0
BRDA:266,11,0,0
BRDA:266,11,1,0
BRDA:366,12,0,0
BRDA:366,12,1,0
BRDA:375,13,0,0
BRDA:375,13,1,0
BRDA:400,14,0,0
BRDA:400,14,1,0
BRDA:406,15,0,0
BRDA:406,15,1,0
BRDA:412,16,0,0
BRDA:412,16,1,0
BRDA:418,17,0,0
BRDA:418,17,1,0
BRDA:433,18,0,0
BRDA:433,18,1,0
BRDA:446,19,0,0
BRDA:446,19,1,0
BRDA:464,20,0,0
BRDA:464,20,1,0
BRDA:499,21,0,0
BRDA:528,22,0,0
BRDA:528,22,1,0
BRDA:534,23,0,0
BRDA:534,23,1,0
BRF:46
BRH:0
end_of_record
TN:
SF:src/lib/api/validation/schemas.ts
FN:38,(anonymous_0)
FN:61,(anonymous_1)
FN:62,(anonymous_2)
FN:267,(anonymous_3)
FN:323,(anonymous_4)
FN:329,(anonymous_5)
FN:347,(anonymous_6)
FN:357,(anonymous_7)
FN:376,(anonymous_8)
FN:434,(anonymous_9)
FNF:10
FNH:0
FNDA:0,(anonymous_0)
FNDA:0,(anonymous_1)
FNDA:0,(anonymous_2)
FNDA:0,(anonymous_3)
FNDA:0,(anonymous_4)
FNDA:0,(anonymous_5)
FNDA:0,(anonymous_6)
FNDA:0,(anonymous_7)
FNDA:0,(anonymous_8)
FNDA:0,(anonymous_9)
DA:15,1
DA:18,1
DA:21,1
DA:24,1
DA:34,1
DA:38,0
DA:43,1
DA:50,1
DA:57,1
DA:61,0
DA:62,0
DA:65,1
DA:75,1
DA:85,1
DA:90,1
DA:98,1
DA:104,1
DA:111,1
DA:118,1
DA:127,1
DA:137,1
DA:141,1
DA:149,1
DA:154,1
DA:165,1
DA:184,1
DA:200,1
DA:205,1
DA:214,1
DA:225,1
DA:229,1
DA:244,1
DA:251,1
DA:257,1
DA:261,1
DA:267,0
DA:271,1
DA:279,1
DA:286,1
DA:294,1
DA:302,1
DA:311,1
DA:321,1
DA:323,0
DA:330,0
DA:331,0
DA:332,0
DA:333,0
DA:334,0
DA:336,0
DA:343,1
DA:347,0
DA:352,1
DA:358,0
DA:359,0
DA:360,0
DA:361,0
DA:372,1
DA:377,0
DA:378,0
DA:380,0
DA:387,1
DA:427,1
DA:434,0
DA:444,1
DA:471,1
DA:494,1
DA:503,1
LF:68
LH:48
BRDA:38,0,0,0
BRDA:38,0,1,0
BRDA:267,1,0,0
BRDA:267,1,1,0
BRDA:330,2,0,0
BRDA:330,2,1,0
BRDA:330,3,0,0
BRDA:330,3,1,0
BRDA:334,4,0,0
BRDA:334,4,1,0
BRDA:361,5,0,0
BRDA:361,5,1,0
BRDA:377,6,0,0
BRDA:377,6,1,0
BRDA:377,7,0,0
BRDA:377,7,1,0
BRF:16
BRH:0
end_of_record
TN:
SF:src/lib/cache/cache-invalidation-integration.ts
FN:43,(anonymous_0)
FN:64,(anonymous_1)
FN:113,(anonymous_2)
FN:144,(anonymous_3)
FN:186,(anonymous_4)
FN:221,(anonymous_5)
FN:237,(anonymous_6)
FN:243,(anonymous_7)
FN:251,(anonymous_8)
FN:269,(anonymous_9)
FN:271,(anonymous_10)
FN:291,(anonymous_11)
FN:298,(anonymous_12)
FN:303,(anonymous_13)
FN:312,(anonymous_14)
FN:327,(anonymous_15)
FN:334,(anonymous_16)
FN:351,(anonymous_17)
FN:378,(anonymous_18)
FN:382,(anonymous_19)
FN:389,(anonymous_20)
FN:402,(anonymous_21)
FN:414,(anonymous_22)
FN:426,(anonymous_23)
FN:440,(anonymous_24)
FN:448,(anonymous_25)
FN:456,(anonymous_26)
FN:462,(anonymous_27)
FN:472,(anonymous_28)
FN:491,(anonymous_29)
FN:492,(anonymous_30)
FNF:31
FNH:31
FNDA:13,(anonymous_0)
FNDA:10,(anonymous_1)
FNDA:2,(anonymous_2)
FNDA:1,(anonymous_3)
FNDA:1,(anonymous_4)
FNDA:2,(anonymous_5)
FNDA:11,(anonymous_6)
FNDA:2,(anonymous_7)
FNDA:2,(anonymous_8)
FNDA:8,(anonymous_9)
FNDA:6,(anonymous_10)
FNDA:4,(anonymous_11)
FNDA:6,(anonymous_12)
FNDA:6,(anonymous_13)
FNDA:2,(anonymous_14)
FNDA:1,(anonymous_15)
FNDA:1,(anonymous_16)
FNDA:3,(anonymous_17)
FNDA:3,(anonymous_18)
FNDA:11,(anonymous_19)
FNDA:10,(anonymous_20)
FNDA:14,(anonymous_21)
FNDA:14,(anonymous_22)
FNDA:1,(anonymous_23)
FNDA:1,(anonymous_24)
FNDA:1,(anonymous_25)
FNDA:1,(anonymous_26)
FNDA:3,(anonymous_27)
FNDA:2,(anonymous_28)
FNDA:5,(anonymous_29)
FNDA:10,(anonymous_30)
DA:35,13
DA:44,13
DA:53,13
DA:74,10
DA:75,10
DA:77,10
DA:78,10
DA:80,7
DA:86,7
DA:89,3
DA:90,3
DA:93,0
DA:96,10
DA:99,0
DA:101,0
DA:102,0
DA:103,0
DA:105,0
DA:121,2
DA:128,2
DA:129,1
DA:131,1
DA:132,3
DA:154,1
DA:157,1
DA:158,1
DA:160,1
DA:161,2
DA:170,1
DA:171,1
DA:173,1
DA:174,2
DA:195,1
DA:197,1
DA:204,1
DA:205,1
DA:207,1
DA:208,1
DA:209,1
DA:229,2
DA:232,2
DA:234,2
DA:235,4
DA:237,4
DA:238,11
DA:242,4
DA:243,2
DA:264,2
DA:265,2
DA:266,2
DA:268,2
DA:269,8
DA:271,2
DA:272,6
DA:274,6
DA:275,6
DA:276,6
DA:278,0
DA:281,6
DA:285,2
DA:286,4
DA:287,2
DA:288,2
DA:291,4
DA:292,2
DA:293,2
DA:297,2
DA:298,6
DA:299,2
DA:301,2
DA:303,6
DA:317,2
DA:328,1
DA:335,1
DA:338,1
DA:339,1
DA:355,3
DA:356,0
DA:359,3
DA:360,3
DA:364,0
DA:365,0
DA:368,0
DA:369,0
DA:372,0
DA:380,3
DA:382,11
DA:390,10
DA:391,10
DA:395,10
DA:396,10
DA:403,14
DA:404,0
DA:405,13
DA:406,1
DA:407,0
DA:415,14
DA:416,0
DA:417,13
DA:418,1
DA:419,0
DA:427,1
DA:434,1
DA:442,1
DA:450,1
DA:459,1
DA:461,1
DA:462,3
DA:463,1
DA:466,1
DA:476,2
DA:483,2
DA:484,2
DA:485,3
DA:490,2
DA:491,1
DA:492,10
DA:496,1
LF:118
LH:101
BRDA:43,0,0,0
BRDA:66,1,0,0
BRDA:75,2,0,10
BRDA:75,2,1,3
BRDA:78,3,0,7
BRDA:78,3,1,3
BRDA:78,3,2,0
BRDA:82,4,0,7
BRDA:82,4,1,4
BRDA:83,5,0,7
BRDA:83,5,1,6
BRDA:101,6,0,0
BRDA:101,6,1,0
BRDA:101,7,0,0
BRDA:101,7,1,0
BRDA:116,8,0,0
BRDA:124,9,0,2
BRDA:124,9,1,0
BRDA:128,10,0,1
BRDA:128,10,1,1
BRDA:148,11,0,0
BRDA:157,12,0,1
BRDA:157,12,1,0
BRDA:170,13,0,1
BRDA:170,13,1,0
BRDA:189,14,0,0
BRDA:195,15,0,1
BRDA:195,15,1,0
BRDA:204,16,0,1
BRDA:204,16,1,0
BRDA:208,17,0,1
BRDA:208,17,1,0
BRDA:223,18,0,0
BRDA:232,19,0,2
BRDA:232,19,1,0
BRDA:242,20,0,2
BRDA:242,20,1,2
BRDA:264,21,0,0
BRDA:286,22,0,2
BRDA:286,22,1,2
BRDA:299,23,0,2
BRDA:299,23,1,0
BRDA:338,24,0,1
BRDA:338,24,1,0
BRDA:338,25,0,1
BRDA:338,25,1,0
BRDA:355,26,0,0
BRDA:355,26,1,3
BRDA:359,27,0,3
BRDA:359,27,1,0
BRDA:364,28,0,0
BRDA:364,28,1,0
BRDA:368,29,0,0
BRDA:368,29,1,0
BRDA:396,30,0,10
BRDA:396,30,1,0
BRDA:403,31,0,0
BRDA:403,31,1,13
BRDA:403,31,2,1
BRDA:403,31,3,0
BRDA:415,32,0,0
BRDA:415,32,1,13
BRDA:415,32,2,1
BRDA:415,32,3,0
BRDA:434,33,0,1
BRDA:434,33,1,0
BRDA:483,34,0,2
BRDA:483,34,1,0
BRDA:490,35,0,1
BRDA:490,35,1,1
BRF:70
BRH:35
end_of_record
TN:
SF:src/lib/cache/pgvector-cache-integration.ts
FN:28,(anonymous_0)
FN:82,(anonymous_1)
FN:112,(anonymous_2)
FN:132,(anonymous_3)
FN:148,(anonymous_4)
FN:165,(anonymous_5)
FN:172,(anonymous_6)
FNF:7
FNH:7
FNDA:11,(anonymous_0)
FNDA:20,(anonymous_1)
FNDA:1,(anonymous_2)
FNDA:1,(anonymous_3)
FNDA:1,(anonymous_4)
FNDA:1,(anonymous_5)
FNDA:2,(anonymous_6)
DA:37,11
DA:40,11
DA:53,11
DA:54,10
DA:59,10
DA:60,1
DA:61,1
DA:63,1
DA:73,10
DA:82,20
DA:92,10
DA:98,10
DA:99,10
DA:101,10
DA:119,1
DA:137,1
DA:152,1
DA:157,1
DA:159,1
DA:166,1
DA:182,2
DA:183,2
DA:185,2
DA:186,4
DA:191,4
DA:192,1
DA:196,2
DA:198,2
LF:28
LH:28
BRDA:30,0,0,0
BRDA:43,1,0,11
BRDA:43,1,1,7
BRDA:44,2,0,11
BRDA:44,2,1,9
BRDA:45,3,0,11
BRDA:45,3,1,0
BRDA:47,4,0,11
BRDA:47,4,1,4
BRDA:48,5,0,11
BRDA:48,5,1,1
BRDA:53,6,0,10
BRDA:53,6,1,1
BRDA:59,7,0,1
BRDA:59,7,1,9
BRDA:116,8,0,0
BRDA:134,9,0,0
BRDA:191,10,0,1
BRDA:191,10,1,3
BRF:19
BRH:15
end_of_record
TN:
SF:src/lib/cache/pgvector-search.ts
FN:39,(anonymous_0)
FN:63,(anonymous_1)
FNF:2
FNH:0
FNDA:0,(anonymous_0)
FNDA:0,(anonymous_1)
DA:44,0
DA:45,0
DA:50,0
DA:51,0
DA:52,0
DA:57,0
DA:64,0
LF:7
LH:0
BRDA:41,0,0,0
BRDA:44,1,0,0
BRDA:44,1,1,0
BRDA:51,2,0,0
BRDA:51,2,1,0
BRF:5
BRH:0
end_of_record
TN:
SF:src/lib/cache/production-vector-cache-invalidator.ts
FN:55,(anonymous_0)
FN:75,(anonymous_1)
FN:119,(anonymous_2)
FN:143,(anonymous_3)
FN:166,(anonymous_4)
FN:186,(anonymous_5)
FN:218,(anonymous_6)
FN:237,(anonymous_7)
FN:246,(anonymous_8)
FN:247,(anonymous_9)
FN:257,(anonymous_10)
FN:262,(anonymous_11)
FN:271,(anonymous_12)
FN:280,(anonymous_13)
FN:315,(anonymous_14)
FN:333,(anonymous_15)
FN:367,(anonymous_16)
FN:371,(anonymous_17)
FN:386,(anonymous_18)
FN:410,(anonymous_19)
FN:425,(anonymous_20)
FN:433,(anonymous_21)
FN:441,(anonymous_22)
FN:460,(anonymous_23)
FN:474,(anonymous_24)
FNF:25
FNH:24
FNDA:49,(anonymous_0)
FNDA:129,(anonymous_1)
FNDA:35,(anonymous_2)
FNDA:8,(anonymous_3)
FNDA:7,(anonymous_4)
FNDA:3,(anonymous_5)
FNDA:15,(anonymous_6)
FNDA:14,(anonymous_7)
FNDA:49,(anonymous_8)
FNDA:305,(anonymous_9)
FNDA:89,(anonymous_10)
FNDA:15,(anonymous_11)
FNDA:54,(anonymous_12)
FNDA:73,(anonymous_13)
FNDA:39,(anonymous_14)
FNDA:82,(anonymous_15)
FNDA:14,(anonymous_16)
FNDA:14,(anonymous_17)
FNDA:0,(anonymous_18)
FNDA:39,(anonymous_19)
FNDA:35,(anonymous_20)
FNDA:105,(anonymous_21)
FNDA:8,(anonymous_22)
FNDA:7,(anonymous_23)
FNDA:2,(anonymous_24)
DA:47,49
DA:48,49
DA:49,49
DA:50,49
DA:51,49
DA:52,49
DA:53,49
DA:56,49
DA:69,49
DA:81,129
DA:89,129
DA:90,61
DA:93,129
DA:94,2
DA:95,2
DA:99,129
DA:100,17
DA:101,13
DA:105,112
DA:108,112
DA:109,23
DA:112,89
DA:124,35
DA:125,5
DA:128,35
DA:129,0
DA:133,35
DA:135,35
DA:136,35
DA:148,8
DA:150,8
DA:151,2
DA:154,8
DA:155,0
DA:158,8
DA:159,24
DA:171,7
DA:173,7
DA:175,7
DA:192,3
DA:196,3
DA:198,3
DA:199,0
DA:202,3
DA:203,0
DA:204,0
DA:207,3
DA:225,15
DA:238,14
DA:239,8
DA:247,49
DA:248,305
DA:249,8
DA:258,89
DA:259,62
DA:262,27
DA:263,15
DA:264,15
DA:272,54
DA:273,32
DA:276,22
DA:278,22
DA:280,22
DA:281,73
DA:282,73
DA:286,22
DA:288,22
DA:289,13
DA:292,22
DA:293,0
DA:296,22
DA:299,21
DA:300,0
DA:301,0
DA:305,0
DA:306,0
DA:308,21
DA:317,39
DA:318,0
DA:319,0
DA:321,0
DA:325,39
DA:326,39
DA:328,39
DA:330,39
DA:332,39
DA:333,82
DA:334,41
DA:336,41
DA:337,36
DA:339,36
DA:340,23
DA:344,34
DA:346,34
DA:347,0
DA:348,0
DA:349,0
DA:353,4
DA:355,4
DA:356,2
DA:357,2
DA:360,4
DA:371,14
DA:378,13
DA:379,0
DA:387,0
DA:388,0
DA:390,0
DA:391,0
DA:394,0
DA:395,0
DA:397,0
DA:398,0
DA:401,0
DA:402,0
DA:411,39
DA:413,39
DA:414,82
DA:415,82
DA:416,82
DA:419,39
DA:429,35
DA:433,105
DA:435,35
DA:442,8
DA:444,8
DA:445,8
DA:446,8
DA:447,8
DA:449,0
DA:450,0
DA:451,0
DA:454,8
DA:461,7
DA:478,2
DA:480,2
DA:481,5
DA:483,2
DA:484,2
DA:488,2
LF:140
LH:110
BRDA:55,0,0,2
BRDA:77,1,0,0
BRDA:78,2,0,0
BRDA:89,3,0,61
BRDA:89,3,1,68
BRDA:93,4,0,2
BRDA:93,4,1,127
BRDA:99,5,0,17
BRDA:99,5,1,112
BRDA:108,6,0,23
BRDA:108,6,1,89
BRDA:121,7,0,0
BRDA:122,8,0,0
BRDA:124,9,0,5
BRDA:124,9,1,30
BRDA:128,10,0,0
BRDA:128,10,1,35
BRDA:135,11,0,35
BRDA:135,11,1,0
BRDA:146,12,0,0
BRDA:150,13,0,2
BRDA:150,13,1,6
BRDA:154,14,0,0
BRDA:154,14,1,8
BRDA:173,15,0,1
BRDA:173,15,1,6
BRDA:192,16,0,2
BRDA:192,16,1,1
BRDA:198,17,0,0
BRDA:198,17,1,3
BRDA:202,18,0,0
BRDA:202,18,1,3
BRDA:238,19,0,8
BRDA:238,19,1,6
BRDA:248,20,0,8
BRDA:248,20,1,297
BRDA:248,21,0,305
BRDA:248,21,1,8
BRDA:258,22,0,62
BRDA:258,22,1,27
BRDA:272,23,0,32
BRDA:272,23,1,22
BRDA:272,24,0,54
BRDA:272,24,1,36
BRDA:288,25,0,13
BRDA:288,25,1,9
BRDA:292,26,0,0
BRDA:292,26,1,22
BRDA:299,27,0,0
BRDA:299,27,1,21
BRDA:317,28,0,0
BRDA:317,28,1,39
BRDA:318,29,0,0
BRDA:318,29,1,0
BRDA:339,30,0,23
BRDA:339,30,1,13
BRDA:346,31,0,0
BRDA:346,31,1,34
BRDA:355,32,0,2
BRDA:355,32,1,2
BRDA:378,33,0,0
BRDA:378,33,1,13
BRDA:390,34,0,0
BRDA:390,34,1,0
BRDA:394,35,0,0
BRDA:394,35,1,0
BRDA:397,36,0,0
BRDA:397,36,1,0
BRDA:401,37,0,0
BRDA:401,37,1,0
BRDA:414,38,0,82
BRDA:414,38,1,41
BRDA:444,39,0,8
BRDA:444,39,1,0
BRDA:481,40,0,2
BRDA:481,40,1,3
BRF:76
BRH:50
end_of_record
TN:
SF:src/lib/cache/vector-cache-invalidator.ts
FN:18,(anonymous_0)
FN:28,(anonymous_1)
FN:36,(anonymous_2)
FNF:3
FNH:0
FNDA:0,(anonymous_0)
FNDA:0,(anonymous_1)
FNDA:0,(anonymous_2)
DA:13,2
DA:19,0
DA:20,0
DA:22,0
DA:30,0
DA:40,0
DA:41,0
LF:7
LH:1
BRDA:19,0,0,0
BRDA:19,0,1,0
BRDA:40,1,0,0
BRDA:40,1,1,0
BRF:4
BRH:0
end_of_record
TN:
SF:src/lib/cache/vector-cache-strategy.ts
FN:40,(anonymous_0)
FN:53,(anonymous_1)
FN:73,(anonymous_2)
FN:94,(anonymous_3)
FN:102,(anonymous_4)
FN:109,(anonymous_5)
FN:117,(anonymous_6)
FN:126,(anonymous_7)
FN:146,(anonymous_8)
FNF:9
FNH:9
FNDA:21,(anonymous_0)
FNDA:21,(anonymous_1)
FNDA:3,(anonymous_2)
FNDA:59,(anonymous_3)
FNDA:17,(anonymous_4)
FNDA:3,(anonymous_5)
FNDA:3,(anonymous_6)
FNDA:1,(anonymous_7)
FNDA:14,(anonymous_8)
DA:35,4
DA:41,21
DA:42,21
DA:47,21
DA:54,21
DA:55,21
DA:57,21
DA:58,11
DA:62,10
DA:63,0
DA:64,0
DA:67,10
DA:74,3
DA:75,0
DA:76,0
DA:77,0
DA:80,3
DA:81,3
DA:82,4
DA:83,2
DA:84,2
DA:88,3
DA:95,59
DA:96,59
DA:103,17
DA:110,3
DA:111,3
DA:125,3
DA:126,3
DA:129,3
DA:130,3
DA:131,3
DA:133,3
DA:149,14
LF:34
LH:29
BRDA:57,0,0,11
BRDA:57,0,1,10
BRDA:62,1,0,0
BRDA:62,1,1,10
BRDA:74,2,0,0
BRDA:74,2,1,3
BRDA:82,3,0,2
BRDA:82,3,1,2
BRDA:95,4,0,0
BRDA:95,4,1,59
BRDA:96,5,0,8
BRDA:96,5,1,51
BRDA:110,6,0,2
BRDA:110,6,1,1
BRDA:131,7,0,0
BRDA:131,7,1,3
BRDA:135,8,0,1
BRDA:135,8,1,2
BRDA:136,9,0,1
BRDA:136,9,1,2
BRF:20
BRH:16
end_of_record
TN:
SF:src/lib/db/connection-pool-alerts.ts
FN:60,(anonymous_0)
FN:81,(anonymous_1)
FN:83,(anonymous_2)
FN:90,(anonymous_3)
FN:93,(anonymous_4)
FN:96,(anonymous_5)
FN:105,(anonymous_6)
FN:109,(anonymous_7)
FN:126,(anonymous_8)
FN:127,(anonymous_9)
FN:130,(anonymous_10)
FN:131,(anonymous_11)
FN:134,(anonymous_12)
FN:138,(anonymous_13)
FN:142,(anonymous_14)
FN:144,(anonymous_15)
FN:153,(anonymous_16)
FN:161,(anonymous_17)
FN:162,(anonymous_18)
FN:165,(anonymous_19)
FN:166,(anonymous_20)
FN:178,(anonymous_21)
FN:187,(anonymous_22)
FN:191,(anonymous_23)
FN:195,(anonymous_24)
FN:199,(anonymous_25)
FN:203,(anonymous_26)
FN:213,(anonymous_27)
FN:214,(anonymous_28)
FN:218,(anonymous_29)
FN:220,(anonymous_30)
FN:223,(anonymous_31)
FNF:32
FNH:27
FNDA:2,(anonymous_0)
FNDA:2,(anonymous_1)
FNDA:5,(anonymous_2)
FNDA:0,(anonymous_3)
FNDA:0,(anonymous_4)
FNDA:8,(anonymous_5)
FNDA:4,(anonymous_6)
FNDA:2,(anonymous_7)
FNDA:7,(anonymous_8)
FNDA:3,(anonymous_9)
FNDA:0,(anonymous_10)
FNDA:0,(anonymous_11)
FNDA:1,(anonymous_12)
FNDA:1,(anonymous_13)
FNDA:2,(anonymous_14)
FNDA:2,(anonymous_15)
FNDA:3,(anonymous_16)
FNDA:2,(anonymous_17)
FNDA:2,(anonymous_18)
FNDA:2,(anonymous_19)
FNDA:2,(anonymous_20)
FNDA:1,(anonymous_21)
FNDA:3,(anonymous_22)
FNDA:2,(anonymous_23)
FNDA:2,(anonymous_24)
FNDA:2,(anonymous_25)
FNDA:2,(anonymous_26)
FNDA:6,(anonymous_27)
FNDA:3,(anonymous_28)
FNDA:1,(anonymous_29)
FNDA:1,(anonymous_30)
FNDA:0,(anonymous_31)
DA:50,2
DA:57,2
DA:58,2
DA:60,2
DA:61,2
DA:62,2
DA:64,0
DA:69,2
DA:70,2
DA:71,2
DA:72,2
DA:73,2
DA:74,2
DA:84,5
DA:85,2
DA:87,5
DA:91,0
DA:92,0
DA:93,0
DA:97,8
DA:98,0
DA:99,0
DA:100,0
DA:101,0
DA:106,4
DA:110,2
DA:120,2
DA:121,2
DA:122,2
DA:123,2
DA:127,7
DA:131,0
DA:135,1
DA:139,1
DA:143,2
DA:144,2
DA:145,2
DA:146,2
DA:147,2
DA:149,0
DA:152,2
DA:153,2
DA:154,3
DA:158,2
DA:162,2
DA:163,2
DA:165,2
DA:166,2
DA:168,2
DA:169,2
DA:175,2
DA:179,1
DA:188,3
DA:192,2
DA:196,2
DA:200,2
DA:204,2
DA:205,1
DA:206,1
DA:214,6
DA:215,6
DA:216,2
DA:217,2
DA:218,2
DA:220,4
DA:224,0
DA:226,0
DA:229,0
DA:230,0
DA:231,0
DA:232,0
DA:239,0
DA:240,0
DA:250,0
DA:251,0
DA:252,0
DA:253,0
DA:260,0
DA:261,0
DA:271,0
DA:272,0
DA:273,0
DA:274,0
DA:281,0
DA:282,0
DA:292,0
DA:293,0
DA:294,0
DA:295,0
LF:89
LH:55
BRDA:61,0,0,2
BRDA:61,0,1,0
BRDA:61,1,0,2
BRDA:61,1,1,2
BRDA:84,2,0,2
BRDA:84,2,1,3
BRDA:91,3,0,0
BRDA:91,3,1,0
BRDA:97,4,0,8
BRDA:97,4,1,0
BRDA:99,5,0,0
BRDA:99,5,1,0
BRDA:111,6,0,2
BRDA:111,6,1,2
BRDA:115,7,0,2
BRDA:115,7,1,2
BRDA:116,8,0,2
BRDA:116,8,1,2
BRDA:145,9,0,2
BRDA:145,9,1,0
BRDA:145,10,0,2
BRDA:145,10,1,2
BRDA:152,11,0,2
BRDA:152,11,1,0
BRDA:154,12,0,2
BRDA:154,12,1,1
BRDA:163,13,0,0
BRDA:163,13,1,2
BRDA:168,14,0,2
BRDA:168,14,1,0
BRDA:215,15,0,2
BRDA:215,15,1,4
BRDA:224,16,0,0
BRDA:224,16,1,0
BRDA:229,17,0,0
BRDA:229,17,1,0
BRDA:231,18,0,0
BRDA:231,18,1,0
BRDA:239,19,0,0
BRDA:239,19,1,0
BRDA:250,20,0,0
BRDA:250,20,1,0
BRDA:252,21,0,0
BRDA:252,21,1,0
BRDA:260,22,0,0
BRDA:260,22,1,0
BRDA:271,23,0,0
BRDA:271,23,1,0
BRDA:273,24,0,0
BRDA:273,24,1,0
BRDA:281,25,0,0
BRDA:281,25,1,0
BRDA:292,26,0,0
BRDA:292,26,1,0
BRDA:294,27,0,0
BRDA:294,27,1,0
BRF:56
BRH:22
end_of_record
TN:
SF:src/lib/db/connection-pool-coordinator.ts
FN:13,(anonymous_0)
FN:17,(anonymous_1)
FN:21,(anonymous_2)
FN:32,(anonymous_3)
FN:36,(anonymous_4)
FN:47,getGlobalCoordinator
FNF:6
FNH:0
FNDA:0,(anonymous_0)
FNDA:0,(anonymous_1)
FNDA:0,(anonymous_2)
FNDA:0,(anonymous_3)
FNDA:0,(anonymous_4)
FNDA:0,getGlobalCoordinator
DA:9,0
DA:10,0
DA:11,0
DA:14,0
DA:18,0
DA:22,0
DA:23,0
DA:25,0
DA:33,0
DA:37,0
DA:45,1
DA:48,0
DA:49,0
DA:51,0
LF:14
LH:1
BRDA:48,0,0,0
BRDA:48,0,1,0
BRF:2
BRH:0
end_of_record
TN:
SF:src/lib/db/database-logger.ts
FN:27,(anonymous_0)
FN:40,(anonymous_1)
FN:44,(anonymous_2)
FN:52,(anonymous_3)
FN:99,(anonymous_4)
FN:150,(anonymous_5)
FN:154,(anonymous_6)
FN:158,(anonymous_7)
FN:178,(anonymous_8)
FN:185,(anonymous_9)
FN:192,(anonymous_10)
FN:199,(anonymous_11)
FN:206,(anonymous_12)
FN:211,(anonymous_13)
FN:214,(anonymous_14)
FN:228,(anonymous_15)
FN:241,getDatabaseLogger
FN:251,createPrismaWithLogging
FN:282,(anonymous_18)
FN:294,(anonymous_19)
FN:301,(anonymous_20)
FN:308,(anonymous_21)
FNF:22
FNH:2
FNDA:1,(anonymous_0)
FNDA:0,(anonymous_1)
FNDA:0,(anonymous_2)
FNDA:0,(anonymous_3)
FNDA:0,(anonymous_4)
FNDA:0,(anonymous_5)
FNDA:0,(anonymous_6)
FNDA:0,(anonymous_7)
FNDA:0,(anonymous_8)
FNDA:0,(anonymous_9)
FNDA:0,(anonymous_10)
FNDA:0,(anonymous_11)
FNDA:0,(anonymous_12)
FNDA:0,(anonymous_13)
FNDA:0,(anonymous_14)
FNDA:0,(anonymous_15)
FNDA:16,getDatabaseLogger
FNDA:0,createPrismaWithLogging
FNDA:0,(anonymous_18)
FNDA:0,(anonymous_19)
FNDA:0,(anonymous_20)
FNDA:0,(anonymous_21)
DA:28,1
DA:31,1
DA:32,1
DA:33,1
DA:34,1
DA:35,1
DA:36,1
DA:37,1
DA:41,0
DA:45,0
DA:46,0
DA:47,0
DA:49,0
DA:53,0
DA:55,0
DA:56,0
DA:59,0
DA:60,0
DA:63,0
DA:83,0
DA:85,0
DA:88,0
DA:90,0
DA:94,0
DA:95,0
DA:108,0
DA:110,0
DA:111,0
DA:113,0
DA:114,0
DA:116,0
DA:117,0
DA:119,0
DA:120,0
DA:123,0
DA:124,0
DA:128,0
DA:130,0
DA:131,0
DA:133,0
DA:134,0
DA:136,0
DA:140,0
DA:141,0
DA:163,0
DA:164,0
DA:165,0
DA:167,0
DA:168,0
DA:171,0
DA:179,0
DA:186,0
DA:193,0
DA:200,0
DA:207,0
DA:208,0
DA:210,0
DA:212,0
DA:215,0
DA:216,0
DA:218,0
DA:219,0
DA:226,0
DA:229,0
DA:236,1
DA:242,16
DA:243,1
DA:245,16
DA:252,0
DA:255,0
DA:282,0
DA:283,0
DA:294,0
DA:295,0
DA:301,0
DA:302,0
DA:308,0
DA:309,0
DA:314,0
LF:79
LH:12
BRDA:27,0,0,1
BRDA:28,1,0,1
BRDA:28,1,1,1
BRDA:29,2,0,0
BRDA:29,2,1,1
BRDA:31,3,0,1
BRDA:31,3,1,1
BRDA:33,4,0,1
BRDA:33,4,1,0
BRDA:36,5,0,1
BRDA:36,5,1,1
BRDA:37,6,0,1
BRDA:37,6,1,1
BRDA:37,6,2,0
BRDA:52,7,0,0
BRDA:53,8,0,0
BRDA:53,8,1,0
BRDA:55,9,0,0
BRDA:55,9,1,0
BRDA:59,10,0,0
BRDA:59,10,1,0
BRDA:60,11,0,0
BRDA:60,11,1,0
BRDA:73,12,0,0
BRDA:73,12,1,0
BRDA:83,13,0,0
BRDA:83,13,1,0
BRDA:83,14,0,0
BRDA:83,14,1,0
BRDA:88,15,0,0
BRDA:88,15,1,0
BRDA:94,16,0,0
BRDA:94,16,1,0
BRDA:108,17,0,0
BRDA:108,17,1,0
BRDA:108,17,2,0
BRDA:108,17,3,0
BRDA:108,17,4,0
BRDA:108,17,5,0
BRDA:130,18,0,0
BRDA:130,18,1,0
BRDA:130,19,0,0
BRDA:130,19,1,0
BRDA:133,20,0,0
BRDA:133,20,1,0
BRDA:140,21,0,0
BRDA:140,21,1,0
BRDA:140,22,0,0
BRDA:140,22,1,0
BRDA:140,22,2,0
BRDA:140,22,3,0
BRDA:163,23,0,0
BRDA:163,23,1,0
BRDA:218,24,0,0
BRDA:218,24,1,0
BRDA:229,25,0,0
BRDA:229,25,1,0
BRDA:242,26,0,1
BRDA:242,26,1,15
BRDA:258,27,0,0
BRDA:258,27,1,0
BRF:61
BRH:13
end_of_record
TN:
SF:src/lib/db/database-metrics.ts
FN:56,(anonymous_0)
FN:61,(anonymous_1)
FN:77,(anonymous_2)
FN:84,(anonymous_3)
FN:88,(anonymous_4)
FN:92,(anonymous_5)
FN:106,(anonymous_6)
FN:110,(anonymous_7)
FN:112,(anonymous_8)
FN:115,(anonymous_9)
FN:120,(anonymous_10)
FN:122,(anonymous_11)
FN:125,(anonymous_12)
FN:131,(anonymous_13)
FN:136,(anonymous_14)
FN:167,(anonymous_15)
FN:181,getMetricsCollector
FN:185,collectDatabaseMetrics
FNF:18
FNH:0
FNDA:0,(anonymous_0)
FNDA:0,(anonymous_1)
FNDA:0,(anonymous_2)
FNDA:0,(anonymous_3)
FNDA:0,(anonymous_4)
FNDA:0,(anonymous_5)
FNDA:0,(anonymous_6)
FNDA:0,(anonymous_7)
FNDA:0,(anonymous_8)
FNDA:0,(anonymous_9)
FNDA:0,(anonymous_10)
FNDA:0,(anonymous_11)
FNDA:0,(anonymous_12)
FNDA:0,(anonymous_13)
FNDA:0,(anonymous_14)
FNDA:0,(anonymous_15)
FNDA:0,getMetricsCollector
FNDA:0,collectDatabaseMetrics
DA:30,1
DA:36,1
DA:49,1
DA:57,0
DA:62,0
DA:63,0
DA:65,0
DA:66,0
DA:68,0
DA:72,0
DA:73,0
DA:78,0
DA:79,0
DA:80,0
DA:81,0
DA:85,0
DA:89,0
DA:93,0
DA:94,0
DA:96,0
DA:97,0
DA:101,0
DA:102,0
DA:107,0
DA:111,0
DA:112,0
DA:116,0
DA:117,0
DA:121,0
DA:122,0
DA:126,0
DA:127,0
DA:128,0
DA:132,0
DA:133,0
DA:137,0
DA:168,0
DA:179,1
DA:182,0
DA:187,0
LF:40
LH:4
BRDA:65,0,0,0
BRDA:65,0,1,0
BRDA:72,1,0,0
BRDA:72,1,1,0
BRDA:92,2,0,0
BRDA:96,3,0,0
BRDA:96,3,1,0
BRDA:101,4,0,0
BRDA:101,4,1,0
BRDA:111,5,0,0
BRDA:111,5,1,0
BRDA:116,6,0,0
BRDA:116,6,1,0
BRDA:121,7,0,0
BRDA:121,7,1,0
BRDA:127,8,0,0
BRDA:127,8,1,0
BRDA:132,9,0,0
BRDA:132,9,1,0
BRDA:161,10,0,0
BRDA:161,10,1,0
BRF:21
BRH:0
end_of_record
TN:
SF:src/lib/db/db-metrics.ts
FN:54,(anonymous_0)
FN:102,(anonymous_1)
FN:120,(anonymous_2)
FN:145,(anonymous_3)
FN:155,(anonymous_4)
FN:159,(anonymous_5)
FN:182,(anonymous_6)
FN:182,(anonymous_7)
FN:183,(anonymous_8)
FN:188,(anonymous_9)
FN:192,(anonymous_10)
FN:196,(anonymous_11)
FN:202,(anonymous_12)
FN:224,(anonymous_13)
FN:241,(anonymous_14)
FN:248,(anonymous_15)
FN:251,(anonymous_16)
FN:257,(anonymous_17)
FN:259,(anonymous_18)
FN:260,(anonymous_19)
FN:267,(anonymous_20)
FN:283,(anonymous_21)
FN:290,(anonymous_22)
FN:336,getDatabaseMetricsCollector
FN:348,createQueryTrackingMiddleware
FN:351,(anonymous_25)
FNF:26
FNH:26
FNDA:1609,(anonymous_0)
FNDA:1605,(anonymous_1)
FNDA:1605,(anonymous_2)
FNDA:74,(anonymous_3)
FNDA:41,(anonymous_4)
FNDA:65,(anonymous_5)
FNDA:65,(anonymous_6)
FNDA:28,(anonymous_7)
FNDA:65,(anonymous_8)
FNDA:65,(anonymous_9)
FNDA:65,(anonymous_10)
FNDA:65,(anonymous_11)
FNDA:65,(anonymous_12)
FNDA:3,(anonymous_13)
FNDA:4,(anonymous_14)
FNDA:5,(anonymous_15)
FNDA:1108,(anonymous_16)
FNDA:6,(anonymous_17)
FNDA:29,(anonymous_18)
FNDA:20,(anonymous_19)
FNDA:59,(anonymous_20)
FNDA:2,(anonymous_21)
FNDA:2,(anonymous_22)
FNDA:68,getDatabaseMetricsCollector
FNDA:4,createQueryTrackingMiddleware
FNDA:3,(anonymous_25)
DA:39,1
DA:40,1
DA:41,1
DA:44,1
DA:60,1609
DA:61,1609
DA:62,1609
DA:63,1
DA:65,1609
DA:66,1
DA:67,1608
DA:68,3
DA:71,1609
DA:81,1609
DA:84,1609
DA:85,500
DA:89,1609
DA:90,30
DA:103,1605
DA:105,1605
DA:106,17
DA:107,13
DA:108,10
DA:109,8
DA:110,6
DA:111,5
DA:112,4
DA:114,3
DA:121,1605
DA:124,1605
DA:132,1605
DA:133,1647
DA:134,1647
DA:135,1599
DA:139,6
DA:146,74
DA:148,74
DA:149,74
DA:156,41
DA:157,41
DA:158,41
DA:159,65
DA:162,41
DA:163,4
DA:177,37
DA:178,37
DA:179,37
DA:182,65
DA:183,65
DA:184,37
DA:185,37
DA:188,65
DA:189,37
DA:192,65
DA:195,37
DA:196,37
DA:197,65
DA:201,37
DA:202,37
DA:203,65
DA:204,59
DA:208,37
DA:230,3
DA:242,4
DA:249,5
DA:251,1108
DA:258,6
DA:259,29
DA:260,20
DA:268,59
DA:269,59
DA:270,59
DA:277,59
DA:284,2
DA:291,2
DA:292,2
DA:293,2
DA:296,2
DA:297,2
DA:298,2
DA:300,2
DA:301,2
DA:302,2
DA:304,2
DA:305,2
DA:306,2
DA:308,2
DA:309,2
DA:310,2
DA:313,2
DA:314,2
DA:315,2
DA:316,2
DA:318,2
DA:319,2
DA:320,2
DA:322,2
DA:323,2
DA:324,2
DA:326,2
DA:331,1
DA:337,68
DA:338,1
DA:339,1
DA:341,68
DA:349,4
DA:351,4
DA:352,3
DA:353,3
DA:356,3
DA:357,3
DA:358,1
DA:360,2
DA:361,2
DA:362,2
DA:364,3
DA:367,3
LF:117
LH:117
BRDA:57,0,0,0
BRDA:60,1,0,1608
BRDA:60,1,1,1
BRDA:62,2,0,1
BRDA:62,2,1,1608
BRDA:62,3,0,1609
BRDA:62,3,1,1
BRDA:62,3,2,1
BRDA:65,4,0,1
BRDA:65,4,1,1608
BRDA:67,5,0,3
BRDA:67,5,1,1605
BRDA:67,6,0,1608
BRDA:67,6,1,3
BRDA:76,7,0,4
BRDA:76,7,1,1605
BRDA:77,8,0,4
BRDA:77,8,1,1605
BRDA:78,9,0,3
BRDA:78,9,1,1606
BRDA:84,10,0,500
BRDA:84,10,1,1109
BRDA:89,11,0,30
BRDA:89,11,1,1579
BRDA:105,12,0,1588
BRDA:105,12,1,17
BRDA:106,13,0,4
BRDA:106,13,1,13
BRDA:107,14,0,3
BRDA:107,14,1,10
BRDA:108,15,0,2
BRDA:108,15,1,8
BRDA:109,16,0,2
BRDA:109,16,1,6
BRDA:110,17,0,1
BRDA:110,17,1,5
BRDA:111,18,0,1
BRDA:111,18,1,4
BRDA:112,19,0,1
BRDA:112,19,1,3
BRDA:134,20,0,1599
BRDA:134,20,1,48
BRDA:134,21,0,1647
BRDA:134,21,1,1599
BRDA:146,22,0,0
BRDA:146,22,1,74
BRDA:162,23,0,4
BRDA:162,23,1,37
BRDA:189,24,0,37
BRDA:189,24,1,0
BRDA:197,25,0,65
BRDA:197,25,1,40
BRDA:203,26,0,59
BRDA:203,26,1,6
BRDA:204,27,0,59
BRDA:204,27,1,58
BRDA:248,28,0,0
BRDA:257,29,0,0
BRDA:257,30,0,0
BRDA:337,31,0,1
BRDA:337,31,1,67
BRDA:361,32,0,1
BRDA:361,32,1,1
BRF:63
BRH:57
end_of_record
TN:
SF:src/lib/db/db-types.ts
FNF:0
FNH:0
LF:0
LH:0
BRF:0
BRH:0
end_of_record
TN:
SF:src/lib/db/vector-connection-pool.ts
FN:7,(anonymous_0)
FN:8,(anonymous_1)
FN:9,(anonymous_2)
FN:10,(anonymous_3)
FN:11,(anonymous_4)
FN:82,(anonymous_5)
FN:122,(anonymous_6)
FN:123,(anonymous_7)
FN:129,(anonymous_8)
FN:139,(anonymous_9)
FN:153,(anonymous_10)
FN:203,(anonymous_11)
FN:260,(anonymous_12)
FN:275,(anonymous_13)
FN:289,(anonymous_14)
FN:303,(anonymous_15)
FN:319,(anonymous_16)
FN:337,(anonymous_17)
FN:360,(anonymous_18)
FN:375,(anonymous_19)
FN:398,(anonymous_20)
FN:427,(anonymous_21)
FN:454,(anonymous_22)
FN:462,(anonymous_23)
FN:469,(anonymous_24)
FN:472,(anonymous_25)
FN:485,(anonymous_26)
FN:489,(anonymous_27)
FNF:28
FNH:2
FNDA:1,(anonymous_0)
FNDA:0,(anonymous_1)
FNDA:0,(anonymous_2)
FNDA:0,(anonymous_3)
FNDA:0,(anonymous_4)
FNDA:0,(anonymous_5)
FNDA:0,(anonymous_6)
FNDA:0,(anonymous_7)
FNDA:0,(anonymous_8)
FNDA:0,(anonymous_9)
FNDA:0,(anonymous_10)
FNDA:0,(anonymous_11)
FNDA:0,(anonymous_12)
FNDA:0,(anonymous_13)
FNDA:0,(anonymous_14)
FNDA:0,(anonymous_15)
FNDA:0,(anonymous_16)
FNDA:0,(anonymous_17)
FNDA:0,(anonymous_18)
FNDA:0,(anonymous_19)
FNDA:0,(anonymous_20)
FNDA:0,(anonymous_21)
FNDA:0,(anonymous_22)
FNDA:0,(anonymous_23)
FNDA:10,(anonymous_24)
FNDA:0,(anonymous_25)
FNDA:0,(anonymous_26)
FNDA:0,(anonymous_27)
DA:7,1
DA:8,0
DA:9,0
DA:10,0
DA:11,0
DA:17,1
DA:56,0
DA:61,0
DA:62,0
DA:63,0
DA:64,0
DA:65,0
DA:66,0
DA:67,0
DA:68,0
DA:69,0
DA:71,0
DA:72,0
DA:73,0
DA:88,0
DA:90,0
DA:91,0
DA:92,0
DA:95,0
DA:103,0
DA:105,0
DA:108,0
DA:109,0
DA:110,0
DA:111,0
DA:112,0
DA:114,0
DA:123,0
DA:124,0
DA:125,0
DA:126,0
DA:129,0
DA:130,0
DA:131,0
DA:136,0
DA:139,0
DA:140,0
DA:141,0
DA:145,0
DA:154,0
DA:155,0
DA:158,0
DA:159,0
DA:161,0
DA:163,0
DA:164,0
DA:165,0
DA:170,0
DA:174,0
DA:177,0
DA:178,0
DA:179,0
DA:180,0
DA:181,0
DA:184,0
DA:192,0
DA:193,0
DA:194,0
DA:199,0
DA:202,0
DA:203,0
DA:204,0
DA:205,0
DA:207,0
DA:215,0
DA:216,0
DA:217,0
DA:222,0
DA:224,0
DA:227,0
DA:229,0
DA:232,0
DA:233,0
DA:234,0
DA:239,0
DA:242,0
DA:243,0
DA:249,0
DA:250,0
DA:261,0
DA:263,0
DA:264,0
DA:266,0
DA:278,0
DA:280,0
DA:281,0
DA:283,0
DA:285,0
DA:287,0
DA:289,0
DA:290,0
DA:293,0
DA:295,0
DA:304,0
DA:305,0
DA:308,0
DA:309,0
DA:310,0
DA:312,0
DA:320,0
DA:338,0
DA:342,0
DA:368,0
DA:376,0
DA:377,0
DA:379,0
DA:381,0
DA:382,0
DA:384,0
DA:386,0
DA:388,0
DA:390,0
DA:391,0
DA:399,0
DA:401,0
DA:403,0
DA:404,0
DA:405,0
DA:407,0
DA:408,0
DA:417,1
DA:418,1
DA:433,0
DA:434,0
DA:435,0
DA:439,0
DA:442,0
DA:444,0
DA:446,0
DA:455,0
DA:463,0
DA:470,10
DA:472,0
DA:474,0
DA:476,0
DA:478,0
DA:486,0
DA:488,0
DA:489,0
DA:492,0
DA:494,0
LF:146
LH:5
BRDA:84,0,0,0
BRDA:85,1,0,0
BRDA:108,2,0,0
BRDA:108,2,1,0
BRDA:154,3,0,0
BRDA:154,3,1,0
BRDA:163,4,0,0
BRDA:163,4,1,0
BRDA:232,5,0,0
BRDA:232,5,1,0
BRDA:232,6,0,0
BRDA:232,6,1,0
BRDA:249,7,0,0
BRDA:249,7,1,0
BRDA:260,8,0,0
BRDA:304,9,0,0
BRDA:304,9,1,0
BRDA:327,10,0,0
BRDA:327,10,1,0
BRDA:338,11,0,0
BRDA:338,11,1,0
BRDA:384,12,0,0
BRDA:384,12,1,0
BRDA:386,13,0,0
BRDA:386,13,1,0
BRDA:429,14,0,0
BRDA:430,15,0,0
BRDA:433,16,0,0
BRDA:433,16,1,0
BRDA:454,17,0,0
BRF:30
BRH:0
end_of_record
TN:
SF:src/lib/db/vector.ts
FN:4,(anonymous_0)
FN:9,(anonymous_1)
FN:48,(anonymous_2)
FN:78,(anonymous_3)
FN:96,(anonymous_4)
FNF:5
FNH:1
FNDA:1,(anonymous_0)
FNDA:0,(anonymous_1)
FNDA:0,(anonymous_2)
FNDA:0,(anonymous_3)
FNDA:0,(anonymous_4)
DA:15,0
DA:17,0
DA:42,0
DA:53,0
DA:55,0
DA:72,0
DA:79,0
DA:97,0
DA:102,0
LF:9
LH:0
BRDA:29,0,0,0
BRDA:29,0,1,0
BRDA:53,1,0,0
BRDA:53,2,0,0
BRDA:96,3,0,0
BRF:5
BRH:0
end_of_record
TN:
SF:src/lib/experiments/bayesian.ts
FN:77,bayesianTest
FN:149,bayesianTTest
FN:222,calculateProbabilityBetter
FN:258,calculateExpectedLoss
FN:292,shouldStopExperiment
FN:354,estimateSamplesNeeded
FN:377,sampleBeta
FN:390,sampleGamma
FN:428,sampleNormal
FN:445,betaQuantile
FN:474,betaPDF
FN:487,betaFunction
FN:496,incompleteBeta
FN:516,betaContinuedFraction
FN:558,logGamma
FN:586,mean
FN:587,(anonymous_16)
FN:593,standardDeviation
FN:595,(anonymous_18)
FN:596,(anonymous_19)
FNF:20
FNH:20
FNDA:26,bayesianTest
FNDA:6,bayesianTTest
FNDA:26,calculateProbabilityBetter
FNDA:26,calculateExpectedLoss
FNDA:8,shouldStopExperiment
FNDA:5,estimateSamplesNeeded
FNDA:1040000,sampleBeta
FNDA:2080000,sampleGamma
FNDA:2191827,sampleNormal
FNDA:52,betaQuantile
FNDA:891,betaPDF
FNDA:889,betaFunction
FNDA:891,incompleteBeta
FNDA:889,betaContinuedFraction
FNDA:5334,logGamma
FNDA:20,mean
FNDA:112,(anonymous_16)
FNDA:10,standardDeviation
FNDA:56,(anonymous_18)
FNDA:56,(anonymous_19)
DA:86,26
DA:87,26
DA:88,26
DA:89,26
DA:92,26
DA:93,26
DA:96,26
DA:103,26
DA:111,26
DA:118,26
DA:153,6
DA:154,1
DA:162,5
DA:163,5
DA:164,5
DA:165,5
DA:166,5
DA:167,5
DA:170,5
DA:171,5
DA:172,5
DA:174,5
DA:176,50000
DA:180,50000
DA:185,50000
DA:186,38544
DA:188,11456
DA:192,5
DA:193,5
DA:196,5
DA:197,5
DA:202,5
DA:229,26
DA:230,26
DA:232,26
DA:233,260000
DA:234,260000
DA:236,260000
DA:237,197105
DA:241,26
DA:264,26
DA:265,26
DA:267,26
DA:268,260000
DA:269,260000
DA:272,260000
DA:273,62624
DA:277,26
DA:302,8
DA:305,8
DA:306,2
DA:315,6
DA:316,6
DA:317,1
DA:326,5
DA:327,5
DA:329,5
DA:330,0
DA:339,5
DA:341,5
DA:355,5
DA:357,4
DA:358,4
DA:360,4
DA:363,4
DA:365,4
DA:379,1040000
DA:380,1040000
DA:381,1040000
DA:391,2080000
DA:393,0
DA:397,2080000
DA:398,2080000
DA:400,2080000
DA:402,2090306
DA:403,2091827
DA:404,2091827
DA:407,2090306
DA:408,2090306
DA:409,2090306
DA:411,2090306
DA:412,1918818
DA:415,171488
DA:416,161182
DA:430,2191827
DA:431,2191827
DA:433,2191827
DA:434,2191827
DA:447,52
DA:448,52
DA:449,52
DA:451,52
DA:452,891
DA:453,891
DA:455,891
DA:456,44
DA:459,847
DA:462,845
DA:465,845
DA:468,8
DA:475,891
DA:477,889
DA:488,889
DA:497,891
DA:498,890
DA:501,889
DA:506,889
DA:507,166
DA:509,723
DA:517,889
DA:518,889
DA:520,889
DA:521,889
DA:522,889
DA:523,889
DA:524,889
DA:526,889
DA:527,889
DA:528,889
DA:530,889
DA:531,124567
DA:532,124567
DA:533,124567
DA:534,124567
DA:535,124567
DA:536,124567
DA:537,124567
DA:538,124567
DA:540,124567
DA:541,124567
DA:542,124567
DA:543,124567
DA:544,124567
DA:545,124567
DA:546,124567
DA:547,124567
DA:549,124567
DA:552,889
DA:559,5334
DA:568,5334
DA:569,5334
DA:570,5334
DA:571,5334
DA:573,5334
DA:574,32004
DA:575,32004
DA:578,5334
DA:587,112
DA:594,10
DA:595,56
DA:596,56
DA:597,10
LF:152
LH:150
BRDA:82,0,0,24
BRDA:83,1,0,24
BRDA:153,2,0,1
BRDA:153,2,1,5
BRDA:153,3,0,6
BRDA:153,3,1,5
BRDA:185,4,0,38544
BRDA:185,4,1,11456
BRDA:236,5,0,197105
BRDA:236,5,1,62895
BRDA:272,6,0,62624
BRDA:272,6,1,197376
BRDA:294,7,0,0
BRDA:295,8,0,0
BRDA:305,9,0,2
BRDA:305,9,1,6
BRDA:305,10,0,8
BRDA:305,10,1,3
BRDA:316,11,0,1
BRDA:316,11,1,5
BRDA:326,12,0,5
BRDA:326,12,1,0
BRDA:329,13,0,0
BRDA:329,13,1,5
BRDA:329,14,0,5
BRDA:329,14,1,0
BRDA:355,15,0,1
BRDA:355,15,1,4
BRDA:360,16,0,0
BRDA:360,16,1,4
BRDA:391,17,0,0
BRDA:391,17,1,2080000
BRDA:411,18,0,1918818
BRDA:411,18,1,171488
BRDA:415,19,0,161182
BRDA:415,19,1,10306
BRDA:455,20,0,44
BRDA:455,20,1,847
BRDA:459,21,0,2
BRDA:459,21,1,845
BRDA:475,22,0,2
BRDA:475,22,1,889
BRDA:475,23,0,891
BRDA:475,23,1,890
BRDA:497,24,0,1
BRDA:497,24,1,890
BRDA:498,25,0,1
BRDA:498,25,1,889
BRDA:506,26,0,166
BRDA:506,26,1,723
BRDA:526,27,0,0
BRDA:526,27,1,889
BRDA:534,28,0,0
BRDA:534,28,1,124567
BRDA:536,29,0,0
BRDA:536,29,1,124567
BRDA:542,30,0,0
BRDA:542,30,1,124567
BRDA:544,31,0,0
BRDA:544,31,1,124567
BRDA:549,32,0,295
BRDA:549,32,1,124272
BRF:62
BRH:50
end_of_record
TN:
SF:src/lib/experiments/sequential.ts
FN:86,sprt
FN:171,calculateExpectedSampleSize
FN:203,msprt
FN:288,confidenceSequence
FN:354,groupSequentialTest
FN:369,(anonymous_5)
FN:371,(anonymous_6)
FN:410,alwaysValidPValue
FN:417,(anonymous_8)
FN:419,(anonymous_9)
FN:447,sequentialMinimumDetectableEffect
FN:474,estimateVariance
FN:477,(anonymous_12)
FN:478,(anonymous_13)
FN:479,(anonymous_14)
FN:485,normalCDF
FN:492,normalInverse
FN:549,erf
FNF:18
FNH:18
FNDA:16,sprt
FNDA:2,calculateExpectedSampleSize
FNDA:5,msprt
FNDA:11,confidenceSequence
FNDA:7,groupSequentialTest
FNDA:8010,(anonymous_5)
FNDA:8010,(anonymous_6)
FNDA:5,alwaysValidPValue
FNDA:114,(anonymous_8)
FNDA:114,(anonymous_9)
FNDA:7,sequentialMinimumDetectableEffect
FNDA:4,estimateVariance
FNDA:22,(anonymous_12)
FNDA:22,(anonymous_13)
FNDA:22,(anonymous_14)
FNDA:4,normalCDF
FNDA:7,normalInverse
FNDA:4,erf
DA:93,16
DA:94,2
DA:108,14
DA:109,14
DA:111,10644
DA:112,5248
DA:113,5396
DA:114,5396
DA:120,14
DA:121,14
DA:123,14
DA:124,14
DA:126,14
DA:127,4
DA:128,4
DA:129,10
DA:130,2
DA:131,2
DA:136,14
DA:137,8
DA:141,8
DA:142,8
DA:146,8
DA:150,14
DA:178,2
DA:180,2
DA:183,2
DA:186,2
DA:211,5
DA:212,1
DA:225,4
DA:226,4
DA:228,4
DA:229,4
DA:230,22
DA:233,22
DA:234,22
DA:236,22
DA:239,4
DA:240,4
DA:242,4
DA:243,4
DA:245,4
DA:246,2
DA:247,2
DA:248,2
DA:249,1
DA:250,1
DA:253,4
DA:296,11
DA:297,11
DA:298,11
DA:299,11
DA:301,11
DA:302,1
DA:305,10
DA:308,10
DA:309,10
DA:311,10
DA:312,61
DA:313,61
DA:315,61
DA:316,61
DA:319,61
DA:323,61
DA:327,61
DA:328,61
DA:331,10
DA:366,7
DA:369,8010
DA:371,8010
DA:372,7
DA:373,7
DA:377,7
DA:378,7
DA:380,7
DA:381,7
DA:383,7
DA:384,7
DA:385,7
DA:386,0
DA:388,0
DA:389,0
DA:392,7
DA:414,5
DA:416,4
DA:417,114
DA:419,114
DA:424,4
DA:427,4
DA:430,4
DA:432,4
DA:457,7
DA:460,7
DA:464,7
DA:466,7
DA:475,4
DA:477,22
DA:478,22
DA:479,22
DA:486,4
DA:493,7
DA:494,0
DA:498,7
DA:503,7
DA:508,7
DA:513,7
DA:518,7
DA:519,7
DA:523,7
DA:524,0
DA:525,0
DA:529,7
DA:530,7
DA:531,7
DA:532,7
DA:538,0
DA:539,0
DA:550,4
DA:551,4
DA:552,4
DA:553,4
DA:554,4
DA:555,4
DA:557,4
DA:558,4
DA:560,4
DA:562,4
DA:565,4
LF:129
LH:121
BRDA:90,0,0,0
BRDA:91,1,0,0
BRDA:93,2,0,2
BRDA:93,2,1,14
BRDA:111,3,0,5248
BRDA:111,3,1,5396
BRDA:113,4,0,5396
BRDA:113,4,1,0
BRDA:126,5,0,4
BRDA:126,5,1,10
BRDA:129,6,0,2
BRDA:129,6,1,8
BRDA:136,7,0,8
BRDA:136,7,1,6
BRDA:141,8,0,8
BRDA:141,8,1,0
BRDA:142,9,0,6
BRDA:142,9,1,2
BRDA:180,10,0,0
BRDA:180,10,1,2
BRDA:208,11,0,0
BRDA:209,12,0,0
BRDA:211,13,0,1
BRDA:211,13,1,4
BRDA:245,14,0,2
BRDA:245,14,1,2
BRDA:248,15,0,1
BRDA:248,15,1,1
BRDA:290,16,0,0
BRDA:301,17,0,1
BRDA:301,17,1,10
BRDA:319,18,0,51
BRDA:319,18,1,10
BRDA:359,19,0,0
BRDA:383,20,0,7
BRDA:383,20,1,0
BRDA:386,21,0,0
BRDA:386,21,1,0
BRDA:412,22,0,0
BRDA:414,23,0,1
BRDA:414,23,1,4
BRDA:449,24,0,0
BRDA:450,25,0,0
BRDA:451,26,0,0
BRDA:475,27,0,0
BRDA:475,27,1,4
BRDA:493,28,0,0
BRDA:493,28,1,7
BRDA:493,29,0,7
BRDA:493,29,1,7
BRDA:523,30,0,0
BRDA:523,30,1,7
BRDA:529,31,0,7
BRDA:529,31,1,0
BRDA:557,32,0,3
BRDA:557,32,1,1
BRF:56
BRH:36
end_of_record
TN:
SF:src/lib/experiments/srm-detector.ts
FN:81,detectSampleRatioMismatch
FN:93,(anonymous_1)
FN:98,(anonymous_2)
FN:105,(anonymous_3)
FN:106,(anonymous_4)
FN:172,classifySeverity
FN:192,generateDiagnosis
FN:203,(anonymous_7)
FN:233,generateRecommendations
FN:296,detectSRMTimeSeries
FN:303,(anonymous_10)
FN:320,recommendedCheckFrequency
FN:337,estimateSRMSensitivity
FNF:13
FNH:13
FNDA:30,detectSampleRatioMismatch
FNDA:60,(anonymous_1)
FNDA:60,(anonymous_2)
FNDA:58,(anonymous_3)
FNDA:58,(anonymous_4)
FNDA:27,classifySeverity
FNDA:27,generateDiagnosis
FNDA:21,(anonymous_7)
FNDA:27,generateRecommendations
FNDA:3,detectSRMTimeSeries
FNDA:5,(anonymous_10)
FNDA:5,recommendedCheckFrequency
FNDA:7,estimateSRMSensitivity
DA:86,30
DA:87,30
DA:89,30
DA:90,1
DA:93,60
DA:94,0
DA:98,60
DA:100,29
DA:101,1
DA:104,28
DA:105,58
DA:106,58
DA:108,28
DA:109,1
DA:113,27
DA:114,27
DA:115,27
DA:116,27
DA:118,27
DA:119,56
DA:120,56
DA:121,56
DA:123,56
DA:124,56
DA:126,56
DA:127,56
DA:132,27
DA:134,27
DA:135,27
DA:136,27
DA:143,27
DA:145,27
DA:174,27
DA:175,1
DA:176,0
DA:177,0
DA:178,0
DA:182,26
DA:183,10
DA:184,10
DA:185,9
DA:186,9
DA:199,27
DA:200,17
DA:203,10
DA:204,21
DA:205,21
DA:206,21
DA:207,21
DA:208,21
DA:217,10
DA:218,10
DA:219,10
DA:221,10
DA:222,21
DA:223,21
DA:224,21
DA:227,10
DA:234,27
DA:236,27
DA:237,17
DA:238,17
DA:242,10
DA:243,10
DA:244,10
DA:246,10
DA:247,0
DA:248,0
DA:249,0
DA:252,10
DA:253,1
DA:254,1
DA:255,1
DA:256,1
DA:257,1
DA:260,10
DA:261,9
DA:262,9
DA:263,9
DA:264,9
DA:265,9
DA:268,10
DA:269,9
DA:270,9
DA:271,9
DA:272,9
DA:275,10
DA:303,3
DA:304,5
DA:305,5
DA:321,5
DA:322,3
DA:323,2
DA:324,2
DA:344,7
DA:351,7
DA:352,7
DA:357,7
DA:358,7
DA:362,7
LF:100
LH:93
BRDA:89,0,0,1
BRDA:89,0,1,29
BRDA:93,1,0,0
BRDA:93,1,1,29
BRDA:100,2,0,1
BRDA:100,2,1,28
BRDA:105,3,0,58
BRDA:105,3,1,2
BRDA:108,4,0,1
BRDA:108,4,1,27
BRDA:120,5,0,56
BRDA:120,5,1,0
BRDA:134,6,0,27
BRDA:134,6,1,17
BRDA:174,7,0,1
BRDA:174,7,1,26
BRDA:175,8,0,1
BRDA:175,8,1,0
BRDA:176,9,0,0
BRDA:176,9,1,0
BRDA:177,10,0,0
BRDA:177,10,1,0
BRDA:182,11,0,16
BRDA:182,11,1,10
BRDA:183,12,0,0
BRDA:183,12,1,10
BRDA:184,13,0,1
BRDA:184,13,1,9
BRDA:185,14,0,0
BRDA:185,14,1,9
BRDA:199,15,0,17
BRDA:199,15,1,10
BRDA:236,16,0,17
BRDA:236,16,1,10
BRDA:246,17,0,0
BRDA:246,17,1,10
BRDA:252,18,0,1
BRDA:252,18,1,9
BRDA:252,19,0,10
BRDA:252,19,1,9
BRDA:260,20,0,9
BRDA:260,20,1,1
BRDA:260,21,0,10
BRDA:260,21,1,10
BRDA:268,22,0,9
BRDA:268,22,1,1
BRDA:321,23,0,2
BRDA:321,23,1,3
BRDA:322,24,0,1
BRDA:322,24,1,2
BRDA:323,25,0,0
BRDA:323,25,1,2
BRDA:339,26,0,0
BRDA:340,27,0,7
BRDA:352,28,0,7
BRDA:352,28,1,0
BRF:56
BRH:43
end_of_record
TN:
SF:src/lib/experiments/statistics.ts
FN:77,zTest
FN:97,(anonymous_1)
FN:98,(anonymous_2)
FN:155,tTest
FN:226,chiSquareTest
FN:273,confidenceInterval
FN:337,cohensD
FN:369,relativeUplift
FN:398,calculateMinimumSampleSize
FN:436,estimatePower
FN:478,bonferroniCorrection
FN:483,(anonymous_11)
FN:507,benjaminiHochberg
FN:514,(anonymous_13)
FN:517,(anonymous_14)
FN:543,calculateMean
FN:545,(anonymous_16)
FN:551,calculateVariance
FN:554,(anonymous_18)
FN:555,(anonymous_19)
FN:561,calculateStdDev
FN:575,normalCDF
FN:587,normalInverse
FN:656,erf
FN:683,studentTCDF
FN:714,studentTInverse
FN:745,chiSquareCDF
FN:760,incompleteBeta
FN:782,betaContinuedFraction
FN:824,lowerIncompleteGamma
FN:879,logGamma
FNF:31
FNH:31
FNDA:8,zTest
FNDA:111606,(anonymous_1)
FNDA:111605,(anonymous_2)
FNDA:5,tTest
FNDA:33,chiSquareTest
FNDA:6,confidenceInterval
FNDA:5,cohensD
FNDA:5,relativeUplift
FNDA:7,calculateMinimumSampleSize
FNDA:6,estimatePower
FNDA:4,bonferroniCorrection
FNDA:14,(anonymous_11)
FNDA:5,benjaminiHochberg
FNDA:22,(anonymous_13)
FNDA:25,(anonymous_14)
FNDA:60,calculateMean
FNDA:223458,(anonymous_16)
FNDA:24,calculateVariance
FNDA:124,(anonymous_18)
FNDA:124,(anonymous_19)
FNDA:4,calculateStdDev
FNDA:11,normalCDF
FNDA:23,normalInverse
FNDA:11,erf
FNDA:4,studentTCDF
FNDA:4,studentTInverse
FNDA:31,chiSquareCDF
FNDA:4,incompleteBeta
FNDA:4,betaContinuedFraction
FNDA:31,lowerIncompleteGamma
FNDA:36,logGamma
DA:82,8
DA:83,1
DA:91,7
DA:92,7
DA:93,7
DA:94,7
DA:97,111606
DA:98,111605
DA:102,7
DA:104,6
DA:105,6
DA:110,1
DA:111,1
DA:112,1
DA:116,7
DA:117,1
DA:125,6
DA:126,6
DA:128,6
DA:160,5
DA:161,1
DA:170,4
DA:171,4
DA:172,4
DA:173,4
DA:174,4
DA:175,4
DA:178,4
DA:180,4
DA:181,0
DA:190,4
DA:193,4
DA:196,4
DA:198,4
DA:231,33
DA:232,1
DA:235,32
DA:236,32
DA:237,66
DA:238,1
DA:240,65
DA:243,31
DA:244,31
DA:246,31
DA:277,6
DA:278,1
DA:286,5
DA:287,1
DA:288,1
DA:296,4
DA:297,4
DA:298,4
DA:299,4
DA:302,4
DA:303,4
DA:305,4
DA:306,4
DA:308,4
DA:338,5
DA:339,0
DA:342,5
DA:343,5
DA:344,5
DA:345,5
DA:346,5
DA:347,5
DA:350,5
DA:351,5
DA:353,5
DA:354,1
DA:357,4
DA:370,5
DA:371,1
DA:373,4
DA:405,7
DA:406,7
DA:409,7
DA:410,7
DA:411,7
DA:413,7
DA:414,1
DA:418,6
DA:420,6
DA:422,6
DA:442,6
DA:443,6
DA:444,6
DA:446,6
DA:447,1
DA:450,5
DA:451,5
DA:453,5
DA:454,5
DA:456,5
DA:482,4
DA:483,14
DA:511,5
DA:514,22
DA:517,25
DA:520,5
DA:521,5
DA:522,22
DA:523,15
DA:528,5
DA:529,5
DA:530,4
DA:531,17
DA:535,5
DA:544,60
DA:545,223458
DA:552,24
DA:553,24
DA:554,124
DA:555,124
DA:562,4
DA:576,11
DA:588,23
DA:589,0
DA:593,23
DA:602,23
DA:610,23
DA:619,23
DA:626,23
DA:627,23
DA:631,23
DA:633,0
DA:634,0
DA:636,23
DA:638,22
DA:639,22
DA:640,22
DA:644,1
DA:645,1
DA:658,11
DA:659,11
DA:660,11
DA:661,11
DA:662,11
DA:663,11
DA:665,11
DA:666,11
DA:668,11
DA:669,11
DA:671,11
DA:684,4
DA:685,0
DA:689,4
DA:690,0
DA:693,4
DA:694,4
DA:695,4
DA:698,4
DA:700,4
DA:701,4
DA:703,0
DA:715,4
DA:716,0
DA:720,4
DA:721,0
DA:726,4
DA:729,4
DA:730,4
DA:731,4
DA:733,4
DA:735,4
DA:746,31
DA:747,31
DA:748,0
DA:752,31
DA:761,4
DA:762,4
DA:763,4
DA:765,4
DA:770,4
DA:772,1
DA:775,3
DA:783,4
DA:784,4
DA:786,4
DA:787,4
DA:788,4
DA:789,4
DA:790,4
DA:792,4
DA:793,4
DA:794,4
DA:796,4
DA:797,23
DA:798,23
DA:799,23
DA:800,23
DA:801,23
DA:802,23
DA:803,23
DA:804,23
DA:806,23
DA:807,23
DA:808,23
DA:809,23
DA:810,23
DA:811,23
DA:812,23
DA:813,23
DA:815,23
DA:818,4
DA:825,31
DA:826,0
DA:829,31
DA:831,24
DA:832,24
DA:835,24
DA:836,8
DA:837,8
DA:838,8
DA:840,8
DA:841,74
DA:842,74
DA:843,74
DA:844,74
DA:845,8
DA:850,16
DA:851,16
DA:852,16
DA:853,16
DA:855,16
DA:856,270
DA:857,270
DA:858,270
DA:859,270
DA:860,270
DA:861,270
DA:862,270
DA:863,270
DA:864,270
DA:865,270
DA:866,16
DA:871,0
DA:880,36
DA:889,36
DA:890,36
DA:891,36
DA:892,36
DA:894,36
DA:895,216
DA:896,216
DA:899,36
LF:246
LH:233
BRDA:80,0,0,0
BRDA:82,1,0,1
BRDA:82,1,1,7
BRDA:82,2,0,8
BRDA:82,2,1,7
BRDA:97,3,0,7
BRDA:97,3,1,6
BRDA:97,4,0,111606
BRDA:97,4,1,11204
BRDA:98,5,0,111605
BRDA:98,5,1,13257
BRDA:102,6,0,6
BRDA:102,6,1,1
BRDA:116,7,0,1
BRDA:116,7,1,6
BRDA:158,8,0,0
BRDA:160,9,0,1
BRDA:160,9,1,4
BRDA:160,10,0,5
BRDA:160,10,1,4
BRDA:180,11,0,0
BRDA:180,11,1,4
BRDA:229,12,0,0
BRDA:231,13,0,1
BRDA:231,13,1,32
BRDA:231,14,0,33
BRDA:231,14,1,32
BRDA:237,15,0,1
BRDA:237,15,1,65
BRDA:275,16,0,0
BRDA:277,17,0,1
BRDA:277,17,1,5
BRDA:286,18,0,1
BRDA:286,18,1,4
BRDA:338,19,0,0
BRDA:338,19,1,5
BRDA:338,20,0,5
BRDA:338,20,1,5
BRDA:353,21,0,1
BRDA:353,21,1,4
BRDA:370,22,0,1
BRDA:370,22,1,4
BRDA:371,23,0,0
BRDA:371,23,1,1
BRDA:401,24,0,0
BRDA:402,25,0,0
BRDA:413,26,0,1
BRDA:413,26,1,6
BRDA:440,27,0,0
BRDA:446,28,0,1
BRDA:446,28,1,5
BRDA:446,29,0,6
BRDA:446,29,1,5
BRDA:480,30,0,0
BRDA:509,31,0,0
BRDA:522,32,0,15
BRDA:522,32,1,7
BRDA:529,33,0,4
BRDA:529,33,1,1
BRDA:544,34,0,0
BRDA:544,34,1,60
BRDA:552,35,0,0
BRDA:552,35,1,24
BRDA:588,36,0,0
BRDA:588,36,1,23
BRDA:588,37,0,23
BRDA:588,37,1,23
BRDA:631,38,0,0
BRDA:631,38,1,23
BRDA:636,39,0,22
BRDA:636,39,1,1
BRDA:665,40,0,8
BRDA:665,40,1,3
BRDA:684,41,0,0
BRDA:684,41,1,4
BRDA:689,42,0,0
BRDA:689,42,1,4
BRDA:700,43,0,4
BRDA:700,43,1,0
BRDA:715,44,0,0
BRDA:715,44,1,4
BRDA:715,45,0,4
BRDA:715,45,1,4
BRDA:720,46,0,0
BRDA:720,46,1,4
BRDA:746,47,0,0
BRDA:746,47,1,31
BRDA:747,48,0,0
BRDA:747,48,1,31
BRDA:761,49,0,0
BRDA:761,49,1,4
BRDA:761,50,0,4
BRDA:761,50,1,4
BRDA:762,51,0,0
BRDA:762,51,1,4
BRDA:763,52,0,0
BRDA:763,52,1,4
BRDA:770,53,0,1
BRDA:770,53,1,3
BRDA:792,54,0,0
BRDA:792,54,1,4
BRDA:800,55,0,0
BRDA:800,55,1,23
BRDA:802,56,0,0
BRDA:802,56,1,23
BRDA:808,57,0,0
BRDA:808,57,1,23
BRDA:810,58,0,0
BRDA:810,58,1,23
BRDA:815,59,0,4
BRDA:815,59,1,19
BRDA:825,60,0,0
BRDA:825,60,1,31
BRDA:825,61,0,31
BRDA:825,61,1,31
BRDA:829,62,0,7
BRDA:829,62,1,24
BRDA:835,63,0,8
BRDA:835,63,1,16
BRDA:844,64,0,8
BRDA:844,64,1,66
BRDA:859,65,0,0
BRDA:859,65,1,270
BRDA:861,66,0,0
BRDA:861,66,1,270
BRDA:865,67,0,16
BRDA:865,67,1,254
BRF:127
BRH:93
end_of_record
TN:
SF:src/lib/monitoring/datadog-env.ts
FN:13,safeWarn
FN:21,getDDValue
FN:32,getDatadogApiKey
FN:36,getDatadogAppKey
FN:40,getDatadogSite
FN:45,getServiceEnvVersion
FN:54,getRUMPublicConfig
FNF:7
FNH:4
FNDA:0,safeWarn
FNDA:2,getDDValue
FNDA:1,getDatadogApiKey
FNDA:0,getDatadogAppKey
FNDA:1,getDatadogSite
FNDA:0,getServiceEnvVersion
FNDA:1,getRUMPublicConfig
DA:15,0
DA:17,0
DA:22,2
DA:23,2
DA:25,2
DA:26,0
DA:29,2
DA:33,1
DA:37,0
DA:42,1
DA:46,0
DA:47,0
DA:48,0
DA:49,0
DA:56,1
DA:61,1
DA:65,1
DA:66,1
DA:67,1
DA:68,1
LF:20
LH:12
BRDA:15,0,0,0
BRDA:15,0,1,0
BRDA:25,1,0,0
BRDA:25,1,1,2
BRDA:25,2,0,2
BRDA:25,2,1,0
BRDA:25,2,2,0
BRDA:29,3,0,2
BRDA:29,3,1,2
BRDA:42,4,0,1
BRDA:42,4,1,1
BRDA:46,5,0,0
BRDA:46,5,1,0
BRDA:46,6,0,0
BRDA:46,6,1,0
BRDA:47,7,0,0
BRDA:47,7,1,0
BRDA:48,8,0,0
BRDA:48,8,1,0
BRDA:48,8,2,0
BRDA:56,9,0,1
BRDA:56,9,1,1
BRDA:56,9,2,1
BRDA:56,9,3,1
BRDA:61,10,0,1
BRDA:61,10,1,1
BRDA:61,10,2,1
BRDA:61,10,3,1
BRDA:65,11,0,1
BRDA:65,11,1,1
BRDA:65,11,2,1
BRDA:66,12,0,1
BRDA:66,12,1,1
BRDA:67,13,0,1
BRDA:67,13,1,0
BRF:35
BRH:20
end_of_record
TN:
SF:src/lib/templates/generator.ts
FN:52,toGeneratedFiles
FN:54,(anonymous_1)
FN:55,(anonymous_2)
FN:62,toGeneratedEnvVars
FN:66,(anonymous_4)
FN:72,buildGeneratedProject
FN:110,(anonymous_6)
FN:121,generateFromTemplate
FNF:8
FNH:6
FNDA:5,toGeneratedFiles
FNDA:0,(anonymous_1)
FNDA:0,(anonymous_2)
FNDA:5,toGeneratedEnvVars
FNDA:5,(anonymous_4)
FNDA:5,buildGeneratedProject
FNDA:5,(anonymous_6)
FNDA:5,generateFromTemplate
DA:53,5
DA:54,0
DA:55,0
DA:66,5
DA:81,5
DA:83,5
DA:111,5
DA:113,5
DA:114,0
DA:117,5
DA:124,5
DA:125,5
LF:12
LH:9
BRDA:57,0,0,0
BRDA:57,0,1,0
BRDA:58,1,0,0
BRDA:58,1,1,0
BRDA:68,2,0,5
BRDA:68,2,1,5
BRDA:68,2,2,0
BRDA:78,3,0,4
BRDA:79,4,0,4
BRDA:86,5,0,5
BRDA:86,5,1,4
BRDA:92,6,0,5
BRDA:92,6,1,0
BRDA:113,7,0,0
BRDA:113,7,1,5
BRF:15
BRH:8
end_of_record
TN:
[...]
BRDA:332,31,0,0
BRDA:332,31,1,0
BRDA:337,32,0,0
BRDA:337,32,1,0
BRDA:342,33,0,0
BRDA:342,33,1,0
BRDA:401,34,0,0
BRDA:401,34,1,0
BRDA:410,35,0,0
BRDA:410,35,1,0
BRDA:419,36,0,0
BRDA:419,36,1,0
BRDA:428,37,0,0
BRDA:428,37,1,0
BRDA:454,38,0,0
BRDA:454,38,1,0
BRDA:457,39,0,0
BRDA:457,39,1,0
BRDA:467,40,0,0
BRDA:467,40,1,0
BRDA:469,41,0,0
BRDA:469,41,1,0
BRDA:469,41,2,0
BRDA:469,41,3,0
BRDA:469,41,4,0
BRDA:469,41,5,0
BRDA:469,41,6,0
BRDA:483,42,0,0
BRDA:483,42,1,0
BRDA:485,43,0,0
BRDA:485,43,1,0
BRDA:485,43,2,0
BRDA:485,43,3,0
BRDA:496,44,0,0
BRDA:496,44,1,0
BRDA:501,45,0,0
BRDA:501,45,1,0
BRF:106
BRH:43
end_of_record
TN:
SF:src/lib/vector-db/vector-types.ts
FNF:0
FNH:0
LF:0
LH:0
BRF:0
BRH:0
end_of_record
TN:
SF:src/lib/vector-stores/enhanced-vector-store.ts
FN:49,(anonymous_0)
FN:62,(anonymous_1)
FN:110,(anonymous_2)
FN:128,(anonymous_3)
FN:130,(anonymous_4)
FN:138,(anonymous_5)
FN:163,(anonymous_6)
FN:175,(anonymous_7)
FN:181,(anonymous_8)
FN:182,(anonymous_9)
FN:229,(anonymous_10)
FN:271,(anonymous_11)
FN:301,(anonymous_12)
FN:320,(anonymous_13)
FN:328,(anonymous_14)
FN:364,(anonymous_15)
FN:370,(anonymous_16)
FN:390,(anonymous_17)
FN:440,(anonymous_18)
FN:459,(anonymous_19)
FN:471,(anonymous_20)
FN:482,(anonymous_21)
FN:508,(anonymous_22)
FN:515,(anonymous_23)
FN:521,(anonymous_24)
FN:559,(anonymous_25)
FN:571,(anonymous_26)
FN:589,(anonymous_27)
FN:611,(anonymous_28)
FN:619,(anonymous_29)
FN:622,(anonymous_30)
FN:623,(anonymous_31)
FN:625,(anonymous_32)
FNF:33
FNH:4
FNDA:18,(anonymous_0)
FNDA:18,(anonymous_1)
FNDA:1,(anonymous_2)
FNDA:1,(anonymous_3)
FNDA:0,(anonymous_4)
FNDA:0,(anonymous_5)
FNDA:0,(anonymous_6)
FNDA:0,(anonymous_7)
FNDA:0,(anonymous_8)
FNDA:0,(anonymous_9)
FNDA:0,(anonymous_10)
FNDA:0,(anonymous_11)
FNDA:0,(anonymous_12)
FNDA:0,(anonymous_13)
FNDA:0,(anonymous_14)
FNDA:0,(anonymous_15)
FNDA:0,(anonymous_16)
FNDA:0,(anonymous_17)
FNDA:0,(anonymous_18)
FNDA:0,(anonymous_19)
FNDA:0,(anonymous_20)
FNDA:0,(anonymous_21)
FNDA:0,(anonymous_22)
FNDA:0,(anonymous_23)
FNDA:0,(anonymous_24)
FNDA:0,(anonymous_25)
FNDA:0,(anonymous_26)
FNDA:0,(anonymous_27)
FNDA:0,(anonymous_28)
FNDA:0,(anonymous_29)
FNDA:0,(anonymous_30)
FNDA:0,(anonymous_31)
FNDA:0,(anonymous_32)
DA:45,18
DA:46,18
DA:50,18
DA:51,18
DA:52,1
DA:54,1
DA:55,1
DA:67,18
DA:69,1
DA:77,1
DA:79,1
DA:87,1
DA:89,1
DA:97,1
DA:99,1
DA:111,1
DA:112,4
DA:130,1
DA:131,0
DA:139,0
DA:140,0
DA:141,0
DA:143,0
DA:145,0
DA:147,0
DA:148,0
DA:150,0
DA:151,0
DA:154,0
DA:155,0
DA:164,0
DA:165,0
DA:169,0
DA:180,0
DA:181,0
DA:182,0
DA:184,0
DA:185,0
DA:189,0
DA:190,0
DA:191,0
DA:192,0
DA:195,0
DA:197,0
DA:205,0
DA:213,0
DA:222,0
DA:235,0
DA:236,0
DA:237,0
DA:238,0
DA:241,0
DA:242,0
DA:245,0
DA:246,0
DA:250,0
DA:251,0
DA:255,0
DA:256,0
DA:260,0
DA:261,0
DA:265,0
DA:276,0
DA:277,0
DA:280,0
DA:281,0
DA:285,0
DA:286,0
DA:290,0
DA:291,0
DA:295,0
DA:306,0
DA:307,0
DA:310,0
DA:311,0
DA:314,0
DA:321,0
DA:322,0
DA:333,0
DA:334,0
DA:336,0
DA:339,0
DA:341,0
DA:342,0
DA:345,0
DA:347,0
DA:348,0
DA:352,0
DA:353,0
DA:354,0
DA:357,0
DA:370,0
DA:372,0
DA:373,0
DA:375,0
DA:377,0
DA:378,0
DA:380,0
DA:384,0
DA:408,0
DA:409,0
DA:411,0
DA:414,0
DA:426,0
DA:427,0
DA:430,0
DA:432,0
DA:433,0
DA:436,0
DA:444,0
DA:445,0
DA:449,0
DA:450,0
DA:453,0
DA:467,0
DA:469,0
DA:471,0
DA:488,0
DA:489,0
DA:491,0
DA:492,0
DA:493,0
DA:495,0
DA:498,0
DA:499,0
DA:502,0
DA:509,0
DA:520,0
DA:521,0
DA:524,0
DA:525,0
DA:527,0
DA:528,0
DA:529,0
DA:530,0
DA:531,0
DA:534,0
DA:536,0
DA:537,0
DA:538,0
DA:539,0
DA:543,0
DA:544,0
DA:545,0
DA:549,0
DA:568,0
DA:570,0
DA:571,0
DA:573,0
DA:575,0
DA:590,0
DA:591,0
DA:595,0
DA:596,0
DA:598,0
DA:600,0
DA:604,0
DA:605,0
DA:618,0
DA:619,0
DA:621,0
DA:622,0
DA:623,0
DA:624,0
DA:625,0
DA:628,0
DA:639,1
LF:167
LH:19
BRDA:54,0,0,1
BRDA:54,0,1,0
BRDA:67,1,0,1
BRDA:67,1,1,0
BRDA:67,2,0,18
BRDA:67,2,1,0
BRDA:77,3,0,1
BRDA:77,3,1,0
BRDA:77,4,0,1
BRDA:77,4,1,1
BRDA:87,5,0,1
BRDA:87,5,1,0
BRDA:87,6,0,1
BRDA:87,6,1,1
BRDA:97,7,0,1
BRDA:97,7,1,0
BRDA:97,8,0,1
BRDA:97,8,1,1
BRDA:141,9,0,0
BRDA:141,9,1,0
BRDA:150,10,0,0
BRDA:150,10,1,0
BRDA:151,11,0,0
BRDA:151,11,1,0
BRDA:165,12,0,0
BRDA:165,12,1,0
BRDA:184,13,0,0
BRDA:184,13,1,0
BRDA:195,14,0,0
BRDA:195,14,1,0
BRDA:195,14,2,0
BRDA:195,14,3,0
BRDA:241,15,0,0
BRDA:241,15,1,0
BRDA:241,16,0,0
BRDA:241,16,1,0
BRDA:245,17,0,0
BRDA:245,17,1,0
BRDA:245,18,0,0
BRDA:245,18,1,0
BRDA:250,19,0,0
BRDA:250,19,1,0
BRDA:250,20,0,0
BRDA:250,20,1,0
BRDA:255,21,0,0
BRDA:255,21,1,0
BRDA:255,22,0,0
BRDA:255,22,1,0
BRDA:260,23,0,0
BRDA:260,23,1,0
BRDA:260,24,0,0
BRDA:260,24,1,0
BRDA:280,25,0,0
BRDA:280,25,1,0
BRDA:280,26,0,0
BRDA:280,26,1,0
BRDA:285,27,0,0
BRDA:285,27,1,0
BRDA:285,28,0,0
BRDA:285,28,1,0
BRDA:290,29,0,0
BRDA:290,29,1,0
BRDA:306,30,0,0
BRDA:306,30,1,0
BRDA:310,31,0,0
BRDA:310,31,1,0
BRDA:322,32,0,0
BRDA:322,32,1,0
BRDA:330,33,0,0
BRDA:331,34,0,0
BRDA:341,35,0,0
BRDA:341,35,1,0
BRDA:347,36,0,0
BRDA:347,36,1,0
BRDA:352,37,0,0
BRDA:352,37,1,0
BRDA:373,38,0,0
BRDA:373,38,1,0
BRDA:402,39,0,0
BRDA:426,40,0,0
BRDA:426,40,1,0
BRDA:432,41,0,0
BRDA:432,41,1,0
BRDA:449,42,0,0
BRDA:449,42,1,0
BRDA:473,43,0,0
BRDA:473,43,1,0
BRDA:489,44,0,0
BRDA:489,44,1,0
BRDA:492,45,0,0
BRDA:492,45,1,0
BRDA:528,46,0,0
BRDA:528,46,1,0
BRDA:530,47,0,0
BRDA:530,47,1,0
BRDA:536,48,0,0
BRDA:536,48,1,0
BRDA:538,49,0,0
BRDA:538,49,1,0
BRDA:544,50,0,0
BRDA:544,50,1,0
BRDA:571,51,0,0
BRDA:571,51,1,0
BRDA:579,52,0,0
BRDA:579,52,1,0
BRDA:581,53,0,0
BRDA:581,53,1,0
BRDA:590,54,0,0
BRDA:590,54,1,0
BRDA:624,55,0,0
BRDA:624,55,1,0
BRDA:632,56,0,0
BRDA:632,56,1,0
BRF:113
BRH:12
end_of_record
TN:
SF:src/lib/vector-stores/query-cache.ts
FN:28,(anonymous_0)
FN:36,(anonymous_1)
FN:64,(anonymous_2)
FN:91,(anonymous_3)
FN:113,(anonymous_4)
FN:126,(anonymous_5)
FN:139,(anonymous_6)
FN:163,(anonymous_7)
FN:169,(anonymous_8)
FN:171,(anonymous_9)
FN:173,(anonymous_10)
FN:186,(anonymous_11)
FNF:12
FNH:0
FNDA:0,(anonymous_0)
FNDA:0,(anonymous_1)
FNDA:0,(anonymous_2)
FNDA:0,(anonymous_3)
FNDA:0,(anonymous_4)
FNDA:0,(anonymous_5)
FNDA:0,(anonymous_6)
FNDA:0,(anonymous_7)
FNDA:0,(anonymous_8)
FNDA:0,(anonymous_9)
FNDA:0,(anonymous_10)
FNDA:0,(anonymous_11)
DA:17,1
DA:18,1
DA:19,1
DA:20,1
DA:21,1
DA:22,1
DA:23,1
DA:29,0
DA:30,0
DA:37,0
DA:38,0
DA:40,0
DA:41,0
DA:42,0
DA:45,0
DA:46,0
DA:47,0
DA:48,0
DA:49,0
DA:50,0
DA:54,0
DA:55,0
DA:57,0
DA:58,0
DA:65,0
DA:68,0
DA:71,0
DA:72,0
DA:75,0
DA:83,0
DA:85,0
DA:92,0
DA:94,0
DA:95,0
DA:97,0
DA:98,0
DA:99,0
DA:100,0
DA:104,0
DA:105,0
DA:106,0
DA:114,0
DA:115,0
DA:117,0
DA:118,0
DA:119,0
DA:127,0
DA:128,0
DA:129,0
DA:130,0
DA:131,0
DA:147,0
DA:148,0
DA:150,0
DA:168,0
DA:169,0
DA:171,0
DA:173,0
DA:174,0
DA:176,0
DA:187,0
DA:191,1
LF:62
LH:8
BRDA:40,0,0,0
BRDA:40,0,1,0
BRDA:46,1,0,0
BRDA:46,1,1,0
BRDA:54,2,0,0
BRDA:54,2,1,0
BRDA:71,3,0,0
BRDA:71,3,1,0
BRDA:92,4,0,0
BRDA:92,4,1,0
BRDA:98,5,0,0
BRDA:98,5,1,0
BRDA:104,6,0,0
BRDA:104,6,1,0
BRDA:117,7,0,0
BRDA:117,7,1,0
BRDA:129,8,0,0
BRDA:129,8,1,0
BRDA:148,9,0,0
BRDA:148,9,1,0
BRDA:156,10,0,0
BRDA:156,10,1,0
BRDA:156,11,0,0
BRDA:156,11,1,0
BRDA:156,12,0,0
BRDA:156,12,1,0
BRDA:174,13,0,0
BRDA:174,13,1,0
BRF:28
BRH:0
end_of_record
TN:
SF:src/samples/multimodal-agent-samples.ts
FN:29,(anonymous_0)
FN:36,(anonymous_1)
FN:49,(anonymous_2)
FN:141,(anonymous_3)
FN:224,(anonymous_4)
FN:327,(anonymous_5)
FN:430,(anonymous_6)
FN:534,(anonymous_7)
FN:535,(anonymous_8)
FN:575,(anonymous_9)
FN:607,(anonymous_10)
FN:664,(anonymous_11)
FN:682,(anonymous_12)
FN:734,(anonymous_13)
FN:896,(anonymous_14)
FN:918,(anonymous_15)
FN:1014,(anonymous_16)
FN:1046,(anonymous_17)
FN:1060,(anonymous_18)
FNF:19
FNH:19
FNDA:27,(anonymous_0)
FNDA:23,(anonymous_1)
FNDA:23,(anonymous_2)
FNDA:23,(anonymous_3)
FNDA:23,(anonymous_4)
FNDA:23,(anonymous_5)
FNDA:23,(anonymous_6)
FNDA:12,(anonymous_7)
FNDA:50,(anonymous_8)
FNDA:348,(anonymous_9)
FNDA:24,(anonymous_10)
FNDA:24,(anonymous_11)
FNDA:24,(anonymous_12)
FNDA:24,(anonymous_13)
FNDA:23,(anonymous_14)
FNDA:24,(anonymous_15)
FNDA:23,(anonymous_16)
FNDA:24,(anonymous_17)
FNDA:24,(anonymous_18)
DA:30,27
DA:37,23
DA:50,23
DA:142,23
DA:225,23
DA:328,23
DA:431,23
DA:535,50
DA:537,12
DA:538,1
DA:545,11
DA:547,11
DA:548,11
DA:550,10
DA:556,10
DA:567,1
DA:568,1
DA:576,348
DA:608,24
DA:665,24
DA:683,24
DA:735,24
DA:897,23
DA:919,24
DA:1015,23
DA:1047,24
DA:1061,24
LF:27
LH:27
BRDA:537,0,0,1
BRDA:537,0,1,11
BRF:2
BRH:2
end_of_record
TN:
SF:tests/mocks/multimodal-agent.ts
FN:93,(anonymous_0)
FN:112,(anonymous_1)
FN:135,(anonymous_2)
FN:164,(anonymous_3)
FN:235,(anonymous_4)
FN:245,(anonymous_5)
FN:259,(anonymous_6)
FN:268,(anonymous_7)
FN:269,(anonymous_8)
FN:273,(anonymous_9)
FN:274,(anonymous_10)
FN:278,(anonymous_11)
FN:279,(anonymous_12)
FNF:13
FNH:7
FNDA:1,(anonymous_0)
FNDA:25,(anonymous_1)
FNDA:25,(anonymous_2)
FNDA:1,(anonymous_3)
FNDA:50,(anonymous_4)
FNDA:25,(anonymous_5)
FNDA:25,(anonymous_6)
FNDA:0,(anonymous_7)
FNDA:0,(anonymous_8)
FNDA:0,(anonymous_9)
FNDA:0,(anonymous_10)
FNDA:0,(anonymous_11)
FNDA:0,(anonymous_12)
DA:94,1
DA:97,1
DA:98,1
DA:99,1
DA:100,1
DA:101,1
DA:104,1
DA:113,25
DA:116,25
DA:118,25
DA:119,2
DA:121,25
DA:122,5
DA:124,25
DA:125,3
DA:127,25
DA:128,5
DA:130,25
DA:131,0
DA:135,25
DA:137,25
DA:140,25
DA:154,25
DA:155,25
DA:157,25
DA:158,5
DA:159,4
DA:160,4
DA:162,1
DA:164,1
DA:166,5
DA:167,20
DA:168,16
DA:169,0
DA:170,0
DA:171,16
DA:172,2
DA:173,2
DA:174,14
DA:175,11
DA:176,11
DA:177,3
DA:178,0
DA:179,0
DA:181,3
DA:182,3
DA:186,25
DA:187,4
DA:188,4
DA:191,25
DA:192,2
DA:193,2
DA:196,25
DA:198,25
DA:201,25
DA:211,25
DA:212,8
DA:217,25
DA:236,50
DA:237,50
DA:238,50
DA:239,50
DA:240,50
DA:241,50
DA:242,50
DA:247,25
DA:248,3
DA:250,22
DA:251,0
DA:253,22
DA:254,1
DA:256,21
DA:260,25
DA:261,25
DA:262,25
DA:263,25
DA:264,25
DA:269,0
DA:270,0
DA:274,0
DA:275,0
DA:279,0
DA:280,0
LF:83
LH:71
BRDA:118,0,0,2
BRDA:118,0,1,23
BRDA:121,1,0,5
BRDA:121,1,1,20
BRDA:124,2,0,3
BRDA:124,2,1,22
BRDA:124,3,0,25
BRDA:124,3,1,3
BRDA:127,4,0,5
BRDA:127,4,1,20
BRDA:127,5,0,25
BRDA:127,5,1,6
BRDA:130,6,0,0
BRDA:130,6,1,25
BRDA:130,7,0,25
BRDA:130,7,1,21
BRDA:148,8,0,25
BRDA:148,8,1,4
BRDA:149,9,0,25
BRDA:149,9,1,4
BRDA:157,10,0,5
BRDA:157,10,1,20
BRDA:157,11,0,25
BRDA:157,11,1,6
BRDA:158,12,0,4
BRDA:158,12,1,1
BRDA:167,13,0,16
BRDA:167,13,1,4
BRDA:168,14,0,0
BRDA:168,14,1,16
BRDA:171,15,0,2
BRDA:171,15,1,14
BRDA:171,16,0,16
BRDA:171,16,1,14
BRDA:174,17,0,11
BRDA:174,17,1,3
BRDA:174,18,0,14
BRDA:174,18,1,9
BRDA:177,19,0,0
BRDA:177,19,1,3
BRDA:177,20,0,3
BRDA:177,20,1,3
BRDA:186,21,0,4
BRDA:186,21,1,21
BRDA:186,22,0,25
BRDA:186,22,1,5
BRDA:191,23,0,2
BRDA:191,23,1,23
BRDA:191,24,0,25
BRDA:191,24,1,3
BRDA:191,24,2,3
BRDA:211,25,0,8
BRDA:211,25,1,17
BRDA:211,26,0,25
BRDA:211,26,1,20
BRDA:237,27,0,42
BRDA:237,27,1,8
BRDA:238,28,0,4
BRDA:238,28,1,46
BRDA:239,29,0,10
BRDA:239,29,1,40
BRDA:240,30,0,6
BRDA:240,30,1,44
BRDA:240,31,0,50
BRDA:240,31,1,6
BRDA:241,32,0,10
BRDA:241,32,1,40
BRDA:241,33,0,50
BRDA:241,33,1,12
BRDA:247,34,0,3
BRDA:247,34,1,22
BRDA:247,35,0,25
BRDA:247,35,1,3
BRDA:250,36,0,0
BRDA:250,36,1,22
BRDA:250,37,0,22
BRDA:250,37,1,5
BRDA:253,38,0,1
BRDA:253,38,1,21
BRDA:253,39,0,22
BRDA:253,39,1,18
BRDA:253,39,2,18
BRDA:253,39,3,18
BRDA:261,40,0,5
BRDA:261,40,1,20
BRDA:262,41,0,3
BRDA:262,41,1,22
BRDA:263,42,0,6
BRDA:263,42,1,19
BRF:89
BRH:85
end_of_record
TN:
SF:tests/mocks/postgres-vector-database-adapter-new.ts
FN:12,(anonymous_0)
FN:16,(anonymous_1)
FNF:2
FNH:2
FNDA:1,(anonymous_0)
FNDA:1,(anonymous_1)
DA:13,1
DA:18,1
DA:19,1
LF:3
LH:3
BRDA:18,0,0,1
BRDA:18,0,1,0
BRF:2
BRH:1
end_of_record
TN:
SF:tests/mocks/vector-db-error-handler-new.ts
FN:77,(anonymous_0)
FN:95,(anonymous_1)
FN:108,(anonymous_2)
FN:120,(anonymous_3)
FN:136,categorizeError
FN:285,(anonymous_5)
FN:328,(anonymous_6)
FN:337,(anonymous_7)
FN:360,(anonymous_8)
FN:384,(anonymous_9)
FN:405,(anonymous_10)
FN:423,(anonymous_11)
FN:512,(anonymous_12)
FNF:13
FNH:12
FNDA:24,(anonymous_0)
FNDA:1,(anonymous_1)
FNDA:1,(anonymous_2)
FNDA:10,(anonymous_3)
FNDA:31,categorizeError
FNDA:0,(anonymous_5)
FNDA:23,(anonymous_6)
FNDA:4,(anonymous_7)
FNDA:19,(anonymous_8)
FNDA:16,(anonymous_9)
FNDA:21,(anonymous_10)
FNDA:19,(anonymous_11)
FNDA:16,(anonymous_12)
DA:56,2
DA:85,24
DA:86,24
DA:87,24
DA:88,24
DA:89,24
DA:90,24
DA:91,24
DA:92,24
DA:96,1
DA:109,1
DA:112,1
DA:115,1
DA:120,1
DA:121,10
DA:122,3
DA:126,1
DA:131,2
DA:138,31
DA:139,31
DA:140,26
DA:141,25
DA:144,1
DA:148,31
DA:149,31
DA:152,31
DA:153,31
DA:155,19
DA:156,1
DA:159,18
DA:160,1
DA:163,17
DA:164,0
DA:167,17
DA:168,0
DA:174,31
DA:176,4
DA:177,1
DA:179,3
DA:180,2
DA:182,1
DA:183,1
DA:187,27
DA:189,4
DA:190,1
DA:192,3
DA:193,2
DA:195,1
DA:196,1
DA:200,23
DA:202,3
DA:203,1
DA:205,2
DA:206,1
DA:208,1
DA:209,1
DA:213,20
DA:215,3
DA:216,1
DA:218,2
DA:219,1
DA:221,1
DA:222,1
DA:227,17
DA:234,2
DA:238,15
DA:246,2
DA:250,13
DA:255,2
DA:259,11
DA:266,2
DA:270,9
DA:275,0
DA:279,9
DA:285,2
DA:291,0
DA:292,0
DA:295,0
DA:296,0
DA:297,0
DA:300,0
DA:301,0
DA:302,0
DA:306,0
DA:310,0
DA:329,23
DA:330,23
DA:331,23
DA:339,4
DA:340,4
DA:341,4
DA:342,0
DA:343,0
DA:346,4
DA:348,4
DA:362,19
DA:363,19
DA:364,13
DA:365,6
DA:366,1
DA:369,19
DA:371,19
DA:386,16
DA:387,16
DA:388,10
DA:389,6
DA:390,1
DA:393,16
DA:395,16
DA:407,21
DA:408,6
DA:411,15
DA:434,19
DA:435,2
DA:436,2
DA:437,17
DA:438,1
DA:439,1
DA:440,16
DA:441,1
DA:442,1
DA:443,15
DA:445,14
DA:446,13
DA:447,13
DA:449,1
DA:450,1
DA:453,1
DA:454,1
DA:458,19
DA:465,19
DA:469,19
DA:476,19
DA:478,3
DA:479,3
DA:481,3
DA:484,3
DA:485,2
DA:488,3
DA:492,16
DA:502,16
DA:503,14
DA:506,16
DA:514,16
DA:523,16
LF:145
LH:130
BRDA:79,0,0,1
BRDA:80,1,0,1
BRDA:81,2,0,1
BRDA:82,3,0,1
BRDA:83,4,0,2
BRDA:90,5,0,24
BRDA:90,5,1,0
BRDA:109,6,0,0
BRDA:109,6,1,1
BRDA:121,7,0,3
BRDA:121,7,1,7
BRDA:139,8,0,26
BRDA:139,8,1,5
BRDA:140,9,0,25
BRDA:140,9,1,1
BRDA:148,10,0,31
BRDA:148,10,1,16
BRDA:149,11,0,31
BRDA:149,11,1,30
BRDA:149,11,2,30
BRDA:153,12,0,19
BRDA:153,12,1,12
BRDA:153,13,0,31
BRDA:153,13,1,21
BRDA:155,14,0,1
BRDA:155,14,1,18
BRDA:155,15,0,19
BRDA:155,15,1,1
BRDA:155,15,2,1
BRDA:155,15,3,1
BRDA:159,16,0,1
BRDA:159,16,1,17
BRDA:159,17,0,18
BRDA:159,17,1,17
BRDA:163,18,0,0
BRDA:163,18,1,17
BRDA:167,19,0,0
BRDA:167,19,1,17
BRDA:167,20,0,17
BRDA:167,20,1,0
BRDA:167,20,2,0
BRDA:174,21,0,4
BRDA:174,21,1,27
BRDA:176,22,0,1
BRDA:176,22,1,3
BRDA:176,23,0,4
BRDA:176,23,1,3
BRDA:176,23,2,3
BRDA:179,24,0,2
BRDA:179,24,1,1
BRDA:179,25,0,3
BRDA:179,25,1,2
BRDA:179,25,2,2
BRDA:182,26,0,1
BRDA:182,26,1,0
BRDA:182,27,0,1
BRDA:182,27,1,0
BRDA:187,28,0,4
BRDA:187,28,1,23
BRDA:189,29,0,1
BRDA:189,29,1,3
BRDA:189,30,0,4
BRDA:189,30,1,3
BRDA:189,30,2,3
BRDA:192,31,0,2
BRDA:192,31,1,1
BRDA:192,32,0,3
BRDA:192,32,1,2
BRDA:192,32,2,1
BRDA:192,32,3,1
BRDA:195,33,0,1
BRDA:195,33,1,0
BRDA:195,34,0,1
BRDA:195,34,1,0
BRDA:200,35,0,3
BRDA:200,35,1,20
BRDA:202,36,0,1
BRDA:202,36,1,2
BRDA:202,37,0,3
BRDA:202,37,1,3
BRDA:205,38,0,1
BRDA:205,38,1,1
BRDA:205,39,0,2
BRDA:205,39,1,2
BRDA:208,40,0,1
BRDA:208,40,1,0
BRDA:208,41,0,1
BRDA:208,41,1,1
BRDA:213,42,0,3
BRDA:213,42,1,17
BRDA:215,43,0,1
BRDA:215,43,1,2
BRDA:215,44,0,3
BRDA:215,44,1,2
BRDA:218,45,0,1
BRDA:218,45,1,1
BRDA:218,46,0,2
BRDA:218,46,1,1
BRDA:221,47,0,1
BRDA:221,47,1,0
BRDA:221,48,0,1
BRDA:221,48,1,0
BRDA:227,49,0,2
BRDA:227,49,1,15
BRDA:228,50,0,17
BRDA:228,50,1,16
BRDA:228,50,2,16
BRDA:228,50,3,16
BRDA:228,50,4,15
BRDA:238,51,0,2
BRDA:238,51,1,13
BRDA:239,52,0,15
BRDA:239,52,1,14
BRDA:239,52,2,14
BRDA:239,52,3,14
BRDA:239,52,4,14
BRDA:239,52,5,13
BRDA:250,53,0,2
BRDA:250,53,1,11
BRDA:251,54,0,13
BRDA:251,54,1,12
BRDA:251,54,2,12
BRDA:259,55,0,2
BRDA:259,55,1,9
BRDA:260,56,0,11
BRDA:260,56,1,10
BRDA:260,56,2,9
BRDA:260,56,3,9
BRDA:260,56,4,9
BRDA:260,56,5,0
BRDA:270,57,0,0
BRDA:270,57,1,9
BRDA:271,58,0,9
BRDA:271,58,1,9
BRDA:271,58,2,9
BRDA:291,59,0,0
BRDA:291,59,1,0
BRDA:296,60,0,0
BRDA:296,60,1,0
BRDA:300,61,0,0
BRDA:300,61,1,0
BRDA:301,62,0,0
BRDA:301,62,1,0
BRDA:302,63,0,0
BRDA:302,63,1,0
BRDA:306,64,0,0
BRDA:306,64,1,0
BRDA:328,65,0,7
BRDA:328,66,0,7
BRDA:340,67,0,4
BRDA:340,67,1,0
BRDA:340,68,0,4
BRDA:340,68,1,4
BRDA:342,69,0,0
BRDA:342,69,1,0
BRDA:346,70,0,4
BRDA:346,70,1,3
BRDA:346,70,2,3
BRDA:349,71,0,4
BRDA:349,71,1,3
BRDA:349,71,2,3
BRDA:349,71,3,3
BRDA:349,71,4,2
BRDA:363,72,0,13
BRDA:363,72,1,6
BRDA:363,73,0,19
BRDA:363,73,1,14
BRDA:365,74,0,1
BRDA:365,74,1,5
BRDA:369,75,0,19
BRDA:369,75,1,14
BRDA:372,76,0,19
BRDA:372,76,1,17
BRDA:372,76,2,17
BRDA:372,76,3,17
BRDA:372,76,4,16
BRDA:372,76,5,14
BRDA:387,77,0,10
BRDA:387,77,1,6
BRDA:387,78,0,16
BRDA:387,78,1,11
BRDA:389,79,0,1
BRDA:389,79,1,5
BRDA:393,80,0,16
BRDA:393,80,1,12
BRDA:396,81,0,16
BRDA:396,81,1,15
BRDA:396,81,2,15
BRDA:407,82,0,6
BRDA:407,82,1,15
BRDA:407,83,0,21
BRDA:407,83,1,6
BRDA:412,84,0,15
BRDA:412,84,1,13
BRDA:412,84,2,12
BRDA:412,84,3,0
BRDA:412,84,4,0
BRDA:428,85,0,10
BRDA:434,86,0,2
BRDA:434,86,1,17
BRDA:434,87,0,19
BRDA:434,87,1,18
BRDA:437,88,0,1
BRDA:437,88,1,16
BRDA:440,89,0,1
BRDA:440,89,1,15
BRDA:443,90,0,14
BRDA:443,90,1,1
BRDA:443,91,0,15
BRDA:443,91,1,15
BRDA:445,92,0,13
BRDA:445,92,1,1
BRDA:453,93,0,1
BRDA:453,93,1,1
BRDA:458,94,0,19
BRDA:458,94,1,12
BRDA:459,95,0,3
BRDA:459,95,1,9
BRDA:465,96,0,7
BRDA:465,96,1,12
BRDA:476,97,0,3
BRDA:476,97,1,16
BRDA:484,98,0,2
BRDA:484,98,1,1
BRDA:502,99,0,14
BRDA:502,99,1,2
BRF:226
BRH:194
end_of_record
TN:
SF:tests/mocks/vector-db-error-handler.ts
FN:25,(anonymous_0)
FNF:1
FNH:1
FNDA:1,(anonymous_0)
DA:9,1
DA:20,1
DA:25,1
DA:31,1
DA:32,0
DA:35,1
DA:36,1
DA:39,1
DA:40,1
DA:41,1
DA:44,1
DA:45,1
DA:46,1
DA:48,1
DA:49,0
DA:50,1
DA:51,0
DA:52,1
DA:53,0
DA:54,1
DA:55,0
DA:60,1
DA:64,1
LF:23
LH:18
BRDA:31,0,0,0
BRDA:31,0,1,1
BRDA:35,1,0,1
BRDA:35,1,1,0
BRDA:39,2,0,0
BRDA:39,2,1,1
BRDA:40,3,0,0
BRDA:40,3,1,1
BRDA:41,4,0,1
BRDA:41,4,1,0
BRDA:46,5,0,1
BRDA:46,5,1,1
BRDA:48,6,0,0
BRDA:48,6,1,1
BRDA:48,7,0,1
BRDA:48,7,1,1
BRDA:50,8,0,0
BRDA:50,8,1,1
BRDA:52,9,0,0
BRDA:52,9,1,1
BRDA:52,10,0,1
BRDA:52,10,1,1
BRDA:54,11,0,0
BRDA:54,11,1,1
BRDA:54,12,0,1
BRDA:54,12,1,1
BRDA:60,13,0,1
BRDA:60,13,1,1
BRF:28
BRH:19
end_of_record
TN:
SF:tests/mocks/vector-types.ts
FNF:0
FNH:0
LF:0
LH:0
BRF:0
BRH:0
end_of_record
TN:
SF:tests/utils/infrastructure-detection.js
FN:13,checkCommand
FN:26,hasKubectl
FN:34,hasKubernetesCluster
FN:53,hasKindCluster
FN:68,isCiEnvironment
FN:80,hasHelm
FN:89,hasHelmDependencies
FN:105,hasDocker
FN:113,hasChaosCRDInstalled
FN:132,skipIfInfrastructureUnavailable
FN:193,describeWithInfrastructure
FN:197,(anonymous_11)
FN:198,(anonymous_12)
FNF:13
FNH:11
FNDA:7,checkCommand
FNDA:5,hasKubectl
FNDA:4,hasKubernetesCluster
FNDA:2,hasKindCluster
FNDA:2,isCiEnvironment
FNDA:2,hasHelm
FNDA:2,hasHelmDependencies
FNDA:0,hasDocker
FNDA:1,hasChaosCRDInstalled
FNDA:2,skipIfInfrastructureUnavailable
FNDA:2,describeWithInfrastructure
FNDA:2,(anonymous_11)
FNDA:0,(anonymous_12)
DA:6,2
DA:14,7
DA:15,7
DA:16,0
DA:18,7
DA:27,5
DA:35,4
DA:37,0
DA:38,0
DA:43,0
DA:45,0
DA:54,2
DA:56,0
DA:57,0
DA:58,0
DA:60,0
DA:69,2
DA:81,2
DA:90,2
DA:92,2
DA:95,0
DA:97,2
DA:106,0
DA:114,1
DA:115,0
DA:116,0
DA:117,0
DA:119,0
DA:133,2
DA:135,2
DA:136,2
DA:139,2
DA:140,2
DA:143,2
DA:144,2
DA:148,2
DA:149,2
DA:153,2
DA:154,1
DA:157,2
DA:158,0
DA:162,2
DA:163,0
DA:167,2
DA:168,1
DA:169,1
DA:170,0
DA:171,0
DA:174,1
DA:178,2
DA:179,2
DA:180,2
DA:181,2
DA:184,0
DA:194,2
DA:196,2
DA:197,2
DA:198,2
DA:199,0
DA:203,0
DA:207,2
LF:61
LH:39
BRDA:35,0,0,4
BRDA:35,0,1,0
BRDA:43,1,0,0
BRDA:43,1,1,0
BRDA:54,2,0,2
BRDA:54,2,1,0
BRDA:58,3,0,0
BRDA:58,3,1,0
BRDA:69,4,0,2
BRDA:69,4,1,2
BRDA:69,4,2,2
BRDA:69,4,3,2
BRDA:69,4,4,2
BRDA:114,5,0,1
BRDA:114,5,1,0
BRDA:132,6,0,0
BRDA:135,7,0,2
BRDA:135,7,1,0
BRDA:135,8,0,2
BRDA:135,8,1,2
BRDA:139,9,0,2
BRDA:139,9,1,0
BRDA:139,10,0,2
BRDA:139,10,1,2
BRDA:143,11,0,2
BRDA:143,11,1,0
BRDA:143,12,0,2
BRDA:143,12,1,2
BRDA:148,13,0,2
BRDA:148,13,1,0
BRDA:148,14,0,2
BRDA:148,14,1,2
BRDA:153,15,0,1
BRDA:153,15,1,1
BRDA:153,16,0,2
BRDA:153,16,1,1
BRDA:157,17,0,0
BRDA:157,17,1,2
BRDA:157,18,0,2
BRDA:157,18,1,0
BRDA:162,19,0,0
BRDA:162,19,1,2
BRDA:162,20,0,2
BRDA:162,20,1,0
BRDA:167,21,0,1
BRDA:167,21,1,1
BRDA:170,22,0,0
BRDA:170,22,1,0
BRDA:170,23,0,0
BRDA:170,23,1,0
BRDA:178,24,0,2
BRDA:178,24,1,0
BRDA:196,25,0,2
BRDA:196,25,1,0
BRF:54
BRH:32
end_of_record
